[ 2017-08-04T07:59:47+08:00 ] 127.0.0.1 /GetName/bbs/
INFO: [ app_init ] --START--
INFO: Run Behavior\BuildLiteBehavior [ RunTime:0.000070s ]
INFO: [ app_init ] --END-- [ RunTime:0.008930s ]
INFO: [ app_begin ] --START--
INFO: Run Behavior\ReadHtmlCacheBehavior [ RunTime:0.010980s ]
INFO: [ app_begin ] --END-- [ RunTime:0.011296s ]
SQL: SHOW COLUMNS FROM `question` [ RunTime:0.0469s ]
SQL: SELECT `qid`,`title`,`answer_num` FROM `question` ORDER BY answer_num desc LIMIT 10   [ RunTime:0.0008s ]
SQL: SHOW COLUMNS FROM `user` [ RunTime:0.0507s ]
SQL: SELECT `face`,`nickname`,`uid`,`answer_num` FROM `user` ORDER BY answer_num desc LIMIT 12   [ RunTime:0.0004s ]
SQL: select t1.*,t2.nickname,t2.face,t3.cname  from question t1 inner join user t2 on t1.uid=t2.uid inner join category t3 on t1.cid=t3.cid where t1.top='1' [ RunTime:0.0298s ]
SQL: select t1.*,t2.nickname,t2.face,t3.cname  from question t1 inner join user t2 on t1.uid=t2.uid inner join category t3 on t1.cid=t3.cid where t1.top<>'1' order by create_time desc limit 5  [ RunTime:0.0047s ]
INFO: [ view_parse ] --START--
INFO: [ template_filter ] --START--
INFO: Run Behavior\ContentReplaceBehavior [ RunTime:0.000519s ]
INFO: [ template_filter ] --END-- [ RunTime:0.000655s ]
NOTIC: [8] Use of undefined constant p - assumed 'p' D:\Program\www\GetName\bbs\App\Runtime\Cache\Home\00e52909bed743ea261af4b6823297ff.php 第 222 行.
INFO: Run Behavior\ParseTemplateBehavior [ RunTime:0.059977s ]
INFO: [ view_parse ] --END-- [ RunTime:0.060166s ]
INFO: [ view_filter ] --START--
INFO: Run Behavior\WriteHtmlCacheBehavior [ RunTime:0.015047s ]
INFO: [ view_filter ] --END-- [ RunTime:0.015312s ]
INFO: [ app_end ] --START--
INFO: Run Behavior\ShowPageTraceBehavior [ RunTime:0.020694s ]
INFO: [ app_end ] --END-- [ RunTime:0.021120s ]

[ 2017-08-04T08:00:54+08:00 ] 127.0.0.1 /GetName/bbs/index.php/home/index/all.html
INFO: [ app_init ] --START--
INFO: Run Behavior\BuildLiteBehavior [ RunTime:0.000027s ]
INFO: [ app_init ] --END-- [ RunTime:0.000374s ]
INFO: [ app_begin ] --START--
INFO: Run Behavior\ReadHtmlCacheBehavior [ RunTime:0.000496s ]
INFO: [ app_begin ] --END-- [ RunTime:0.000614s ]
SQL: select t1.*,t2.nickname,t2.face,t3.cname  from question t1 inner join user t2 on t1.uid=t2.uid inner join category t3 on t1.cid=t3.cid where t1.top='1' [ RunTime:0.0005s ]
SQL: SHOW COLUMNS FROM `question` [ RunTime:0.0037s ]
SQL: SELECT COUNT(*) AS tp_count FROM `question` WHERE ( top<>1 ) LIMIT 1   [ RunTime:0.0004s ]
SQL: select t1.*,t2.nickname,t2.face,t3.cname  from question t1 inner join user t2 on t1.uid=t2.uid inner join category t3 on t1.cid=t3.cid where t1.top<>'1' order by create_time desc limit 0,1 [ RunTime:0.0037s ]
INFO: [ view_parse ] --START--
INFO: [ template_filter ] --START--
INFO: Run Behavior\ContentReplaceBehavior [ RunTime:0.000077s ]
INFO: [ template_filter ] --END-- [ RunTime:0.000175s ]
INFO: Run Behavior\ParseTemplateBehavior [ RunTime:0.008987s ]
INFO: [ view_parse ] --END-- [ RunTime:0.009149s ]
INFO: [ view_filter ] --START--
INFO: Run Behavior\WriteHtmlCacheBehavior [ RunTime:0.000571s ]
INFO: [ view_filter ] --END-- [ RunTime:0.000749s ]
INFO: [ app_end ] --START--
INFO: Run Behavior\ShowPageTraceBehavior [ RunTime:0.000611s ]
INFO: [ app_end ] --END-- [ RunTime:0.000712s ]

[ 2017-08-04T08:00:57+08:00 ] 127.0.0.1 /GetName/bbs/index.php/Home/Index/all/p/2.html
INFO: [ app_init ] --START--
INFO: Run Behavior\BuildLiteBehavior [ RunTime:0.000020s ]
INFO: [ app_init ] --END-- [ RunTime:0.000291s ]
INFO: [ app_begin ] --START--
INFO: Run Behavior\ReadHtmlCacheBehavior [ RunTime:0.000310s ]
INFO: [ app_begin ] --END-- [ RunTime:0.000400s ]
SQL: select t1.*,t2.nickname,t2.face,t3.cname  from question t1 inner join user t2 on t1.uid=t2.uid inner join category t3 on t1.cid=t3.cid where t1.top='1' [ RunTime:0.0009s ]
SQL: SHOW COLUMNS FROM `question` [ RunTime:0.0074s ]
SQL: SELECT COUNT(*) AS tp_count FROM `question` WHERE ( top<>1 ) LIMIT 1   [ RunTime:0.0005s ]
SQL: select t1.*,t2.nickname,t2.face,t3.cname  from question t1 inner join user t2 on t1.uid=t2.uid inner join category t3 on t1.cid=t3.cid where t1.top<>'1' order by create_time desc limit 1,1 [ RunTime:0.0072s ]
INFO: [ view_parse ] --START--
INFO: [ template_filter ] --START--
INFO: Run Behavior\ContentReplaceBehavior [ RunTime:0.000170s ]
INFO: [ template_filter ] --END-- [ RunTime:0.000380s ]
INFO: Run Behavior\ParseTemplateBehavior [ RunTime:0.013848s ]
INFO: [ view_parse ] --END-- [ RunTime:0.014004s ]
INFO: [ view_filter ] --START--
INFO: Run Behavior\WriteHtmlCacheBehavior [ RunTime:0.000240s ]
INFO: [ view_filter ] --END-- [ RunTime:0.000349s ]
INFO: [ app_end ] --START--
INFO: Run Behavior\ShowPageTraceBehavior [ RunTime:0.000471s ]
INFO: [ app_end ] --END-- [ RunTime:0.000626s ]

[ 2017-08-04T08:00:58+08:00 ] 127.0.0.1 /GetName/bbs/index.php/Home/Index/all/p/3.html
INFO: [ app_init ] --START--
INFO: Run Behavior\BuildLiteBehavior [ RunTime:0.000019s ]
INFO: [ app_init ] --END-- [ RunTime:0.000287s ]
INFO: [ app_begin ] --START--
INFO: Run Behavior\ReadHtmlCacheBehavior [ RunTime:0.000375s ]
INFO: [ app_begin ] --END-- [ RunTime:0.000472s ]
SQL: select t1.*,t2.nickname,t2.face,t3.cname  from question t1 inner join user t2 on t1.uid=t2.uid inner join category t3 on t1.cid=t3.cid where t1.top='1' [ RunTime:0.0005s ]
SQL: SHOW COLUMNS FROM `question` [ RunTime:0.0044s ]
SQL: SELECT COUNT(*) AS tp_count FROM `question` WHERE ( top<>1 ) LIMIT 1   [ RunTime:0.0003s ]
SQL: select t1.*,t2.nickname,t2.face,t3.cname  from question t1 inner join user t2 on t1.uid=t2.uid inner join category t3 on t1.cid=t3.cid where t1.top<>'1' order by create_time desc limit 2,1 [ RunTime:0.0036s ]
INFO: [ view_parse ] --START--
INFO: [ template_filter ] --START--
INFO: Run Behavior\ContentReplaceBehavior [ RunTime:0.000076s ]
INFO: [ template_filter ] --END-- [ RunTime:0.000174s ]
INFO: Run Behavior\ParseTemplateBehavior [ RunTime:0.007866s ]
INFO: [ view_parse ] --END-- [ RunTime:0.007962s ]
INFO: [ view_filter ] --START--
INFO: Run Behavior\WriteHtmlCacheBehavior [ RunTime:0.000190s ]
INFO: [ view_filter ] --END-- [ RunTime:0.000281s ]
INFO: [ app_end ] --START--
INFO: Run Behavior\ShowPageTraceBehavior [ RunTime:0.000370s ]
INFO: [ app_end ] --END-- [ RunTime:0.000496s ]

[ 2017-08-04T08:00:58+08:00 ] 127.0.0.1 /GetName/bbs/index.php/Home/Index/all/p/4.html
INFO: [ app_init ] --START--
INFO: Run Behavior\BuildLiteBehavior [ RunTime:0.000020s ]
INFO: [ app_init ] --END-- [ RunTime:0.000308s ]
INFO: [ app_begin ] --START--
INFO: Run Behavior\ReadHtmlCacheBehavior [ RunTime:0.000307s ]
INFO: [ app_begin ] --END-- [ RunTime:0.000401s ]
SQL: select t1.*,t2.nickname,t2.face,t3.cname  from question t1 inner join user t2 on t1.uid=t2.uid inner join category t3 on t1.cid=t3.cid where t1.top='1' [ RunTime:0.0005s ]
SQL: SHOW COLUMNS FROM `question` [ RunTime:0.0046s ]
SQL: SELECT COUNT(*) AS tp_count FROM `question` WHERE ( top<>1 ) LIMIT 1   [ RunTime:0.0003s ]
SQL: select t1.*,t2.nickname,t2.face,t3.cname  from question t1 inner join user t2 on t1.uid=t2.uid inner join category t3 on t1.cid=t3.cid where t1.top<>'1' order by create_time desc limit 3,1 [ RunTime:0.0037s ]
INFO: [ view_parse ] --START--
INFO: [ template_filter ] --START--
INFO: Run Behavior\ContentReplaceBehavior [ RunTime:0.000075s ]
INFO: [ template_filter ] --END-- [ RunTime:0.000172s ]
INFO: Run Behavior\ParseTemplateBehavior [ RunTime:0.007855s ]
INFO: [ view_parse ] --END-- [ RunTime:0.007952s ]
INFO: [ view_filter ] --START--
INFO: Run Behavior\WriteHtmlCacheBehavior [ RunTime:0.000217s ]
INFO: [ view_filter ] --END-- [ RunTime:0.000300s ]
INFO: [ app_end ] --START--
INFO: Run Behavior\ShowPageTraceBehavior [ RunTime:0.000414s ]
INFO: [ app_end ] --END-- [ RunTime:0.000538s ]

[ 2017-08-04T08:00:59+08:00 ] 127.0.0.1 /GetName/bbs/index.php/Home/Index/all/p/6.html
INFO: [ app_init ] --START--
INFO: Run Behavior\BuildLiteBehavior [ RunTime:0.000034s ]
INFO: [ app_init ] --END-- [ RunTime:0.000583s ]
INFO: [ app_begin ] --START--
INFO: Run Behavior\ReadHtmlCacheBehavior [ RunTime:0.000412s ]
INFO: [ app_begin ] --END-- [ RunTime:0.000535s ]
SQL: select t1.*,t2.nickname,t2.face,t3.cname  from question t1 inner join user t2 on t1.uid=t2.uid inner join category t3 on t1.cid=t3.cid where t1.top='1' [ RunTime:0.0005s ]
SQL: SHOW COLUMNS FROM `question` [ RunTime:0.0035s ]
SQL: SELECT COUNT(*) AS tp_count FROM `question` WHERE ( top<>1 ) LIMIT 1   [ RunTime:0.0003s ]
SQL: select t1.*,t2.nickname,t2.face,t3.cname  from question t1 inner join user t2 on t1.uid=t2.uid inner join category t3 on t1.cid=t3.cid where t1.top<>'1' order by create_time desc limit 5,1 [ RunTime:0.0046s ]
INFO: [ view_parse ] --START--
INFO: [ template_filter ] --START--
INFO: Run Behavior\ContentReplaceBehavior [ RunTime:0.000076s ]
INFO: [ template_filter ] --END-- [ RunTime:0.000177s ]
INFO: Run Behavior\ParseTemplateBehavior [ RunTime:0.008652s ]
INFO: [ view_parse ] --END-- [ RunTime:0.008821s ]
INFO: [ view_filter ] --START--
INFO: Run Behavior\WriteHtmlCacheBehavior [ RunTime:0.000317s ]
INFO: [ view_filter ] --END-- [ RunTime:0.000471s ]
INFO: [ app_end ] --START--
INFO: Run Behavior\ShowPageTraceBehavior [ RunTime:0.000600s ]
INFO: [ app_end ] --END-- [ RunTime:0.000782s ]

[ 2017-08-04T08:01:00+08:00 ] 127.0.0.1 /GetName/bbs/index.php/Home/Index/all/p/9.html
INFO: [ app_init ] --START--
INFO: Run Behavior\BuildLiteBehavior [ RunTime:0.000019s ]
INFO: [ app_init ] --END-- [ RunTime:0.000287s ]
INFO: [ app_begin ] --START--
INFO: Run Behavior\ReadHtmlCacheBehavior [ RunTime:0.000308s ]
INFO: [ app_begin ] --END-- [ RunTime:0.000398s ]
SQL: select t1.*,t2.nickname,t2.face,t3.cname  from question t1 inner join user t2 on t1.uid=t2.uid inner join category t3 on t1.cid=t3.cid where t1.top='1' [ RunTime:0.0005s ]
SQL: SHOW COLUMNS FROM `question` [ RunTime:0.0039s ]
SQL: SELECT COUNT(*) AS tp_count FROM `question` WHERE ( top<>1 ) LIMIT 1   [ RunTime:0.0003s ]
SQL: select t1.*,t2.nickname,t2.face,t3.cname  from question t1 inner join user t2 on t1.uid=t2.uid inner join category t3 on t1.cid=t3.cid where t1.top<>'1' order by create_time desc limit 8,1 [ RunTime:0.0033s ]
INFO: [ view_parse ] --START--
INFO: [ template_filter ] --START--
INFO: Run Behavior\ContentReplaceBehavior [ RunTime:0.000076s ]
INFO: [ template_filter ] --END-- [ RunTime:0.000173s ]
INFO: Run Behavior\ParseTemplateBehavior [ RunTime:0.007568s ]
INFO: [ view_parse ] --END-- [ RunTime:0.007661s ]
INFO: [ view_filter ] --START--
INFO: Run Behavior\WriteHtmlCacheBehavior [ RunTime:0.000193s ]
INFO: [ view_filter ] --END-- [ RunTime:0.000281s ]
INFO: [ app_end ] --START--
INFO: Run Behavior\ShowPageTraceBehavior [ RunTime:0.000380s ]
INFO: [ app_end ] --END-- [ RunTime:0.000497s ]

[ 2017-08-04T08:01:01+08:00 ] 127.0.0.1 /GetName/bbs/index.php/Home/Index/all/p/4.html
INFO: [ app_init ] --START--
INFO: Run Behavior\BuildLiteBehavior [ RunTime:0.000023s ]
INFO: [ app_init ] --END-- [ RunTime:0.000362s ]
INFO: [ app_begin ] --START--
INFO: Run Behavior\ReadHtmlCacheBehavior [ RunTime:0.000325s ]
INFO: [ app_begin ] --END-- [ RunTime:0.000418s ]
SQL: select t1.*,t2.nickname,t2.face,t3.cname  from question t1 inner join user t2 on t1.uid=t2.uid inner join category t3 on t1.cid=t3.cid where t1.top='1' [ RunTime:0.0005s ]
SQL: SHOW COLUMNS FROM `question` [ RunTime:0.0038s ]
SQL: SELECT COUNT(*) AS tp_count FROM `question` WHERE ( top<>1 ) LIMIT 1   [ RunTime:0.0003s ]
SQL: select t1.*,t2.nickname,t2.face,t3.cname  from question t1 inner join user t2 on t1.uid=t2.uid inner join category t3 on t1.cid=t3.cid where t1.top<>'1' order by create_time desc limit 3,1 [ RunTime:0.0036s ]
INFO: [ view_parse ] --START--
INFO: [ template_filter ] --START--
INFO: Run Behavior\ContentReplaceBehavior [ RunTime:0.000075s ]
INFO: [ template_filter ] --END-- [ RunTime:0.000174s ]
INFO: Run Behavior\ParseTemplateBehavior [ RunTime:0.007664s ]
INFO: [ view_parse ] --END-- [ RunTime:0.007757s ]
INFO: [ view_filter ] --START--
INFO: Run Behavior\WriteHtmlCacheBehavior [ RunTime:0.000202s ]
INFO: [ view_filter ] --END-- [ RunTime:0.000286s ]
INFO: [ app_end ] --START--
INFO: Run Behavior\ShowPageTraceBehavior [ RunTime:0.000415s ]
INFO: [ app_end ] --END-- [ RunTime:0.000536s ]

