[ 2017-07-30T11:03:38+08:00 ] 127.0.0.1 /GetName/bbs/
INFO: [ app_init ] --START--
INFO: Run Behavior\BuildLiteBehavior [ RunTime:0.000040s ]
INFO: [ app_init ] --END-- [ RunTime:0.001435s ]
INFO: [ app_begin ] --START--
INFO: Run Behavior\ReadHtmlCacheBehavior [ RunTime:0.011337s ]
INFO: [ app_begin ] --END-- [ RunTime:0.011458s ]
INFO: [ view_parse ] --START--
INFO: Run Behavior\ParseTemplateBehavior [ RunTime:0.035507s ]
INFO: [ view_parse ] --END-- [ RunTime:0.035636s ]
INFO: [ view_filter ] --START--
INFO: Run Behavior\WriteHtmlCacheBehavior [ RunTime:0.031743s ]
INFO: [ view_filter ] --END-- [ RunTime:0.031850s ]
INFO: [ app_end ] --START--
INFO: Run Behavior\ShowPageTraceBehavior [ RunTime:0.046839s ]
INFO: [ app_end ] --END-- [ RunTime:0.047047s ]

[ 2017-07-30T11:03:44+08:00 ] 127.0.0.1 /GetName/bbs/index.php?m=home&c=reg&a=index
INFO: [ app_init ] --START--
INFO: Run Behavior\BuildLiteBehavior [ RunTime:0.000024s ]
INFO: [ app_init ] --END-- [ RunTime:0.000547s ]
INFO: [ app_begin ] --START--
INFO: Run Behavior\ReadHtmlCacheBehavior [ RunTime:0.000341s ]
INFO: [ app_begin ] --END-- [ RunTime:0.000433s ]
SQL: SHOW COLUMNS FROM `vercode` [ RunTime:0.0257s ]
SQL: select * from vercode order by rand() limit 1 [ RunTime:0.0016s ]
INFO: [ view_parse ] --START--
INFO: [ template_filter ] --START--
INFO: Run Behavior\ContentReplaceBehavior [ RunTime:0.003559s ]
INFO: [ template_filter ] --END-- [ RunTime:0.003945s ]
INFO: Run Behavior\ParseTemplateBehavior [ RunTime:0.152187s ]
INFO: [ view_parse ] --END-- [ RunTime:0.152744s ]
INFO: [ view_filter ] --START--
INFO: Run Behavior\WriteHtmlCacheBehavior [ RunTime:0.000668s ]
INFO: [ view_filter ] --END-- [ RunTime:0.000928s ]
INFO: [ app_end ] --START--
INFO: Run Behavior\ShowPageTraceBehavior [ RunTime:0.001238s ]
INFO: [ app_end ] --END-- [ RunTime:0.001588s ]

[ 2017-07-30T11:03:47+08:00 ] 127.0.0.1 /GetName/bbs/index.php/home/login/index.html
INFO: [ app_init ] --START--
INFO: Run Behavior\BuildLiteBehavior [ RunTime:0.000020s ]
INFO: [ app_init ] --END-- [ RunTime:0.000299s ]
INFO: [ app_begin ] --START--
INFO: Run Behavior\ReadHtmlCacheBehavior [ RunTime:0.000328s ]
INFO: [ app_begin ] --END-- [ RunTime:0.000418s ]
SQL: SHOW COLUMNS FROM `vercode` [ RunTime:0.0033s ]
SQL: select * from vercode order by rand() limit 1 [ RunTime:0.0005s ]
INFO: [ view_parse ] --START--
INFO: [ template_filter ] --START--
INFO: Run Behavior\ContentReplaceBehavior [ RunTime:0.000081s ]
INFO: [ template_filter ] --END-- [ RunTime:0.000190s ]
INFO: Run Behavior\ParseTemplateBehavior [ RunTime:0.019474s ]
INFO: [ view_parse ] --END-- [ RunTime:0.019612s ]
INFO: [ view_filter ] --START--
INFO: Run Behavior\WriteHtmlCacheBehavior [ RunTime:0.000215s ]
INFO: [ view_filter ] --END-- [ RunTime:0.000299s ]
INFO: [ app_end ] --START--
INFO: Run Behavior\ShowPageTraceBehavior [ RunTime:0.000324s ]
INFO: [ app_end ] --END-- [ RunTime:0.000408s ]

[ 2017-07-30T11:04:27+08:00 ] 127.0.0.1 /GetName/bbs/index.php/home/login/checkdata.html
INFO: [ app_init ] --START--
INFO: Run Behavior\BuildLiteBehavior [ RunTime:0.000021s ]
INFO: [ app_init ] --END-- [ RunTime:0.000323s ]
INFO: [ app_begin ] --START--
INFO: Run Behavior\ReadHtmlCacheBehavior [ RunTime:0.000450s ]
INFO: [ app_begin ] --END-- [ RunTime:0.000537s ]
SQL: SHOW COLUMNS FROM `vercode` [ RunTime:0.0051s ]
SQL: SHOW COLUMNS FROM `user` [ RunTime:0.0438s ]
SQL: SELECT * FROM `user` WHERE `email` = '110@qq.com' AND `password` = 'e10adc3949ba59abbe56e057f20f883e'  [ RunTime:0.0005s ]

[ 2017-07-30T11:04:28+08:00 ] 127.0.0.1 /GetName/bbs/index.php/home/login/checkdata.html
INFO: [ app_init ] --START--
INFO: Run Behavior\BuildLiteBehavior [ RunTime:0.000020s ]
INFO: [ app_init ] --END-- [ RunTime:0.000286s ]
INFO: [ app_begin ] --START--
INFO: Run Behavior\ReadHtmlCacheBehavior [ RunTime:0.000305s ]
INFO: [ app_begin ] --END-- [ RunTime:0.000383s ]
SQL: SHOW COLUMNS FROM `vercode` [ RunTime:0.0054s ]
SQL: SHOW COLUMNS FROM `user` [ RunTime:0.0056s ]
SQL: SELECT * FROM `user` WHERE `email` = '110@qq.com' AND `password` = 'e10adc3949ba59abbe56e057f20f883e'  [ RunTime:0.0004s ]

[ 2017-07-30T11:04:30+08:00 ] 127.0.0.1 /GetName/bbs/index.php/home/login/checkdata.html
INFO: [ app_init ] --START--
INFO: Run Behavior\BuildLiteBehavior [ RunTime:0.000020s ]
INFO: [ app_init ] --END-- [ RunTime:0.000300s ]
INFO: [ app_begin ] --START--
INFO: Run Behavior\ReadHtmlCacheBehavior [ RunTime:0.000298s ]
INFO: [ app_begin ] --END-- [ RunTime:0.000373s ]
SQL: SHOW COLUMNS FROM `vercode` [ RunTime:0.0053s ]
SQL: SHOW COLUMNS FROM `user` [ RunTime:0.0055s ]
SQL: SELECT * FROM `user` WHERE `email` = '110@qq.com' AND `password` = 'e10adc3949ba59abbe56e057f20f883e'  [ RunTime:0.0004s ]

[ 2017-07-30T11:04:31+08:00 ] 127.0.0.1 /GetName/bbs/index.php/home/login/checkdata.html
INFO: [ app_init ] --START--
INFO: Run Behavior\BuildLiteBehavior [ RunTime:0.000031s ]
INFO: [ app_init ] --END-- [ RunTime:0.000444s ]
INFO: [ app_begin ] --START--
INFO: Run Behavior\ReadHtmlCacheBehavior [ RunTime:0.000352s ]
INFO: [ app_begin ] --END-- [ RunTime:0.000437s ]
SQL: SHOW COLUMNS FROM `vercode` [ RunTime:0.0062s ]
SQL: SHOW COLUMNS FROM `user` [ RunTime:0.0064s ]
SQL: SELECT * FROM `user` WHERE `email` = '110@qq.com' AND `password` = 'e10adc3949ba59abbe56e057f20f883e'  [ RunTime:0.0004s ]

[ 2017-07-30T11:04:33+08:00 ] 127.0.0.1 /GetName/bbs/index.php/home/set/index.html
INFO: [ app_init ] --START--
INFO: Run Behavior\BuildLiteBehavior [ RunTime:0.000020s ]
INFO: [ app_init ] --END-- [ RunTime:0.000311s ]
INFO: [ app_begin ] --START--
INFO: Run Behavior\ReadHtmlCacheBehavior [ RunTime:0.000317s ]
INFO: [ app_begin ] --END-- [ RunTime:0.000410s ]
SQL: SHOW COLUMNS FROM `user` [ RunTime:0.0065s ]
SQL: SELECT * FROM `user` WHERE `uid` = 33 LIMIT 1   [ RunTime:0.0004s ]
INFO: [ view_parse ] --START--
INFO: [ template_filter ] --START--
INFO: Run Behavior\ContentReplaceBehavior [ RunTime:0.000096s ]
INFO: [ template_filter ] --END-- [ RunTime:0.000212s ]
INFO: Run Behavior\ParseTemplateBehavior [ RunTime:0.030046s ]
INFO: [ view_parse ] --END-- [ RunTime:0.030160s ]
INFO: [ view_filter ] --START--
INFO: Run Behavior\WriteHtmlCacheBehavior [ RunTime:0.000258s ]
INFO: [ view_filter ] --END-- [ RunTime:0.000340s ]
INFO: [ app_end ] --START--
INFO: Run Behavior\ShowPageTraceBehavior [ RunTime:0.000511s ]
INFO: [ app_end ] --END-- [ RunTime:0.000651s ]

[ 2017-07-30T11:09:06+08:00 ] 127.0.0.1 /GetName/bbs/index.php/home/set/checkdata.html
INFO: [ app_init ] --START--
INFO: Run Behavior\BuildLiteBehavior [ RunTime:0.000021s ]
INFO: [ app_init ] --END-- [ RunTime:0.000369s ]
INFO: [ app_begin ] --START--
INFO: Run Behavior\ReadHtmlCacheBehavior [ RunTime:0.000379s ]
INFO: [ app_begin ] --END-- [ RunTime:0.000473s ]
SQL: SHOW COLUMNS FROM `user` [ RunTime:0.0059s ]
SQL: SELECT * FROM `user` WHERE `uid` = 33 LIMIT 1   [ RunTime:0.0005s ]
SQL: SHOW COLUMNS FROM `user` [ RunTime:0.0060s ]
NOTIC: [8] Undefined index: validate D:\Program\www\GetName\bbs\ThinkPHP\Library\Think\Model.class.php 第 1185 行.
SQL: SELECT * FROM `user` WHERE `email` = '110@qq.com' LIMIT 1   [ RunTime:0.0004s ]

[ 2017-07-30T11:09:15+08:00 ] 127.0.0.1 /GetName/bbs/index.php/home/set/checkdata.html
INFO: [ app_init ] --START--
INFO: Run Behavior\BuildLiteBehavior [ RunTime:0.000024s ]
INFO: [ app_init ] --END-- [ RunTime:0.000366s ]
INFO: [ app_begin ] --START--
INFO: Run Behavior\ReadHtmlCacheBehavior [ RunTime:0.000467s ]
INFO: [ app_begin ] --END-- [ RunTime:0.000576s ]
SQL: SHOW COLUMNS FROM `user` [ RunTime:0.0252s ]
SQL: SELECT * FROM `user` WHERE `uid` = 33 LIMIT 1   [ RunTime:0.0006s ]
SQL: SHOW COLUMNS FROM `user` [ RunTime:0.0062s ]
NOTIC: [8] Undefined index: validate D:\Program\www\GetName\bbs\ThinkPHP\Library\Think\Model.class.php 第 1185 行.
SQL: SELECT * FROM `user` WHERE `email` = '1110@qq.com' LIMIT 1   [ RunTime:0.0003s ]
SQL: SELECT * FROM `user` WHERE `nickname` = 'bsan23' LIMIT 1   [ RunTime:0.0003s ]
NOTIC: [8] Undefined index: auto D:\Program\www\GetName\bbs\ThinkPHP\Library\Think\Model.class.php 第 1128 行.
NOTIC: [8] Undefined variable: user D:\Program\www\GetName\bbs\App\Home\Controller\SetController.class.php 第 26 行.
INFO: [ app_end ] --START--
INFO: Run Behavior\ShowPageTraceBehavior [ RunTime:0.000470s ]
INFO: [ app_end ] --END-- [ RunTime:0.000545s ]

[ 2017-07-30T11:09:20+08:00 ] 127.0.0.1 /GetName/bbs/index.php/home/set/checkdata.html
INFO: [ app_init ] --START--
INFO: Run Behavior\BuildLiteBehavior [ RunTime:0.000031s ]
INFO: [ app_init ] --END-- [ RunTime:0.000405s ]
INFO: [ app_begin ] --START--
INFO: Run Behavior\ReadHtmlCacheBehavior [ RunTime:0.000390s ]
INFO: [ app_begin ] --END-- [ RunTime:0.000494s ]
SQL: SHOW COLUMNS FROM `user` [ RunTime:0.0070s ]
SQL: SELECT * FROM `user` WHERE `uid` = 33 LIMIT 1   [ RunTime:0.0005s ]
SQL: SHOW COLUMNS FROM `user` [ RunTime:0.0066s ]
NOTIC: [8] Undefined index: validate D:\Program\www\GetName\bbs\ThinkPHP\Library\Think\Model.class.php 第 1185 行.
SQL: SELECT * FROM `user` WHERE `email` = '1110@qq.com' LIMIT 1   [ RunTime:0.0006s ]
SQL: SELECT * FROM `user` WHERE `nickname` = 'bsan23' LIMIT 1   [ RunTime:0.0006s ]
NOTIC: [8] Undefined index: auto D:\Program\www\GetName\bbs\ThinkPHP\Library\Think\Model.class.php 第 1128 行.
NOTIC: [8] Undefined variable: user D:\Program\www\GetName\bbs\App\Home\Controller\SetController.class.php 第 26 行.
INFO: [ app_end ] --START--
INFO: Run Behavior\ShowPageTraceBehavior [ RunTime:0.000634s ]
INFO: [ app_end ] --END-- [ RunTime:0.000770s ]

[ 2017-07-30T11:11:55+08:00 ] 127.0.0.1 /GetName/bbs/index.php/home/set/checkdata.html
INFO: [ app_init ] --START--
INFO: Run Behavior\BuildLiteBehavior [ RunTime:0.000034s ]
INFO: [ app_init ] --END-- [ RunTime:0.000566s ]
INFO: [ app_begin ] --START--
INFO: Run Behavior\ReadHtmlCacheBehavior [ RunTime:0.000746s ]
INFO: [ app_begin ] --END-- [ RunTime:0.000900s ]
SQL: SHOW COLUMNS FROM `user` [ RunTime:0.0093s ]
SQL: SELECT * FROM `user` WHERE `uid` = 33 LIMIT 1   [ RunTime:0.0007s ]
SQL: SHOW COLUMNS FROM `user` [ RunTime:0.0123s ]
NOTIC: [8] Undefined index: validate D:\Program\www\GetName\bbs\ThinkPHP\Library\Think\Model.class.php 第 1185 行.
SQL: SELECT * FROM `user` WHERE `email` = '1110@qq.com' LIMIT 1   [ RunTime:0.0005s ]
SQL: SELECT * FROM `user` WHERE `nickname` = 'bsan23' LIMIT 1   [ RunTime:0.0005s ]
NOTIC: [8] Undefined index: auto D:\Program\www\GetName\bbs\ThinkPHP\Library\Think\Model.class.php 第 1128 行.
INFO: [ app_end ] --START--
INFO: Run Behavior\ShowPageTraceBehavior [ RunTime:0.000758s ]
INFO: [ app_end ] --END-- [ RunTime:0.000892s ]

[ 2017-07-30T11:15:03+08:00 ] 127.0.0.1 /GetName/bbs/index.php/home/set/checkdata.html
INFO: [ app_init ] --START--
INFO: Run Behavior\BuildLiteBehavior [ RunTime:0.000035s ]
INFO: [ app_init ] --END-- [ RunTime:0.000545s ]
INFO: [ app_begin ] --START--
INFO: Run Behavior\ReadHtmlCacheBehavior [ RunTime:0.000433s ]
INFO: [ app_begin ] --END-- [ RunTime:0.000570s ]
SQL: SHOW COLUMNS FROM `user` [ RunTime:0.0066s ]
SQL: SELECT * FROM `user` WHERE `uid` = 33 LIMIT 1   [ RunTime:0.0008s ]
SQL: SHOW COLUMNS FROM `user` [ RunTime:0.0062s ]
NOTIC: [8] Undefined index: validate D:\Program\www\GetName\bbs\ThinkPHP\Library\Think\Model.class.php 第 1185 行.
SQL: SELECT * FROM `user` WHERE `email` = '1110@qq.com' LIMIT 1   [ RunTime:0.0004s ]
SQL: SELECT * FROM `user` WHERE `nickname` = 'bsan23' LIMIT 1   [ RunTime:0.0003s ]
NOTIC: [8] Undefined index: auto D:\Program\www\GetName\bbs\ThinkPHP\Library\Think\Model.class.php 第 1128 行.
INFO: [ app_end ] --START--
INFO: Run Behavior\ShowPageTraceBehavior [ RunTime:0.000473s ]
INFO: [ app_end ] --END-- [ RunTime:0.000548s ]

[ 2017-07-30T15:48:14+08:00 ] 127.0.0.1 /GetName/bbs/index.php/home/set/checkdata.html
INFO: [ app_init ] --START--
INFO: Run Behavior\BuildLiteBehavior [ RunTime:0.000024s ]
INFO: [ app_init ] --END-- [ RunTime:0.000417s ]
INFO: [ app_begin ] --START--
INFO: Run Behavior\ReadHtmlCacheBehavior [ RunTime:0.000424s ]
INFO: [ app_begin ] --END-- [ RunTime:0.000511s ]
SQL: SHOW COLUMNS FROM `user` [ RunTime:0.0076s ]
SQL: SELECT * FROM `user` WHERE `uid` = 33 LIMIT 1   [ RunTime:0.0007s ]
SQL: SHOW COLUMNS FROM `user` [ RunTime:0.0065s ]
NOTIC: [8] Undefined index: validate D:\Program\www\GetName\bbs\ThinkPHP\Library\Think\Model.class.php 第 1185 行.
SQL: SELECT * FROM `user` WHERE `email` = '1110@qq.com' LIMIT 1   [ RunTime:0.0005s ]
SQL: SELECT * FROM `user` WHERE `nickname` = 'bsan23' LIMIT 1   [ RunTime:0.0003s ]
NOTIC: [8] Undefined index: auto D:\Program\www\GetName\bbs\ThinkPHP\Library\Think\Model.class.php 第 1128 行.
SQL: SELECT * FROM `user` WHERE `email` = '110@qq.com' AND `uid` <> '33'  [ RunTime:0.0003s ]
INFO: [ app_end ] --START--
INFO: Run Behavior\ShowPageTraceBehavior [ RunTime:0.000673s ]
INFO: [ app_end ] --END-- [ RunTime:0.000802s ]

[ 2017-07-30T18:00:27+08:00 ] 127.0.0.1 /GetName/bbs/
INFO: [ app_init ] --START--
INFO: Run Behavior\BuildLiteBehavior [ RunTime:0.000019s ]
INFO: [ app_init ] --END-- [ RunTime:0.000346s ]
INFO: [ app_begin ] --START--
INFO: Run Behavior\ReadHtmlCacheBehavior [ RunTime:0.000383s ]
INFO: [ app_begin ] --END-- [ RunTime:0.000471s ]
INFO: [ view_parse ] --START--
INFO: Run Behavior\ParseTemplateBehavior [ RunTime:0.000748s ]
INFO: [ view_parse ] --END-- [ RunTime:0.000877s ]
INFO: [ view_filter ] --START--
INFO: Run Behavior\WriteHtmlCacheBehavior [ RunTime:0.000615s ]
INFO: [ view_filter ] --END-- [ RunTime:0.000741s ]
INFO: [ app_end ] --START--
INFO: Run Behavior\ShowPageTraceBehavior [ RunTime:0.000902s ]
INFO: [ app_end ] --END-- [ RunTime:0.001017s ]

[ 2017-07-30T18:00:30+08:00 ] 127.0.0.1 /GetName/bbs/index.php?m=home&c=reg&a=index
INFO: [ app_init ] --START--
INFO: Run Behavior\BuildLiteBehavior [ RunTime:0.000024s ]
INFO: [ app_init ] --END-- [ RunTime:0.000318s ]
INFO: [ app_begin ] --START--
INFO: Run Behavior\ReadHtmlCacheBehavior [ RunTime:0.000318s ]
INFO: [ app_begin ] --END-- [ RunTime:0.000407s ]
SQL: SHOW COLUMNS FROM `vercode` [ RunTime:0.0547s ]
SQL: select * from vercode order by rand() limit 1 [ RunTime:0.0010s ]
INFO: [ view_parse ] --START--
INFO: [ template_filter ] --START--
INFO: Run Behavior\ContentReplaceBehavior [ RunTime:0.000210s ]
INFO: [ template_filter ] --END-- [ RunTime:0.000493s ]
INFO: Run Behavior\ParseTemplateBehavior [ RunTime:0.014543s ]
INFO: [ view_parse ] --END-- [ RunTime:0.014771s ]
INFO: [ view_filter ] --START--
INFO: Run Behavior\WriteHtmlCacheBehavior [ RunTime:0.000459s ]
INFO: [ view_filter ] --END-- [ RunTime:0.000649s ]
INFO: [ app_end ] --START--
INFO: Run Behavior\ShowPageTraceBehavior [ RunTime:0.000905s ]
INFO: [ app_end ] --END-- [ RunTime:0.001173s ]

[ 2017-07-30T18:06:55+08:00 ] 127.0.0.1 /GetName/bbs/index.php/home/login/index.html
INFO: [ app_init ] --START--
INFO: Run Behavior\BuildLiteBehavior [ RunTime:0.000019s ]
INFO: [ app_init ] --END-- [ RunTime:0.000319s ]
INFO: [ app_begin ] --START--
INFO: Run Behavior\ReadHtmlCacheBehavior [ RunTime:0.000380s ]
INFO: [ app_begin ] --END-- [ RunTime:0.000474s ]
SQL: SHOW COLUMNS FROM `vercode` [ RunTime:0.0059s ]
SQL: select * from vercode order by rand() limit 1 [ RunTime:0.0010s ]
INFO: [ view_parse ] --START--
INFO: [ template_filter ] --START--
INFO: Run Behavior\ContentReplaceBehavior [ RunTime:0.000077s ]
INFO: [ template_filter ] --END-- [ RunTime:0.000174s ]
INFO: Run Behavior\ParseTemplateBehavior [ RunTime:0.006852s ]
INFO: [ view_parse ] --END-- [ RunTime:0.006965s ]
INFO: [ view_filter ] --START--
INFO: Run Behavior\WriteHtmlCacheBehavior [ RunTime:0.000255s ]
INFO: [ view_filter ] --END-- [ RunTime:0.000337s ]
INFO: [ app_end ] --START--
INFO: Run Behavior\ShowPageTraceBehavior [ RunTime:0.000374s ]
INFO: [ app_end ] --END-- [ RunTime:0.000461s ]

[ 2017-07-30T18:07:09+08:00 ] 127.0.0.1 /GetName/bbs/index.php/home/login/checkdata.html
INFO: [ app_init ] --START--
INFO: Run Behavior\BuildLiteBehavior [ RunTime:0.000019s ]
INFO: [ app_init ] --END-- [ RunTime:0.000295s ]
INFO: [ app_begin ] --START--
INFO: Run Behavior\ReadHtmlCacheBehavior [ RunTime:0.000315s ]
INFO: [ app_begin ] --END-- [ RunTime:0.000393s ]
SQL: SHOW COLUMNS FROM `vercode` [ RunTime:0.0063s ]
SQL: SHOW COLUMNS FROM `user` [ RunTime:0.0287s ]
SQL: SELECT * FROM `user` WHERE `email` = '110@qq.com' AND `password` = 'e10adc3949ba59abbe56e057f20f883e'  [ RunTime:0.0006s ]

[ 2017-07-30T18:07:11+08:00 ] 127.0.0.1 /GetName/bbs/index.php/home/set/index.html
INFO: [ app_init ] --START--
INFO: Run Behavior\BuildLiteBehavior [ RunTime:0.000026s ]
INFO: [ app_init ] --END-- [ RunTime:0.000349s ]
INFO: [ app_begin ] --START--
INFO: Run Behavior\ReadHtmlCacheBehavior [ RunTime:0.000324s ]
INFO: [ app_begin ] --END-- [ RunTime:0.000416s ]
SQL: SHOW COLUMNS FROM `user` [ RunTime:0.0063s ]
SQL: SELECT * FROM `user` WHERE `uid` = 33 LIMIT 1   [ RunTime:0.0004s ]
INFO: [ view_parse ] --START--
INFO: [ template_filter ] --START--
INFO: Run Behavior\ContentReplaceBehavior [ RunTime:0.000139s ]
INFO: [ template_filter ] --END-- [ RunTime:0.000253s ]
INFO: Run Behavior\ParseTemplateBehavior [ RunTime:0.007502s ]
INFO: [ view_parse ] --END-- [ RunTime:0.007672s ]
INFO: [ view_filter ] --START--
INFO: Run Behavior\WriteHtmlCacheBehavior [ RunTime:0.000259s ]
INFO: [ view_filter ] --END-- [ RunTime:0.000364s ]
INFO: [ app_end ] --START--
INFO: Run Behavior\ShowPageTraceBehavior [ RunTime:0.000409s ]
INFO: [ app_end ] --END-- [ RunTime:0.000534s ]

[ 2017-07-30T22:18:27+08:00 ] 127.0.0.1 /GetName/bbs/index.php/home/set/checkdata.html
INFO: [ app_init ] --START--
INFO: Run Behavior\BuildLiteBehavior [ RunTime:0.000113s ]
INFO: [ app_init ] --END-- [ RunTime:0.000725s ]
INFO: [ app_begin ] --START--
INFO: Run Behavior\ReadHtmlCacheBehavior [ RunTime:0.000926s ]
INFO: [ app_begin ] --END-- [ RunTime:0.001698s ]
SQL: SHOW COLUMNS FROM `user` [ RunTime:0.0541s ]
SQL: SELECT * FROM `user` WHERE `uid` = 33 LIMIT 1   [ RunTime:0.0008s ]
SQL: SHOW COLUMNS FROM `user` [ RunTime:0.0514s ]
NOTIC: [8] Undefined index: validate D:\Program\www\GetName\bbs\ThinkPHP\Library\Think\Model.class.php 第 1185 行.
SQL: SELECT * FROM `user` WHERE `email` = '110@qq.com' LIMIT 1   [ RunTime:0.0004s ]

[ 2017-07-30T22:40:37+08:00 ] 127.0.0.1 /GetName/bbs/index.php/home/set/index.html
INFO: [ app_init ] --START--
INFO: Run Behavior\BuildLiteBehavior [ RunTime:0.000022s ]
INFO: [ app_init ] --END-- [ RunTime:0.000349s ]
INFO: [ app_begin ] --START--
INFO: Run Behavior\ReadHtmlCacheBehavior [ RunTime:0.000405s ]
INFO: [ app_begin ] --END-- [ RunTime:0.000496s ]

[ 2017-07-30T22:40:37+08:00 ] 127.0.0.1 /GetName/bbs/index.php/home/set/index.html
INFO: [ app_init ] --START--
INFO: Run Behavior\BuildLiteBehavior [ RunTime:0.000021s ]
INFO: [ app_init ] --END-- [ RunTime:0.000311s ]
INFO: [ app_begin ] --START--
INFO: Run Behavior\ReadHtmlCacheBehavior [ RunTime:0.000321s ]
INFO: [ app_begin ] --END-- [ RunTime:0.000414s ]

[ 2017-07-30T22:40:37+08:00 ] 127.0.0.1 /GetName/bbs/index.php/home/set/index.html
INFO: [ app_init ] --START--
INFO: Run Behavior\BuildLiteBehavior [ RunTime:0.000020s ]
INFO: [ app_init ] --END-- [ RunTime:0.000317s ]
INFO: [ app_begin ] --START--
INFO: Run Behavior\ReadHtmlCacheBehavior [ RunTime:0.000358s ]
INFO: [ app_begin ] --END-- [ RunTime:0.000462s ]

[ 2017-07-30T22:40:37+08:00 ] 127.0.0.1 /GetName/bbs/index.php/home/set/index.html
INFO: [ app_init ] --START--
INFO: Run Behavior\BuildLiteBehavior [ RunTime:0.000019s ]
INFO: [ app_init ] --END-- [ RunTime:0.000309s ]
INFO: [ app_begin ] --START--
INFO: Run Behavior\ReadHtmlCacheBehavior [ RunTime:0.000316s ]
INFO: [ app_begin ] --END-- [ RunTime:0.000406s ]

[ 2017-07-30T22:40:37+08:00 ] 127.0.0.1 /GetName/bbs/index.php/home/set/index.html
INFO: [ app_init ] --START--
INFO: Run Behavior\BuildLiteBehavior [ RunTime:0.000022s ]
INFO: [ app_init ] --END-- [ RunTime:0.000297s ]
INFO: [ app_begin ] --START--
INFO: Run Behavior\ReadHtmlCacheBehavior [ RunTime:0.000324s ]
INFO: [ app_begin ] --END-- [ RunTime:0.000418s ]

[ 2017-07-30T22:40:55+08:00 ] 127.0.0.1 /GetName/bbs/index.php/home/set/index.html
INFO: [ app_init ] --START--
INFO: Run Behavior\BuildLiteBehavior [ RunTime:0.000023s ]
INFO: [ app_init ] --END-- [ RunTime:0.000416s ]
INFO: [ app_begin ] --START--
INFO: Run Behavior\ReadHtmlCacheBehavior [ RunTime:0.000404s ]
INFO: [ app_begin ] --END-- [ RunTime:0.000497s ]

[ 2017-07-30T22:40:56+08:00 ] 127.0.0.1 /GetName/bbs/index.php/home/set/index.html
INFO: [ app_init ] --START--
INFO: Run Behavior\BuildLiteBehavior [ RunTime:0.000019s ]
INFO: [ app_init ] --END-- [ RunTime:0.000305s ]
INFO: [ app_begin ] --START--
INFO: Run Behavior\ReadHtmlCacheBehavior [ RunTime:0.000312s ]
INFO: [ app_begin ] --END-- [ RunTime:0.000402s ]

[ 2017-07-30T22:40:56+08:00 ] 127.0.0.1 /GetName/bbs/index.php/home/set/index.html
INFO: [ app_init ] --START--
INFO: Run Behavior\BuildLiteBehavior [ RunTime:0.000022s ]
INFO: [ app_init ] --END-- [ RunTime:0.000330s ]
INFO: [ app_begin ] --START--
INFO: Run Behavior\ReadHtmlCacheBehavior [ RunTime:0.000455s ]
INFO: [ app_begin ] --END-- [ RunTime:0.000564s ]

[ 2017-07-30T22:40:56+08:00 ] 127.0.0.1 /GetName/bbs/index.php/home/set/index.html
INFO: [ app_init ] --START--
INFO: Run Behavior\BuildLiteBehavior [ RunTime:0.000035s ]
INFO: [ app_init ] --END-- [ RunTime:0.000595s ]
INFO: [ app_begin ] --START--
INFO: Run Behavior\ReadHtmlCacheBehavior [ RunTime:0.000712s ]
INFO: [ app_begin ] --END-- [ RunTime:0.000902s ]

[ 2017-07-30T22:40:56+08:00 ] 127.0.0.1 /GetName/bbs/index.php/home/set/index.html
INFO: [ app_init ] --START--
INFO: Run Behavior\BuildLiteBehavior [ RunTime:0.000022s ]
INFO: [ app_init ] --END-- [ RunTime:0.000364s ]
INFO: [ app_begin ] --START--
INFO: Run Behavior\ReadHtmlCacheBehavior [ RunTime:0.000348s ]
INFO: [ app_begin ] --END-- [ RunTime:0.000442s ]

[ 2017-07-30T22:41:24+08:00 ] 127.0.0.1 /GetName/bbs/index.php/home/set/index.html
INFO: [ app_init ] --START--
INFO: Run Behavior\BuildLiteBehavior [ RunTime:0.000025s ]
INFO: [ app_init ] --END-- [ RunTime:0.000459s ]
INFO: [ app_begin ] --START--
INFO: Run Behavior\ReadHtmlCacheBehavior [ RunTime:0.000629s ]
INFO: [ app_begin ] --END-- [ RunTime:0.000793s ]

[ 2017-07-30T22:41:25+08:00 ] 127.0.0.1 /GetName/bbs/index.php/home/set/index.html
INFO: [ app_init ] --START--
INFO: Run Behavior\BuildLiteBehavior [ RunTime:0.000019s ]
INFO: [ app_init ] --END-- [ RunTime:0.000297s ]
INFO: [ app_begin ] --START--
INFO: Run Behavior\ReadHtmlCacheBehavior [ RunTime:0.000314s ]
INFO: [ app_begin ] --END-- [ RunTime:0.000408s ]

[ 2017-07-30T22:41:25+08:00 ] 127.0.0.1 /GetName/bbs/index.php/home/set/index.html
INFO: [ app_init ] --START--
INFO: Run Behavior\BuildLiteBehavior [ RunTime:0.000024s ]
INFO: [ app_init ] --END-- [ RunTime:0.000490s ]
INFO: [ app_begin ] --START--
INFO: Run Behavior\ReadHtmlCacheBehavior [ RunTime:0.000399s ]
INFO: [ app_begin ] --END-- [ RunTime:0.000503s ]

[ 2017-07-30T22:41:25+08:00 ] 127.0.0.1 /GetName/bbs/index.php/home/set/index.html
INFO: [ app_init ] --START--
INFO: Run Behavior\BuildLiteBehavior [ RunTime:0.000020s ]
INFO: [ app_init ] --END-- [ RunTime:0.000301s ]
INFO: [ app_begin ] --START--
INFO: Run Behavior\ReadHtmlCacheBehavior [ RunTime:0.000336s ]
INFO: [ app_begin ] --END-- [ RunTime:0.000432s ]

[ 2017-07-30T22:41:26+08:00 ] 127.0.0.1 /GetName/bbs/index.php/home/set/index.html
INFO: [ app_init ] --START--
INFO: Run Behavior\BuildLiteBehavior [ RunTime:0.000022s ]
INFO: [ app_init ] --END-- [ RunTime:0.000308s ]
INFO: [ app_begin ] --START--
INFO: Run Behavior\ReadHtmlCacheBehavior [ RunTime:0.000398s ]
INFO: [ app_begin ] --END-- [ RunTime:0.000517s ]

[ 2017-07-30T22:41:26+08:00 ] 127.0.0.1 /GetName/bbs/index.php/home/set/index.html
INFO: [ app_init ] --START--
INFO: Run Behavior\BuildLiteBehavior [ RunTime:0.000027s ]
INFO: [ app_init ] --END-- [ RunTime:0.000417s ]
INFO: [ app_begin ] --START--
INFO: Run Behavior\ReadHtmlCacheBehavior [ RunTime:0.000443s ]
INFO: [ app_begin ] --END-- [ RunTime:0.000549s ]

[ 2017-07-30T22:41:50+08:00 ] 127.0.0.1 /GetName/bbs/index.php/home/set/index.html
INFO: [ app_init ] --START--
INFO: Run Behavior\BuildLiteBehavior [ RunTime:0.000031s ]
INFO: [ app_init ] --END-- [ RunTime:0.000446s ]
INFO: [ app_begin ] --START--
INFO: Run Behavior\ReadHtmlCacheBehavior [ RunTime:0.000554s ]
INFO: [ app_begin ] --END-- [ RunTime:0.000668s ]

[ 2017-07-30T22:41:50+08:00 ] 127.0.0.1 /GetName/bbs/index.php/home/set/index.html
INFO: [ app_init ] --START--
INFO: Run Behavior\BuildLiteBehavior [ RunTime:0.000046s ]
INFO: [ app_init ] --END-- [ RunTime:0.000716s ]
INFO: [ app_begin ] --START--
INFO: Run Behavior\ReadHtmlCacheBehavior [ RunTime:0.000637s ]
INFO: [ app_begin ] --END-- [ RunTime:0.000790s ]

[ 2017-07-30T22:41:51+08:00 ] 127.0.0.1 /GetName/bbs/index.php/home/set/index.html
INFO: [ app_init ] --START--
INFO: Run Behavior\BuildLiteBehavior [ RunTime:0.000040s ]
INFO: [ app_init ] --END-- [ RunTime:0.000601s ]
INFO: [ app_begin ] --START--
INFO: Run Behavior\ReadHtmlCacheBehavior [ RunTime:0.000456s ]
INFO: [ app_begin ] --END-- [ RunTime:0.000611s ]

[ 2017-07-30T22:41:51+08:00 ] 127.0.0.1 /GetName/bbs/index.php/home/set/index.html
INFO: [ app_init ] --START--
INFO: Run Behavior\BuildLiteBehavior [ RunTime:0.000023s ]
INFO: [ app_init ] --END-- [ RunTime:0.000408s ]
INFO: [ app_begin ] --START--
INFO: Run Behavior\ReadHtmlCacheBehavior [ RunTime:0.000374s ]
INFO: [ app_begin ] --END-- [ RunTime:0.000476s ]

[ 2017-07-30T22:41:51+08:00 ] 127.0.0.1 /GetName/bbs/index.php/home/set/index.html
INFO: [ app_init ] --START--
INFO: Run Behavior\BuildLiteBehavior [ RunTime:0.000020s ]
INFO: [ app_init ] --END-- [ RunTime:0.000315s ]
INFO: [ app_begin ] --START--
INFO: Run Behavior\ReadHtmlCacheBehavior [ RunTime:0.000454s ]
INFO: [ app_begin ] --END-- [ RunTime:0.000573s ]

[ 2017-07-30T22:41:51+08:00 ] 127.0.0.1 /GetName/bbs/index.php/home/set/index.html
INFO: [ app_init ] --START--
INFO: Run Behavior\BuildLiteBehavior [ RunTime:0.000032s ]
INFO: [ app_init ] --END-- [ RunTime:0.000467s ]
INFO: [ app_begin ] --START--
INFO: Run Behavior\ReadHtmlCacheBehavior [ RunTime:0.000578s ]
INFO: [ app_begin ] --END-- [ RunTime:0.000754s ]

[ 2017-07-30T22:42:00+08:00 ] 127.0.0.1 /GetName/bbs/index.php/home/set/index.html
INFO: [ app_init ] --START--
INFO: Run Behavior\BuildLiteBehavior [ RunTime:0.000033s ]
INFO: [ app_init ] --END-- [ RunTime:0.000511s ]
INFO: [ app_begin ] --START--
INFO: Run Behavior\ReadHtmlCacheBehavior [ RunTime:0.000560s ]
INFO: [ app_begin ] --END-- [ RunTime:0.000715s ]

[ 2017-07-30T22:42:01+08:00 ] 127.0.0.1 /GetName/bbs/index.php/home/set/index.html
INFO: [ app_init ] --START--
INFO: Run Behavior\BuildLiteBehavior [ RunTime:0.000043s ]
INFO: [ app_init ] --END-- [ RunTime:0.000652s ]
INFO: [ app_begin ] --START--
INFO: Run Behavior\ReadHtmlCacheBehavior [ RunTime:0.000932s ]
INFO: [ app_begin ] --END-- [ RunTime:0.001199s ]

[ 2017-07-30T22:42:06+08:00 ] 127.0.0.1 /GetName/bbs/index.php/home/set/index.html
INFO: [ app_init ] --START--
INFO: Run Behavior\BuildLiteBehavior [ RunTime:0.000022s ]
INFO: [ app_init ] --END-- [ RunTime:0.000468s ]
INFO: [ app_begin ] --START--
INFO: Run Behavior\ReadHtmlCacheBehavior [ RunTime:0.000693s ]
INFO: [ app_begin ] --END-- [ RunTime:0.000864s ]

[ 2017-07-30T22:42:07+08:00 ] 127.0.0.1 /GetName/bbs/index.php/home/set/index.html
INFO: [ app_init ] --START--
INFO: Run Behavior\BuildLiteBehavior [ RunTime:0.000022s ]
INFO: [ app_init ] --END-- [ RunTime:0.000333s ]
INFO: [ app_begin ] --START--
INFO: Run Behavior\ReadHtmlCacheBehavior [ RunTime:0.000384s ]
INFO: [ app_begin ] --END-- [ RunTime:0.000485s ]

[ 2017-07-30T22:42:07+08:00 ] 127.0.0.1 /GetName/bbs/index.php/home/set/index.html
INFO: [ app_init ] --START--
INFO: Run Behavior\BuildLiteBehavior [ RunTime:0.000022s ]
INFO: [ app_init ] --END-- [ RunTime:0.000385s ]
INFO: [ app_begin ] --START--
INFO: Run Behavior\ReadHtmlCacheBehavior [ RunTime:0.000700s ]
INFO: [ app_begin ] --END-- [ RunTime:0.000865s ]

[ 2017-07-30T22:42:52+08:00 ] 127.0.0.1 /GetName/bbs/index.php/home/set/index.html
INFO: [ app_init ] --START--
INFO: Run Behavior\BuildLiteBehavior [ RunTime:0.000020s ]
INFO: [ app_init ] --END-- [ RunTime:0.000340s ]
INFO: [ app_begin ] --START--
INFO: Run Behavior\ReadHtmlCacheBehavior [ RunTime:0.000391s ]
INFO: [ app_begin ] --END-- [ RunTime:0.000482s ]
SQL: SHOW COLUMNS FROM `user` [ RunTime:0.0061s ]
SQL: SELECT * FROM `user` WHERE `uid` = 33 LIMIT 1   [ RunTime:0.0004s ]
INFO: [ view_parse ] --START--
INFO: [ template_filter ] --START--
INFO: Run Behavior\ContentReplaceBehavior [ RunTime:0.000101s ]
INFO: [ template_filter ] --END-- [ RunTime:0.000207s ]
INFO: Run Behavior\ParseTemplateBehavior [ RunTime:0.008278s ]
INFO: [ view_parse ] --END-- [ RunTime:0.008396s ]
INFO: [ view_filter ] --START--
INFO: Run Behavior\WriteHtmlCacheBehavior [ RunTime:0.000277s ]
INFO: [ view_filter ] --END-- [ RunTime:0.000365s ]
INFO: [ app_end ] --START--
INFO: Run Behavior\ShowPageTraceBehavior [ RunTime:0.000516s ]
INFO: [ app_end ] --END-- [ RunTime:0.000625s ]

[ 2017-07-30T22:42:53+08:00 ] 127.0.0.1 /GetName/bbs/index.php/home/set/index.html
INFO: [ app_init ] --START--
INFO: Run Behavior\BuildLiteBehavior [ RunTime:0.000022s ]
INFO: [ app_init ] --END-- [ RunTime:0.000398s ]
INFO: [ app_begin ] --START--
INFO: Run Behavior\ReadHtmlCacheBehavior [ RunTime:0.000336s ]
INFO: [ app_begin ] --END-- [ RunTime:0.000427s ]
SQL: SHOW COLUMNS FROM `user` [ RunTime:0.0072s ]
SQL: SELECT * FROM `user` WHERE `uid` = 33 LIMIT 1   [ RunTime:0.0004s ]
INFO: [ view_parse ] --START--
INFO: [ template_filter ] --START--
INFO: Run Behavior\ContentReplaceBehavior [ RunTime:0.000103s ]
INFO: [ template_filter ] --END-- [ RunTime:0.000200s ]
INFO: Run Behavior\ParseTemplateBehavior [ RunTime:0.006952s ]
INFO: [ view_parse ] --END-- [ RunTime:0.007049s ]
INFO: [ view_filter ] --START--
INFO: Run Behavior\WriteHtmlCacheBehavior [ RunTime:0.000261s ]
INFO: [ view_filter ] --END-- [ RunTime:0.000347s ]
INFO: [ app_end ] --START--
INFO: Run Behavior\ShowPageTraceBehavior [ RunTime:0.000470s ]
INFO: [ app_end ] --END-- [ RunTime:0.000580s ]

[ 2017-07-30T22:42:53+08:00 ] 127.0.0.1 /GetName/bbs/index.php/home/set/index.html
INFO: [ app_init ] --START--
INFO: Run Behavior\BuildLiteBehavior [ RunTime:0.000020s ]
INFO: [ app_init ] --END-- [ RunTime:0.000312s ]
INFO: [ app_begin ] --START--
INFO: Run Behavior\ReadHtmlCacheBehavior [ RunTime:0.000410s ]
INFO: [ app_begin ] --END-- [ RunTime:0.000529s ]
SQL: SHOW COLUMNS FROM `user` [ RunTime:0.0062s ]
SQL: SELECT * FROM `user` WHERE `uid` = 33 LIMIT 1   [ RunTime:0.0004s ]
INFO: [ view_parse ] --START--
INFO: [ template_filter ] --START--
INFO: Run Behavior\ContentReplaceBehavior [ RunTime:0.000114s ]
INFO: [ template_filter ] --END-- [ RunTime:0.000261s ]
INFO: Run Behavior\ParseTemplateBehavior [ RunTime:0.007327s ]
INFO: [ view_parse ] --END-- [ RunTime:0.007432s ]
INFO: [ view_filter ] --START--
INFO: Run Behavior\WriteHtmlCacheBehavior [ RunTime:0.000221s ]
INFO: [ view_filter ] --END-- [ RunTime:0.000302s ]
INFO: [ app_end ] --START--
INFO: Run Behavior\ShowPageTraceBehavior [ RunTime:0.000459s ]
INFO: [ app_end ] --END-- [ RunTime:0.000588s ]

[ 2017-07-30T22:42:54+08:00 ] 127.0.0.1 /GetName/bbs/index.php/home/set/index.html
INFO: [ app_init ] --START--
INFO: Run Behavior\BuildLiteBehavior [ RunTime:0.000020s ]
INFO: [ app_init ] --END-- [ RunTime:0.000309s ]
INFO: [ app_begin ] --START--
INFO: Run Behavior\ReadHtmlCacheBehavior [ RunTime:0.000314s ]
INFO: [ app_begin ] --END-- [ RunTime:0.000402s ]
SQL: SHOW COLUMNS FROM `user` [ RunTime:0.0059s ]
SQL: SELECT * FROM `user` WHERE `uid` = 33 LIMIT 1   [ RunTime:0.0004s ]
INFO: [ view_parse ] --START--
INFO: [ template_filter ] --START--
INFO: Run Behavior\ContentReplaceBehavior [ RunTime:0.000090s ]
INFO: [ template_filter ] --END-- [ RunTime:0.000190s ]
INFO: Run Behavior\ParseTemplateBehavior [ RunTime:0.007075s ]
INFO: [ view_parse ] --END-- [ RunTime:0.007176s ]
INFO: [ view_filter ] --START--
INFO: Run Behavior\WriteHtmlCacheBehavior [ RunTime:0.000214s ]
INFO: [ view_filter ] --END-- [ RunTime:0.000297s ]
INFO: [ app_end ] --START--
INFO: Run Behavior\ShowPageTraceBehavior [ RunTime:0.000495s ]
INFO: [ app_end ] --END-- [ RunTime:0.000618s ]

[ 2017-07-30T22:43:34+08:00 ] 127.0.0.1 /GetName/bbs/index.php/home/set/checkdata.html
INFO: [ app_init ] --START--
INFO: Run Behavior\BuildLiteBehavior [ RunTime:0.000033s ]
INFO: [ app_init ] --END-- [ RunTime:0.000610s ]
INFO: [ app_begin ] --START--
INFO: Run Behavior\ReadHtmlCacheBehavior [ RunTime:0.000649s ]
INFO: [ app_begin ] --END-- [ RunTime:0.000787s ]
SQL: SHOW COLUMNS FROM `user` [ RunTime:0.0065s ]
SQL: SELECT * FROM `user` WHERE `uid` = 33 LIMIT 1   [ RunTime:0.0006s ]
SQL: SHOW COLUMNS FROM `user` [ RunTime:0.0074s ]
NOTIC: [8] Undefined index: validate D:\Program\www\GetName\bbs\ThinkPHP\Library\Think\Model.class.php 第 1185 行.
SQL: SELECT * FROM `user` WHERE `email` = '110@qq.com' LIMIT 1   [ RunTime:0.0007s ]

[ 2017-07-30T22:45:01+08:00 ] 127.0.0.1 /GetName/bbs/index.php/home/set/index.html
INFO: [ app_init ] --START--
INFO: Run Behavior\BuildLiteBehavior [ RunTime:0.000058s ]
INFO: [ app_init ] --END-- [ RunTime:0.001241s ]
INFO: [ app_begin ] --START--
INFO: Run Behavior\ReadHtmlCacheBehavior [ RunTime:0.000718s ]
INFO: [ app_begin ] --END-- [ RunTime:0.000895s ]
SQL: SHOW COLUMNS FROM `user` [ RunTime:0.0098s ]
SQL: SELECT * FROM `user` WHERE `uid` = 33 LIMIT 1   [ RunTime:0.0006s ]
INFO: [ view_parse ] --START--
INFO: [ template_filter ] --START--
INFO: Run Behavior\ContentReplaceBehavior [ RunTime:0.000113s ]
INFO: [ template_filter ] --END-- [ RunTime:0.000528s ]
INFO: Run Behavior\ParseTemplateBehavior [ RunTime:0.010934s ]
INFO: [ view_parse ] --END-- [ RunTime:0.011053s ]
INFO: [ view_filter ] --START--
INFO: Run Behavior\WriteHtmlCacheBehavior [ RunTime:0.000333s ]
INFO: [ view_filter ] --END-- [ RunTime:0.000416s ]
INFO: [ app_end ] --START--
INFO: Run Behavior\ShowPageTraceBehavior [ RunTime:0.000568s ]
INFO: [ app_end ] --END-- [ RunTime:0.000697s ]

[ 2017-07-30T22:45:02+08:00 ] 127.0.0.1 /GetName/bbs/index.php/home/set/index.html
INFO: [ app_init ] --START--
INFO: Run Behavior\BuildLiteBehavior [ RunTime:0.000036s ]
INFO: [ app_init ] --END-- [ RunTime:0.000598s ]
INFO: [ app_begin ] --START--
INFO: Run Behavior\ReadHtmlCacheBehavior [ RunTime:0.000776s ]
INFO: [ app_begin ] --END-- [ RunTime:0.000998s ]
SQL: SHOW COLUMNS FROM `user` [ RunTime:0.0076s ]
SQL: SELECT * FROM `user` WHERE `uid` = 33 LIMIT 1   [ RunTime:0.0005s ]
INFO: [ view_parse ] --START--
INFO: [ template_filter ] --START--
INFO: Run Behavior\ContentReplaceBehavior [ RunTime:0.000101s ]
INFO: [ template_filter ] --END-- [ RunTime:0.000206s ]
INFO: Run Behavior\ParseTemplateBehavior [ RunTime:0.008491s ]
INFO: [ view_parse ] --END-- [ RunTime:0.008624s ]
INFO: [ view_filter ] --START--
INFO: Run Behavior\WriteHtmlCacheBehavior [ RunTime:0.000418s ]
INFO: [ view_filter ] --END-- [ RunTime:0.000654s ]
INFO: [ app_end ] --START--
INFO: Run Behavior\ShowPageTraceBehavior [ RunTime:0.000668s ]
INFO: [ app_end ] --END-- [ RunTime:0.000816s ]

[ 2017-07-30T22:45:02+08:00 ] 127.0.0.1 /GetName/bbs/index.php/home/set/index.html
INFO: [ app_init ] --START--
INFO: Run Behavior\BuildLiteBehavior [ RunTime:0.000043s ]
INFO: [ app_init ] --END-- [ RunTime:0.000680s ]
INFO: [ app_begin ] --START--
INFO: Run Behavior\ReadHtmlCacheBehavior [ RunTime:0.000803s ]
INFO: [ app_begin ] --END-- [ RunTime:0.001018s ]
SQL: SHOW COLUMNS FROM `user` [ RunTime:0.0077s ]
SQL: SELECT * FROM `user` WHERE `uid` = 33 LIMIT 1   [ RunTime:0.0006s ]
INFO: [ view_parse ] --START--
INFO: [ template_filter ] --START--
INFO: Run Behavior\ContentReplaceBehavior [ RunTime:0.000089s ]
INFO: [ template_filter ] --END-- [ RunTime:0.000197s ]
INFO: Run Behavior\ParseTemplateBehavior [ RunTime:0.008056s ]
INFO: [ view_parse ] --END-- [ RunTime:0.008161s ]
INFO: [ view_filter ] --START--
INFO: Run Behavior\WriteHtmlCacheBehavior [ RunTime:0.000236s ]
INFO: [ view_filter ] --END-- [ RunTime:0.000321s ]
INFO: [ app_end ] --START--
INFO: Run Behavior\ShowPageTraceBehavior [ RunTime:0.001085s ]
INFO: [ app_end ] --END-- [ RunTime:0.001394s ]

[ 2017-07-30T22:45:03+08:00 ] 127.0.0.1 /GetName/bbs/index.php/home/set/index.html
INFO: [ app_init ] --START--
INFO: Run Behavior\BuildLiteBehavior [ RunTime:0.000038s ]
INFO: [ app_init ] --END-- [ RunTime:0.000701s ]
INFO: [ app_begin ] --START--
INFO: Run Behavior\ReadHtmlCacheBehavior [ RunTime:0.000825s ]
INFO: [ app_begin ] --END-- [ RunTime:0.001028s ]
SQL: SHOW COLUMNS FROM `user` [ RunTime:0.0083s ]
SQL: SELECT * FROM `user` WHERE `uid` = 33 LIMIT 1   [ RunTime:0.0005s ]
INFO: [ view_parse ] --START--
INFO: [ template_filter ] --START--
INFO: Run Behavior\ContentReplaceBehavior [ RunTime:0.000157s ]
INFO: [ template_filter ] --END-- [ RunTime:0.000326s ]
INFO: Run Behavior\ParseTemplateBehavior [ RunTime:0.010480s ]
INFO: [ view_parse ] --END-- [ RunTime:0.010658s ]
INFO: [ view_filter ] --START--
INFO: Run Behavior\WriteHtmlCacheBehavior [ RunTime:0.000393s ]
INFO: [ view_filter ] --END-- [ RunTime:0.000543s ]
INFO: [ app_end ] --START--
INFO: Run Behavior\ShowPageTraceBehavior [ RunTime:0.000616s ]
INFO: [ app_end ] --END-- [ RunTime:0.000791s ]

[ 2017-07-30T22:45:09+08:00 ] 127.0.0.1 /GetName/bbs/index.php/home/set/checkdata.html
INFO: [ app_init ] --START--
INFO: Run Behavior\BuildLiteBehavior [ RunTime:0.000024s ]
INFO: [ app_init ] --END-- [ RunTime:0.000405s ]
INFO: [ app_begin ] --START--
INFO: Run Behavior\ReadHtmlCacheBehavior [ RunTime:0.000411s ]
INFO: [ app_begin ] --END-- [ RunTime:0.000511s ]
SQL: SHOW COLUMNS FROM `user` [ RunTime:0.0069s ]
SQL: SELECT * FROM `user` WHERE `uid` = 33 LIMIT 1   [ RunTime:0.0004s ]
SQL: SHOW COLUMNS FROM `user` [ RunTime:0.0076s ]
NOTIC: [8] Undefined index: validate D:\Program\www\GetName\bbs\ThinkPHP\Library\Think\Model.class.php 第 1185 行.
SQL: SELECT * FROM `user` WHERE `email` = '110@qq.com' LIMIT 1   [ RunTime:0.0004s ]

[ 2017-07-30T22:45:22+08:00 ] 127.0.0.1 /GetName/bbs/index.php/home/set/checkdata.html
INFO: [ app_init ] --START--
INFO: Run Behavior\BuildLiteBehavior [ RunTime:0.000033s ]
INFO: [ app_init ] --END-- [ RunTime:0.000464s ]
INFO: [ app_begin ] --START--
INFO: Run Behavior\ReadHtmlCacheBehavior [ RunTime:0.000487s ]
INFO: [ app_begin ] --END-- [ RunTime:0.000641s ]
SQL: SHOW COLUMNS FROM `user` [ RunTime:0.0069s ]
SQL: SELECT * FROM `user` WHERE `uid` = 33 LIMIT 1   [ RunTime:0.0004s ]
SQL: SHOW COLUMNS FROM `user` [ RunTime:0.0074s ]
NOTIC: [8] Undefined index: validate D:\Program\www\GetName\bbs\ThinkPHP\Library\Think\Model.class.php 第 1185 行.
SQL: SELECT * FROM `user` WHERE `email` = '1102@qq.com' LIMIT 1   [ RunTime:0.0004s ]
SQL: SELECT * FROM `user` WHERE `nickname` = 'bsan45' LIMIT 1   [ RunTime:0.0006s ]
NOTIC: [8] Undefined index: auto D:\Program\www\GetName\bbs\ThinkPHP\Library\Think\Model.class.php 第 1128 行.
SQL: SELECT * FROM `user` WHERE `email` = '110@qq.com' AND `uid` <> '33'  [ RunTime:0.0232s ]
SQL: SELECT * FROM `user` WHERE `nickname` = 'bsan' AND `uid` <> '33'  [ RunTime:0.0004s ]
SQL: SHOW COLUMNS FROM `user` [ RunTime:0.0064s ]
SQL: INSERT INTO `user` (`email`,`nickname`,`sex`,`city`,`sign`) VALUES ('1102@qq.com','bsan45','1','日本','大河向东流啊~~') [ RunTime:0.0716s ]
INFO: [ app_end ] --START--
INFO: Run Behavior\ShowPageTraceBehavior [ RunTime:0.000451s ]
INFO: [ app_end ] --END-- [ RunTime:0.000528s ]

[ 2017-07-30T22:45:24+08:00 ] 127.0.0.1 /GetName/bbs/index.php/home/set/checkdata.html
INFO: [ app_init ] --START--
INFO: Run Behavior\BuildLiteBehavior [ RunTime:0.000020s ]
INFO: [ app_init ] --END-- [ RunTime:0.000300s ]
INFO: [ app_begin ] --START--
INFO: Run Behavior\ReadHtmlCacheBehavior [ RunTime:0.000315s ]
INFO: [ app_begin ] --END-- [ RunTime:0.000393s ]
SQL: SHOW COLUMNS FROM `user` [ RunTime:0.0060s ]
SQL: SELECT * FROM `user` WHERE `uid` = 33 LIMIT 1   [ RunTime:0.0004s ]
SQL: SHOW COLUMNS FROM `user` [ RunTime:0.0062s ]
NOTIC: [8] Undefined index: validate D:\Program\www\GetName\bbs\ThinkPHP\Library\Think\Model.class.php 第 1185 行.
SQL: SELECT * FROM `user` WHERE `email` = '1102@qq.com' LIMIT 1   [ RunTime:0.0004s ]

[ 2017-07-30T22:46:04+08:00 ] 127.0.0.1 /GetName/bbs/index.php/home/set/index.html
INFO: [ app_init ] --START--
INFO: Run Behavior\BuildLiteBehavior [ RunTime:0.000020s ]
INFO: [ app_init ] --END-- [ RunTime:0.000343s ]
INFO: [ app_begin ] --START--
INFO: Run Behavior\ReadHtmlCacheBehavior [ RunTime:0.000518s ]
INFO: [ app_begin ] --END-- [ RunTime:0.000623s ]
SQL: SHOW COLUMNS FROM `user` [ RunTime:0.0062s ]
SQL: SELECT * FROM `user` WHERE `uid` = 33 LIMIT 1   [ RunTime:0.0004s ]
INFO: [ view_parse ] --START--
INFO: [ template_filter ] --START--
INFO: Run Behavior\ContentReplaceBehavior [ RunTime:0.000087s ]
INFO: [ template_filter ] --END-- [ RunTime:0.000196s ]
INFO: Run Behavior\ParseTemplateBehavior [ RunTime:0.007661s ]
INFO: [ view_parse ] --END-- [ RunTime:0.007768s ]
INFO: [ view_filter ] --START--
INFO: Run Behavior\WriteHtmlCacheBehavior [ RunTime:0.000191s ]
INFO: [ view_filter ] --END-- [ RunTime:0.000274s ]
INFO: [ app_end ] --START--
INFO: Run Behavior\ShowPageTraceBehavior [ RunTime:0.000419s ]
INFO: [ app_end ] --END-- [ RunTime:0.000556s ]

[ 2017-07-30T22:46:05+08:00 ] 127.0.0.1 /GetName/bbs/index.php/home/set/index.html
INFO: [ app_init ] --START--
INFO: Run Behavior\BuildLiteBehavior [ RunTime:0.000023s ]
INFO: [ app_init ] --END-- [ RunTime:0.000297s ]
INFO: [ app_begin ] --START--
INFO: Run Behavior\ReadHtmlCacheBehavior [ RunTime:0.000318s ]
INFO: [ app_begin ] --END-- [ RunTime:0.000409s ]
SQL: SHOW COLUMNS FROM `user` [ RunTime:0.0066s ]
SQL: SELECT * FROM `user` WHERE `uid` = 33 LIMIT 1   [ RunTime:0.0004s ]
INFO: [ view_parse ] --START--
INFO: [ template_filter ] --START--
INFO: Run Behavior\ContentReplaceBehavior [ RunTime:0.000106s ]
INFO: [ template_filter ] --END-- [ RunTime:0.000240s ]
INFO: Run Behavior\ParseTemplateBehavior [ RunTime:0.008147s ]
INFO: [ view_parse ] --END-- [ RunTime:0.008268s ]
INFO: [ view_filter ] --START--
INFO: Run Behavior\WriteHtmlCacheBehavior [ RunTime:0.000207s ]
INFO: [ view_filter ] --END-- [ RunTime:0.000288s ]
INFO: [ app_end ] --START--
INFO: Run Behavior\ShowPageTraceBehavior [ RunTime:0.000423s ]
INFO: [ app_end ] --END-- [ RunTime:0.000572s ]

[ 2017-07-30T22:46:05+08:00 ] 127.0.0.1 /GetName/bbs/index.php/home/set/index.html
INFO: [ app_init ] --START--
INFO: Run Behavior\BuildLiteBehavior [ RunTime:0.000021s ]
INFO: [ app_init ] --END-- [ RunTime:0.000324s ]
INFO: [ app_begin ] --START--
INFO: Run Behavior\ReadHtmlCacheBehavior [ RunTime:0.000450s ]
INFO: [ app_begin ] --END-- [ RunTime:0.000556s ]
SQL: SHOW COLUMNS FROM `user` [ RunTime:0.0063s ]
SQL: SELECT * FROM `user` WHERE `uid` = 33 LIMIT 1   [ RunTime:0.0004s ]
INFO: [ view_parse ] --START--
INFO: [ template_filter ] --START--
INFO: Run Behavior\ContentReplaceBehavior [ RunTime:0.000093s ]
INFO: [ template_filter ] --END-- [ RunTime:0.000207s ]
INFO: Run Behavior\ParseTemplateBehavior [ RunTime:0.007834s ]
INFO: [ view_parse ] --END-- [ RunTime:0.007937s ]
INFO: [ view_filter ] --START--
INFO: Run Behavior\WriteHtmlCacheBehavior [ RunTime:0.000217s ]
INFO: [ view_filter ] --END-- [ RunTime:0.000304s ]
INFO: [ app_end ] --START--
INFO: Run Behavior\ShowPageTraceBehavior [ RunTime:0.000434s ]
INFO: [ app_end ] --END-- [ RunTime:0.000556s ]

[ 2017-07-30T22:46:05+08:00 ] 127.0.0.1 /GetName/bbs/index.php/home/set/index.html
INFO: [ app_init ] --START--
INFO: Run Behavior\BuildLiteBehavior [ RunTime:0.000020s ]
INFO: [ app_init ] --END-- [ RunTime:0.000300s ]
INFO: [ app_begin ] --START--
INFO: Run Behavior\ReadHtmlCacheBehavior [ RunTime:0.000343s ]
INFO: [ app_begin ] --END-- [ RunTime:0.000436s ]
SQL: SHOW COLUMNS FROM `user` [ RunTime:0.0069s ]
SQL: SELECT * FROM `user` WHERE `uid` = 33 LIMIT 1   [ RunTime:0.0004s ]
INFO: [ view_parse ] --START--
INFO: [ template_filter ] --START--
INFO: Run Behavior\ContentReplaceBehavior [ RunTime:0.000088s ]
INFO: [ template_filter ] --END-- [ RunTime:0.000190s ]
INFO: Run Behavior\ParseTemplateBehavior [ RunTime:0.006932s ]
INFO: [ view_parse ] --END-- [ RunTime:0.007027s ]
INFO: [ view_filter ] --START--
INFO: Run Behavior\WriteHtmlCacheBehavior [ RunTime:0.000214s ]
INFO: [ view_filter ] --END-- [ RunTime:0.000297s ]
INFO: [ app_end ] --START--
INFO: Run Behavior\ShowPageTraceBehavior [ RunTime:0.000450s ]
INFO: [ app_end ] --END-- [ RunTime:0.000569s ]

[ 2017-07-30T22:49:30+08:00 ] 127.0.0.1 /GetName/bbs/index.php/home/set/index.html
INFO: [ app_init ] --START--
INFO: Run Behavior\BuildLiteBehavior [ RunTime:0.000022s ]
INFO: [ app_init ] --END-- [ RunTime:0.000355s ]
INFO: [ app_begin ] --START--
INFO: Run Behavior\ReadHtmlCacheBehavior [ RunTime:0.000472s ]
INFO: [ app_begin ] --END-- [ RunTime:0.000603s ]
SQL: SHOW COLUMNS FROM `user` [ RunTime:0.0062s ]
SQL: SELECT * FROM `user` WHERE `uid` = 33 LIMIT 1   [ RunTime:0.0004s ]
INFO: [ view_parse ] --START--
INFO: [ template_filter ] --START--
INFO: Run Behavior\ContentReplaceBehavior [ RunTime:0.000113s ]
INFO: [ template_filter ] --END-- [ RunTime:0.000228s ]
INFO: Run Behavior\ParseTemplateBehavior [ RunTime:0.008154s ]
INFO: [ view_parse ] --END-- [ RunTime:0.008279s ]
INFO: [ view_filter ] --START--
INFO: Run Behavior\WriteHtmlCacheBehavior [ RunTime:0.000300s ]
INFO: [ view_filter ] --END-- [ RunTime:0.000384s ]
INFO: [ app_end ] --START--
INFO: Run Behavior\ShowPageTraceBehavior [ RunTime:0.000561s ]
INFO: [ app_end ] --END-- [ RunTime:0.000689s ]

[ 2017-07-30T22:49:34+08:00 ] 127.0.0.1 /GetName/bbs/index.php/home/set/checkdata.html
INFO: [ app_init ] --START--
INFO: Run Behavior\BuildLiteBehavior [ RunTime:0.000028s ]
INFO: [ app_init ] --END-- [ RunTime:0.000340s ]
INFO: [ app_begin ] --START--
INFO: Run Behavior\ReadHtmlCacheBehavior [ RunTime:0.000515s ]
INFO: [ app_begin ] --END-- [ RunTime:0.000647s ]
SQL: SHOW COLUMNS FROM `user` [ RunTime:0.0083s ]
SQL: SELECT * FROM `user` WHERE `uid` = 33 LIMIT 1   [ RunTime:0.0006s ]
SQL: SHOW COLUMNS FROM `user` [ RunTime:0.0084s ]
NOTIC: [8] Undefined index: validate D:\Program\www\GetName\bbs\ThinkPHP\Library\Think\Model.class.php 第 1185 行.
SQL: SELECT * FROM `user` WHERE `email` = '110@qq.com' LIMIT 1   [ RunTime:0.0007s ]

[ 2017-07-30T22:49:49+08:00 ] 127.0.0.1 /GetName/bbs/index.php/home/set/checkdata.html
INFO: [ app_init ] --START--
INFO: Run Behavior\BuildLiteBehavior [ RunTime:0.000034s ]
INFO: [ app_init ] --END-- [ RunTime:0.000542s ]
INFO: [ app_begin ] --START--
INFO: Run Behavior\ReadHtmlCacheBehavior [ RunTime:0.000493s ]
INFO: [ app_begin ] --END-- [ RunTime:0.000584s ]
SQL: SHOW COLUMNS FROM `user` [ RunTime:0.0076s ]
SQL: SELECT * FROM `user` WHERE `uid` = 33 LIMIT 1   [ RunTime:0.0007s ]
SQL: SHOW COLUMNS FROM `user` [ RunTime:0.0074s ]
NOTIC: [8] Undefined index: validate D:\Program\www\GetName\bbs\ThinkPHP\Library\Think\Model.class.php 第 1185 行.
SQL: SELECT * FROM `user` WHERE `email` = '11021@qq.com' LIMIT 1   [ RunTime:0.0005s ]
SQL: SELECT * FROM `user` WHERE `nickname` = 'bsan32' LIMIT 1   [ RunTime:0.0004s ]
NOTIC: [8] Undefined index: auto D:\Program\www\GetName\bbs\ThinkPHP\Library\Think\Model.class.php 第 1128 行.
SQL: SELECT * FROM `user` WHERE `email` = '110@qq.com' AND `uid` <> '33'  [ RunTime:0.0004s ]
SQL: SELECT * FROM `user` WHERE `nickname` = 'bsan' AND `uid` <> '33'  [ RunTime:0.0004s ]
SQL: SHOW COLUMNS FROM `user` [ RunTime:0.0073s ]
SQL: INSERT INTO `user` (`email`,`nickname`,`sex`,`city`,`sign`) VALUES ('11021@qq.com','bsan32','1','日本','大河向东流啊~~') [ RunTime:0.1006s ]
INFO: [ app_end ] --START--
INFO: Run Behavior\ShowPageTraceBehavior [ RunTime:0.000545s ]
INFO: [ app_end ] --END-- [ RunTime:0.000625s ]

[ 2017-07-30T22:53:30+08:00 ] 127.0.0.1 /GetName/bbs/index.php/home/set/index.html
INFO: [ app_init ] --START--
INFO: Run Behavior\BuildLiteBehavior [ RunTime:0.000020s ]
INFO: [ app_init ] --END-- [ RunTime:0.000354s ]
INFO: [ app_begin ] --START--
INFO: Run Behavior\ReadHtmlCacheBehavior [ RunTime:0.000667s ]
INFO: [ app_begin ] --END-- [ RunTime:0.000811s ]
SQL: SHOW COLUMNS FROM `user` [ RunTime:0.0066s ]
SQL: SELECT * FROM `user` WHERE `uid` = 33 LIMIT 1   [ RunTime:0.0004s ]
INFO: [ view_parse ] --START--
INFO: [ template_filter ] --START--
INFO: Run Behavior\ContentReplaceBehavior [ RunTime:0.000092s ]
INFO: [ template_filter ] --END-- [ RunTime:0.000200s ]
INFO: Run Behavior\ParseTemplateBehavior [ RunTime:0.007626s ]
INFO: [ view_parse ] --END-- [ RunTime:0.007730s ]
INFO: [ view_filter ] --START--
INFO: Run Behavior\WriteHtmlCacheBehavior [ RunTime:0.000287s ]
INFO: [ view_filter ] --END-- [ RunTime:0.000370s ]
INFO: [ app_end ] --START--
INFO: Run Behavior\ShowPageTraceBehavior [ RunTime:0.000519s ]
INFO: [ app_end ] --END-- [ RunTime:0.000676s ]

[ 2017-07-30T22:53:31+08:00 ] 127.0.0.1 /GetName/bbs/index.php/home/set/index.html
INFO: [ app_init ] --START--
INFO: Run Behavior\BuildLiteBehavior [ RunTime:0.000020s ]
INFO: [ app_init ] --END-- [ RunTime:0.000295s ]
INFO: [ app_begin ] --START--
INFO: Run Behavior\ReadHtmlCacheBehavior [ RunTime:0.000366s ]
INFO: [ app_begin ] --END-- [ RunTime:0.000460s ]
SQL: SHOW COLUMNS FROM `user` [ RunTime:0.0062s ]
SQL: SELECT * FROM `user` WHERE `uid` = 33 LIMIT 1   [ RunTime:0.0004s ]
INFO: [ view_parse ] --START--
INFO: [ template_filter ] --START--
INFO: Run Behavior\ContentReplaceBehavior [ RunTime:0.000104s ]
INFO: [ template_filter ] --END-- [ RunTime:0.000221s ]
INFO: Run Behavior\ParseTemplateBehavior [ RunTime:0.007878s ]
INFO: [ view_parse ] --END-- [ RunTime:0.007990s ]
INFO: [ view_filter ] --START--
INFO: Run Behavior\WriteHtmlCacheBehavior [ RunTime:0.000214s ]
INFO: [ view_filter ] --END-- [ RunTime:0.000296s ]
INFO: [ app_end ] --START--
INFO: Run Behavior\ShowPageTraceBehavior [ RunTime:0.000583s ]
INFO: [ app_end ] --END-- [ RunTime:0.000735s ]

[ 2017-07-30T22:53:31+08:00 ] 127.0.0.1 /GetName/bbs/index.php/home/set/index.html
INFO: [ app_init ] --START--
INFO: Run Behavior\BuildLiteBehavior [ RunTime:0.000020s ]
INFO: [ app_init ] --END-- [ RunTime:0.000308s ]
INFO: [ app_begin ] --START--
INFO: Run Behavior\ReadHtmlCacheBehavior [ RunTime:0.000367s ]
INFO: [ app_begin ] --END-- [ RunTime:0.000462s ]
SQL: SHOW COLUMNS FROM `user` [ RunTime:0.0065s ]
SQL: SELECT * FROM `user` WHERE `uid` = 33 LIMIT 1   [ RunTime:0.0004s ]
INFO: [ view_parse ] --START--
INFO: [ template_filter ] --START--
INFO: Run Behavior\ContentReplaceBehavior [ RunTime:0.000090s ]
INFO: [ template_filter ] --END-- [ RunTime:0.000196s ]
INFO: Run Behavior\ParseTemplateBehavior [ RunTime:0.007346s ]
INFO: [ view_parse ] --END-- [ RunTime:0.007467s ]
INFO: [ view_filter ] --START--
INFO: Run Behavior\WriteHtmlCacheBehavior [ RunTime:0.000260s ]
INFO: [ view_filter ] --END-- [ RunTime:0.000340s ]
INFO: [ app_end ] --START--
INFO: Run Behavior\ShowPageTraceBehavior [ RunTime:0.000447s ]
INFO: [ app_end ] --END-- [ RunTime:0.000595s ]

[ 2017-07-30T22:53:39+08:00 ] 127.0.0.1 /GetName/bbs/index.php/home/set/checkdata.html
INFO: [ app_init ] --START--
INFO: Run Behavior\BuildLiteBehavior [ RunTime:0.000020s ]
INFO: [ app_init ] --END-- [ RunTime:0.000336s ]
INFO: [ app_begin ] --START--
INFO: Run Behavior\ReadHtmlCacheBehavior [ RunTime:0.000373s ]
INFO: [ app_begin ] --END-- [ RunTime:0.000453s ]
SQL: SHOW COLUMNS FROM `user` [ RunTime:0.0062s ]
SQL: SELECT * FROM `user` WHERE `uid` = 33 LIMIT 1   [ RunTime:0.0004s ]
SQL: SHOW COLUMNS FROM `user` [ RunTime:0.0060s ]
NOTIC: [8] Undefined index: validate D:\Program\www\GetName\bbs\ThinkPHP\Library\Think\Model.class.php 第 1185 行.
SQL: SELECT * FROM `user` WHERE `email` = '110444@qq.com' LIMIT 1   [ RunTime:0.0006s ]
SQL: SELECT * FROM `user` WHERE `nickname` = 'bsan555' LIMIT 1   [ RunTime:0.0004s ]
NOTIC: [8] Undefined index: auto D:\Program\www\GetName\bbs\ThinkPHP\Library\Think\Model.class.php 第 1128 行.
SQL: SELECT * FROM `user` WHERE `email` = '110@qq.com' AND `uid` <> '33'  [ RunTime:0.0004s ]
SQL: SELECT * FROM `user` WHERE `nickname` = 'bsan' AND `uid` <> '33'  [ RunTime:0.0004s ]
SQL: SELECT * FROM `user` WHERE `uid` = 33 LIMIT 1   [ RunTime:0.0003s ]
INFO: [ app_end ] --START--
INFO: Run Behavior\ShowPageTraceBehavior [ RunTime:0.000491s ]
INFO: [ app_end ] --END-- [ RunTime:0.000578s ]

[ 2017-07-30T22:53:44+08:00 ] 127.0.0.1 /GetName/bbs/index.php/home/set/checkdata.html
INFO: [ app_init ] --START--
INFO: Run Behavior\BuildLiteBehavior [ RunTime:0.000023s ]
INFO: [ app_init ] --END-- [ RunTime:0.000475s ]
INFO: [ app_begin ] --START--
INFO: Run Behavior\ReadHtmlCacheBehavior [ RunTime:0.000445s ]
INFO: [ app_begin ] --END-- [ RunTime:0.000564s ]
SQL: SHOW COLUMNS FROM `user` [ RunTime:0.0074s ]
SQL: SELECT * FROM `user` WHERE `uid` = 33 LIMIT 1   [ RunTime:0.0005s ]
SQL: SHOW COLUMNS FROM `user` [ RunTime:0.0070s ]
NOTIC: [8] Undefined index: validate D:\Program\www\GetName\bbs\ThinkPHP\Library\Think\Model.class.php 第 1185 行.
SQL: SELECT * FROM `user` WHERE `email` = '110444@qq.com' LIMIT 1   [ RunTime:0.0006s ]
SQL: SELECT * FROM `user` WHERE `nickname` = 'bsan555' LIMIT 1   [ RunTime:0.0005s ]
NOTIC: [8] Undefined index: auto D:\Program\www\GetName\bbs\ThinkPHP\Library\Think\Model.class.php 第 1128 行.
SQL: SELECT * FROM `user` WHERE `email` = '110@qq.com' AND `uid` <> '33'  [ RunTime:0.0005s ]
SQL: SELECT * FROM `user` WHERE `nickname` = 'bsan' AND `uid` <> '33'  [ RunTime:0.0006s ]
SQL: SELECT * FROM `user` WHERE `uid` = 33 LIMIT 1   [ RunTime:0.0006s ]
INFO: [ app_end ] --START--
INFO: Run Behavior\ShowPageTraceBehavior [ RunTime:0.000620s ]
INFO: [ app_end ] --END-- [ RunTime:0.000787s ]

[ 2017-07-30T22:57:19+08:00 ] 127.0.0.1 /GetName/bbs/index.php/home/set/checkdata.html
INFO: [ app_init ] --START--
INFO: Run Behavior\BuildLiteBehavior [ RunTime:0.000034s ]
INFO: [ app_init ] --END-- [ RunTime:0.000542s ]
INFO: [ app_begin ] --START--
INFO: Run Behavior\ReadHtmlCacheBehavior [ RunTime:0.000807s ]
INFO: [ app_begin ] --END-- [ RunTime:0.000945s ]
SQL: SHOW COLUMNS FROM `user` [ RunTime:0.0070s ]
SQL: SELECT * FROM `user` WHERE `uid` = 33 LIMIT 1   [ RunTime:0.0005s ]
SQL: SHOW COLUMNS FROM `user` [ RunTime:0.0061s ]
NOTIC: [8] Undefined index: validate D:\Program\www\GetName\bbs\ThinkPHP\Library\Think\Model.class.php 第 1185 行.
SQL: SELECT * FROM `user` WHERE `email` = '110444@qq.com' LIMIT 1   [ RunTime:0.0004s ]
SQL: SELECT * FROM `user` WHERE `nickname` = 'bsan555' LIMIT 1   [ RunTime:0.0004s ]
NOTIC: [8] Undefined index: auto D:\Program\www\GetName\bbs\ThinkPHP\Library\Think\Model.class.php 第 1128 行.
SQL: SELECT * FROM `user` WHERE `email` = '110@qq.com' AND `uid` <> '33'  [ RunTime:0.0004s ]
SQL: SELECT * FROM `user` WHERE `nickname` = 'bsan' AND `uid` <> '33'  [ RunTime:0.0004s ]
SQL: UPDATE `user` SET `uid`='33',`nickname`='bsan',`email`='110@qq.com',`password`='e10adc3949ba59abbe56e057f20f883e',`is_active`='0',`level`='0',`status`='0',`sex`='女',`city`='日本',`sign`='大河向东流啊~~',`face`='/Public/images/face.jpg',`openid`='',`kiss`='100',`answer_num`='0',`create_time`='1501296431' WHERE `uid` = 33 [ RunTime:0.0350s ]

[ 2017-07-30T22:57:29+08:00 ] 127.0.0.1 /GetName/bbs/index.php/home/set/checkdata.html
INFO: [ app_init ] --START--
INFO: Run Behavior\BuildLiteBehavior [ RunTime:0.000021s ]
INFO: [ app_init ] --END-- [ RunTime:0.000303s ]
INFO: [ app_begin ] --START--
INFO: Run Behavior\ReadHtmlCacheBehavior [ RunTime:0.000376s ]
INFO: [ app_begin ] --END-- [ RunTime:0.000459s ]
SQL: SHOW COLUMNS FROM `user` [ RunTime:0.0058s ]
SQL: SELECT * FROM `user` WHERE `uid` = 33 LIMIT 1   [ RunTime:0.0004s ]
SQL: SHOW COLUMNS FROM `user` [ RunTime:0.0072s ]
NOTIC: [8] Undefined index: validate D:\Program\www\GetName\bbs\ThinkPHP\Library\Think\Model.class.php 第 1185 行.
SQL: SELECT * FROM `user` WHERE `email` = '1ss10444@qq.com' LIMIT 1   [ RunTime:0.0007s ]
SQL: SELECT * FROM `user` WHERE `nickname` = 'bsan555' LIMIT 1   [ RunTime:0.0005s ]
NOTIC: [8] Undefined index: auto D:\Program\www\GetName\bbs\ThinkPHP\Library\Think\Model.class.php 第 1128 行.
SQL: SELECT * FROM `user` WHERE `email` = '110@qq.com' AND `uid` <> '33'  [ RunTime:0.0005s ]
SQL: SELECT * FROM `user` WHERE `nickname` = 'bsan' AND `uid` <> '33'  [ RunTime:0.0005s ]
SQL: UPDATE `user` SET `uid`='33',`nickname`='bsan',`email`='110@qq.com',`password`='e10adc3949ba59abbe56e057f20f883e',`is_active`='0',`level`='0',`status`='0',`sex`='女',`city`='日本',`sign`='大河向东流啊~~',`face`='/Public/images/face.jpg',`openid`='',`kiss`='100',`answer_num`='0',`create_time`='1501296431' WHERE `uid` = 33 [ RunTime:0.0619s ]

[ 2017-07-30T23:31:13+08:00 ] 127.0.0.1 /GetName/bbs/index.php/home/set/checkdata.html
INFO: [ app_init ] --START--
INFO: Run Behavior\BuildLiteBehavior [ RunTime:0.000050s ]
INFO: [ app_init ] --END-- [ RunTime:0.000797s ]
INFO: [ app_begin ] --START--
INFO: Run Behavior\ReadHtmlCacheBehavior [ RunTime:0.000553s ]
INFO: [ app_begin ] --END-- [ RunTime:0.000673s ]
SQL: SHOW COLUMNS FROM `user` [ RunTime:0.0042s ]
SQL: SELECT * FROM `user` WHERE `uid` = 33 LIMIT 1   [ RunTime:0.0005s ]
SQL: SHOW COLUMNS FROM `user` [ RunTime:0.0056s ]
NOTIC: [8] Undefined index: validate D:\Program\www\GetName\bbs\ThinkPHP\Library\Think\Model.class.php 第 1185 行.
SQL: SELECT * FROM `user` WHERE `email` = '1ss10444@qq.com' LIMIT 1   [ RunTime:0.0003s ]
SQL: SELECT * FROM `user` WHERE `nickname` = 'bsan555' LIMIT 1   [ RunTime:0.0003s ]
NOTIC: [8] Undefined index: auto D:\Program\www\GetName\bbs\ThinkPHP\Library\Think\Model.class.php 第 1128 行.
SQL: SELECT * FROM `user` WHERE `email` = '110@qq.com' AND `uid` <> '33'  [ RunTime:0.0003s ]
SQL: SELECT * FROM `user` WHERE `nickname` = 'bsan' AND `uid` <> '33'  [ RunTime:0.0002s ]
SQL: UPDATE `user` SET `uid`='33',`nickname`='bsan',`email`='110@qq.com',`password`='e10adc3949ba59abbe56e057f20f883e',`is_active`='0',`level`='0',`status`='0',`sex`='女',`city`='日本',`sign`='大河向东流啊~~',`face`='/Public/images/face.jpg',`openid`='',`kiss`='100',`answer_num`='0',`create_time`='1501296431' WHERE `uid` = 33 [ RunTime:0.0777s ]

[ 2017-07-30T23:36:32+08:00 ] 127.0.0.1 /GetName/bbs/index.php/home/set/checkdata.html
INFO: [ app_init ] --START--
INFO: Run Behavior\BuildLiteBehavior [ RunTime:0.000021s ]
INFO: [ app_init ] --END-- [ RunTime:0.000355s ]
INFO: [ app_begin ] --START--
INFO: Run Behavior\ReadHtmlCacheBehavior [ RunTime:0.000392s ]
INFO: [ app_begin ] --END-- [ RunTime:0.000469s ]
SQL: SHOW COLUMNS FROM `user` [ RunTime:0.0095s ]
SQL: SELECT * FROM `user` WHERE `uid` = 33 LIMIT 1   [ RunTime:0.0005s ]
SQL: SHOW COLUMNS FROM `user` [ RunTime:0.0058s ]
NOTIC: [8] Undefined index: validate D:\Program\www\GetName\bbs\ThinkPHP\Library\Think\Model.class.php 第 1185 行.
SQL: SELECT * FROM `user` WHERE `email` = '1ss10444@qq.com' LIMIT 1   [ RunTime:0.0003s ]
SQL: SELECT * FROM `user` WHERE `nickname` = 'bsan555' LIMIT 1   [ RunTime:0.0003s ]
NOTIC: [8] Undefined index: auto D:\Program\www\GetName\bbs\ThinkPHP\Library\Think\Model.class.php 第 1128 行.
SQL: SELECT * FROM `user` WHERE `email` = '110@qq.com' AND `uid` <> '33'  [ RunTime:0.0003s ]
SQL: SELECT * FROM `user` WHERE `nickname` = 'bsan' AND `uid` <> '33'  [ RunTime:0.0004s ]
SQL: UPDATE `user` SET `uid`='33',`nickname`='bsan',`email`='110@qq.com',`password`='e10adc3949ba59abbe56e057f20f883e',`is_active`='0',`level`='0',`status`='0',`sex`='女',`city`='日本',`sign`='大河向东流啊~~',`face`='/Public/images/face.jpg',`openid`='',`kiss`='100',`answer_num`='0',`create_time`='1501296431' WHERE `uid` = 33 [ RunTime:0.0591s ]

[ 2017-07-30T23:37:00+08:00 ] 127.0.0.1 /GetName/bbs/index.php/home/set/checkdata.html
INFO: [ app_init ] --START--
INFO: Run Behavior\BuildLiteBehavior [ RunTime:0.000024s ]
INFO: [ app_init ] --END-- [ RunTime:0.000445s ]
INFO: [ app_begin ] --START--
INFO: Run Behavior\ReadHtmlCacheBehavior [ RunTime:0.000423s ]
INFO: [ app_begin ] --END-- [ RunTime:0.000532s ]
SQL: SHOW COLUMNS FROM `user` [ RunTime:0.0068s ]
SQL: SELECT * FROM `user` WHERE `uid` = 33 LIMIT 1   [ RunTime:0.0005s ]
SQL: SHOW COLUMNS FROM `user` [ RunTime:0.0077s ]
NOTIC: [8] Undefined index: validate D:\Program\www\GetName\bbs\ThinkPHP\Library\Think\Model.class.php 第 1185 行.
SQL: SELECT * FROM `user` WHERE `email` = '1ss10444@qq.com' LIMIT 1   [ RunTime:0.0006s ]
SQL: SELECT * FROM `user` WHERE `nickname` = 'bsan555' LIMIT 1   [ RunTime:0.0005s ]
NOTIC: [8] Undefined index: auto D:\Program\www\GetName\bbs\ThinkPHP\Library\Think\Model.class.php 第 1128 行.
SQL: SELECT * FROM `user` WHERE `email` = '110@qq.com' AND `uid` <> '33'  [ RunTime:0.0006s ]
SQL: SELECT * FROM `user` WHERE `nickname` = 'bsan' AND `uid` <> '33'  [ RunTime:0.0010s ]
SQL: UPDATE `user` SET `uid`='33',`nickname`='bsan',`email`='110@qq.com',`password`='e10adc3949ba59abbe56e057f20f883e',`is_active`='0',`level`='0',`status`='0',`sex`='女',`city`='日本',`sign`='大河向东流啊~~',`face`='/Public/images/face.jpg',`openid`='',`kiss`='100',`answer_num`='0',`create_time`='1501296431' WHERE `uid` = 33 [ RunTime:0.0473s ]

[ 2017-07-30T23:37:51+08:00 ] 127.0.0.1 /GetName/bbs/index.php/home/set/checkdata.html
INFO: [ app_init ] --START--
INFO: Run Behavior\BuildLiteBehavior [ RunTime:0.000080s ]
INFO: [ app_init ] --END-- [ RunTime:0.000529s ]
INFO: [ app_begin ] --START--
INFO: Run Behavior\ReadHtmlCacheBehavior [ RunTime:0.000663s ]
INFO: [ app_begin ] --END-- [ RunTime:0.000856s ]
SQL: SHOW COLUMNS FROM `user` [ RunTime:0.0093s ]
SQL: SELECT * FROM `user` WHERE `uid` = 33 LIMIT 1   [ RunTime:0.0008s ]
SQL: SHOW COLUMNS FROM `user` [ RunTime:0.0064s ]
NOTIC: [8] Undefined index: validate D:\Program\www\GetName\bbs\ThinkPHP\Library\Think\Model.class.php 第 1185 行.
SQL: SELECT * FROM `user` WHERE `email` = '1ss10444@qq.com' LIMIT 1   [ RunTime:0.0004s ]
SQL: SELECT * FROM `user` WHERE `nickname` = 'bsan555' LIMIT 1   [ RunTime:0.0004s ]
NOTIC: [8] Undefined index: auto D:\Program\www\GetName\bbs\ThinkPHP\Library\Think\Model.class.php 第 1128 行.
SQL: SELECT * FROM `user` WHERE `email` = '110@qq.com' AND `uid` <> '33'  [ RunTime:0.0003s ]
SQL: SELECT * FROM `user` WHERE `nickname` = 'bsan' AND `uid` <> '33'  [ RunTime:0.0003s ]
SQL: UPDATE `user` SET `uid`='33',`nickname`='bsan',`email`='110@qq.com',`password`='e10adc3949ba59abbe56e057f20f883e',`is_active`='0',`level`='0',`status`='0',`sex`='女',`city`='日本',`sign`='大河向东流啊~~',`face`='/Public/images/face.jpg',`openid`='',`kiss`='100',`answer_num`='0',`create_time`='1501296431' WHERE `uid` = 33 [ RunTime:0.0660s ]

[ 2017-07-30T23:38:26+08:00 ] 127.0.0.1 /GetName/bbs/index.php/home/set/checkdata.html
INFO: [ app_init ] --START--
INFO: Run Behavior\BuildLiteBehavior [ RunTime:0.000037s ]
INFO: [ app_init ] --END-- [ RunTime:0.000884s ]
INFO: [ app_begin ] --START--
INFO: Run Behavior\ReadHtmlCacheBehavior [ RunTime:0.000647s ]
INFO: [ app_begin ] --END-- [ RunTime:0.000806s ]
SQL: SHOW COLUMNS FROM `user` [ RunTime:0.0077s ]
SQL: SELECT * FROM `user` WHERE `uid` = 33 LIMIT 1   [ RunTime:0.0007s ]
SQL: SHOW COLUMNS FROM `user` [ RunTime:0.0074s ]
NOTIC: [8] Undefined index: validate D:\Program\www\GetName\bbs\ThinkPHP\Library\Think\Model.class.php 第 1185 行.
SQL: SELECT * FROM `user` WHERE `email` = '1ss10444@qq.com' LIMIT 1   [ RunTime:0.0004s ]
SQL: SELECT * FROM `user` WHERE `nickname` = 'bsan555' LIMIT 1   [ RunTime:0.0006s ]
NOTIC: [8] Undefined index: auto D:\Program\www\GetName\bbs\ThinkPHP\Library\Think\Model.class.php 第 1128 行.
SQL: SELECT * FROM `user` WHERE `email` = '110@qq.com' AND `uid` <> '33'  [ RunTime:0.0005s ]
SQL: SELECT * FROM `user` WHERE `nickname` = 'bsan' AND `uid` <> '33'  [ RunTime:0.0004s ]
SQL: UPDATE `user` SET `uid`='33',`nickname`='bsan',`email`='110@qq.com',`password`='e10adc3949ba59abbe56e057f20f883e',`is_active`='0',`level`='0',`status`='0',`sex`='女',`city`='日本',`sign`='大河向东流啊~~',`face`='/Public/images/face.jpg',`openid`='',`kiss`='100',`answer_num`='0',`create_time`='1501296431' WHERE `uid` = 33 [ RunTime:0.0947s ]

[ 2017-07-30T23:38:40+08:00 ] 127.0.0.1 /GetName/bbs/index.php/home/set/checkdata.html
INFO: [ app_init ] --START--
INFO: Run Behavior\BuildLiteBehavior [ RunTime:0.000020s ]
INFO: [ app_init ] --END-- [ RunTime:0.000329s ]
INFO: [ app_begin ] --START--
INFO: Run Behavior\ReadHtmlCacheBehavior [ RunTime:0.000379s ]
INFO: [ app_begin ] --END-- [ RunTime:0.000455s ]
SQL: SHOW COLUMNS FROM `user` [ RunTime:0.0278s ]
SQL: SELECT * FROM `user` WHERE `uid` = 33 LIMIT 1   [ RunTime:0.0004s ]
SQL: SHOW COLUMNS FROM `user` [ RunTime:0.0061s ]
NOTIC: [8] Undefined index: validate D:\Program\www\GetName\bbs\ThinkPHP\Library\Think\Model.class.php 第 1185 行.
SQL: SELECT * FROM `user` WHERE `email` = '1ss10444@qq.com' LIMIT 1   [ RunTime:0.0004s ]
SQL: SELECT * FROM `user` WHERE `nickname` = 'bsan555' LIMIT 1   [ RunTime:0.0003s ]
NOTIC: [8] Undefined index: auto D:\Program\www\GetName\bbs\ThinkPHP\Library\Think\Model.class.php 第 1128 行.
SQL: SELECT * FROM `user` WHERE `email` = '110@qq.com' AND `uid` <> '33'  [ RunTime:0.0003s ]
SQL: SELECT * FROM `user` WHERE `nickname` = 'bsan' AND `uid` <> '33'  [ RunTime:0.0004s ]
SQL: UPDATE `user` SET `uid`='33',`nickname`='bsan',`email`='110@qq.com',`password`='e10adc3949ba59abbe56e057f20f883e',`is_active`='0',`level`='0',`status`='0',`sex`='女',`city`='日本',`sign`='大河向东流啊~~',`face`='/Public/images/face.jpg',`openid`='',`kiss`='100',`answer_num`='0',`create_time`='1501296431' WHERE `uid` = 33 [ RunTime:0.0362s ]

