[ 2017-09-07T17:05:58+08:00 ] 127.0.0.1 /GetName/bbs/
INFO: [ app_init ] --START--
INFO: Run Behavior\BuildLiteBehavior [ RunTime:0.000024s ]
INFO: [ app_init ] --END-- [ RunTime:0.000910s ]
INFO: [ app_begin ] --START--
INFO: Run Behavior\ReadHtmlCacheBehavior [ RunTime:0.009998s ]
INFO: [ app_begin ] --END-- [ RunTime:0.010124s ]
SQL: SHOW COLUMNS FROM `question` [ RunTime:0.0394s ]
SQL: SELECT `qid`,`title`,`answer_num` FROM `question` ORDER BY answer_num desc LIMIT 10   [ RunTime:0.0596s ]
SQL: SHOW COLUMNS FROM `user` [ RunTime:0.0783s ]
SQL: SELECT `face`,`nickname`,`uid`,`answer_num` FROM `user` ORDER BY answer_num desc LIMIT 12   [ RunTime:0.0010s ]
SQL: select t1.*,t2.nickname,t2.face,t3.cname  from question t1 inner join user t2 on t1.uid=t2.uid inner join category t3 on t1.cid=t3.cid where t1.top='1' [ RunTime:0.0603s ]
SQL: select t1.*,t2.nickname,t2.face,t3.cname  from question t1 inner join user t2 on t1.uid=t2.uid inner join category t3 on t1.cid=t3.cid where t1.top<>'1' order by create_time desc limit 6  [ RunTime:0.0019s ]
INFO: [ view_parse ] --START--
INFO: [ template_filter ] --START--
INFO: Run Behavior\ContentReplaceBehavior [ RunTime:0.000254s ]
INFO: [ template_filter ] --END-- [ RunTime:0.000545s ]
NOTIC: [8] Use of undefined constant p - assumed 'p' D:\Program\www\GetName\bbs\App\Runtime\Cache\Home\00e52909bed743ea261af4b6823297ff.php 第 257 行.
INFO: Run Behavior\ParseTemplateBehavior [ RunTime:0.086524s ]
INFO: [ view_parse ] --END-- [ RunTime:0.086882s ]
INFO: [ view_filter ] --START--
INFO: Run Behavior\WriteHtmlCacheBehavior [ RunTime:0.005924s ]
INFO: [ view_filter ] --END-- [ RunTime:0.006191s ]
INFO: [ app_end ] --START--
INFO: Run Behavior\ShowPageTraceBehavior [ RunTime:0.020701s ]
INFO: [ app_end ] --END-- [ RunTime:0.020934s ]

[ 2017-09-07T17:06:01+08:00 ] 127.0.0.1 /GetName/bbs/index.php/home/user/index.html
INFO: [ app_init ] --START--
INFO: Run Behavior\BuildLiteBehavior [ RunTime:0.000037s ]
INFO: [ app_init ] --END-- [ RunTime:0.000574s ]
INFO: [ app_begin ] --START--
INFO: Run Behavior\ReadHtmlCacheBehavior [ RunTime:0.000603s ]
INFO: [ app_begin ] --END-- [ RunTime:0.000728s ]
SQL: select t2.title,t2.qid,t2.answer_num,t2.view_num,t2.create_time from user t1 inner join question t2 on t1.uid=t2.uid where t1.uid='8' [ RunTime:0.0043s ]
SQL: select count(qid) t1 from question where question.uid='8' [ RunTime:0.0362s ]
SQL: select count(qid) t1 from question where question.uid='8' [ RunTime:0.0003s ]
INFO: [ view_parse ] --START--
INFO: [ template_filter ] --START--
INFO: Run Behavior\ContentReplaceBehavior [ RunTime:0.000077s ]
INFO: [ template_filter ] --END-- [ RunTime:0.000176s ]
INFO: Run Behavior\ParseTemplateBehavior [ RunTime:0.025344s ]
INFO: [ view_parse ] --END-- [ RunTime:0.025453s ]
INFO: [ view_filter ] --START--
INFO: Run Behavior\WriteHtmlCacheBehavior [ RunTime:0.000367s ]
INFO: [ view_filter ] --END-- [ RunTime:0.000451s ]
INFO: [ app_end ] --START--
INFO: Run Behavior\ShowPageTraceBehavior [ RunTime:0.000462s ]
INFO: [ app_end ] --END-- [ RunTime:0.000555s ]

[ 2017-09-07T17:06:04+08:00 ] 127.0.0.1 /GetName/bbs/index.php/home/set/index.html
INFO: [ app_init ] --START--
INFO: Run Behavior\BuildLiteBehavior [ RunTime:0.000020s ]
INFO: [ app_init ] --END-- [ RunTime:0.000331s ]
INFO: [ app_begin ] --START--
INFO: Run Behavior\ReadHtmlCacheBehavior [ RunTime:0.000451s ]
INFO: [ app_begin ] --END-- [ RunTime:0.000550s ]
SQL: SHOW COLUMNS FROM `user` [ RunTime:0.0076s ]
SQL: SELECT * FROM `user` WHERE `uid` = 8 LIMIT 1   [ RunTime:0.0004s ]
INFO: [ view_parse ] --START--
INFO: [ template_filter ] --START--
INFO: Run Behavior\ContentReplaceBehavior [ RunTime:0.000093s ]
INFO: [ template_filter ] --END-- [ RunTime:0.000194s ]
INFO: Run Behavior\ParseTemplateBehavior [ RunTime:0.034628s ]
INFO: [ view_parse ] --END-- [ RunTime:0.034777s ]
INFO: [ view_filter ] --START--
INFO: Run Behavior\WriteHtmlCacheBehavior [ RunTime:0.000435s ]
INFO: [ view_filter ] --END-- [ RunTime:0.000524s ]
INFO: [ app_end ] --START--
INFO: Run Behavior\ShowPageTraceBehavior [ RunTime:0.000641s ]
INFO: [ app_end ] --END-- [ RunTime:0.000771s ]

[ 2017-09-07T17:06:13+08:00 ] 127.0.0.1 /GetName/bbs/index.php/home/index/all.html
INFO: [ app_init ] --START--
INFO: Run Behavior\BuildLiteBehavior [ RunTime:0.000033s ]
INFO: [ app_init ] --END-- [ RunTime:0.000491s ]
INFO: [ app_begin ] --START--
INFO: Run Behavior\ReadHtmlCacheBehavior [ RunTime:0.000516s ]
INFO: [ app_begin ] --END-- [ RunTime:0.000621s ]
SQL: select t1.*,t2.nickname,t2.face,t3.cname  from question t1 inner join user t2 on t1.uid=t2.uid inner join category t3 on t1.cid=t3.cid where t1.top='1' [ RunTime:0.0005s ]
SQL: SHOW COLUMNS FROM `question` [ RunTime:0.0071s ]
SQL: SELECT COUNT(*) AS tp_count FROM `question` WHERE ( top<>1 ) LIMIT 1   [ RunTime:0.0003s ]
SQL: select t1.*,t2.nickname,t2.face,t3.cname  from question t1 inner join user t2 on t1.uid=t2.uid inner join category t3 on t1.cid=t3.cid where t1.top<>'1' order by create_time desc limit 0,6 [ RunTime:0.0008s ]
INFO: [ view_parse ] --START--
INFO: [ template_filter ] --START--
INFO: Run Behavior\ContentReplaceBehavior [ RunTime:0.000081s ]
INFO: [ template_filter ] --END-- [ RunTime:0.000186s ]
INFO: Run Behavior\ParseTemplateBehavior [ RunTime:0.029432s ]
INFO: [ view_parse ] --END-- [ RunTime:0.029530s ]
INFO: [ view_filter ] --START--
INFO: Run Behavior\WriteHtmlCacheBehavior [ RunTime:0.000397s ]
INFO: [ view_filter ] --END-- [ RunTime:0.000492s ]
INFO: [ app_end ] --START--
INFO: Run Behavior\ShowPageTraceBehavior [ RunTime:0.000996s ]
INFO: [ app_end ] --END-- [ RunTime:0.001230s ]

[ 2017-09-07T17:06:15+08:00 ] 127.0.0.1 /GetName/bbs/index.php/home/jie/index/id/48.html
INFO: [ app_init ] --START--
INFO: Run Behavior\BuildLiteBehavior [ RunTime:0.000020s ]
INFO: [ app_init ] --END-- [ RunTime:0.000318s ]
INFO: [ app_begin ] --START--
INFO: Run Behavior\ReadHtmlCacheBehavior [ RunTime:0.000661s ]
INFO: [ app_begin ] --END-- [ RunTime:0.000774s ]
SQL: SHOW COLUMNS FROM `question` [ RunTime:0.0073s ]
SQL: UPDATE `question` SET `view_num`=view_num+1 WHERE `qid` = 48 [ RunTime:0.1004s ]
SQL: select t1.*,t2.nickname,t2.face from question t1 left join user t2 on t1.uid=t2.uid where t1.qid='48' [ RunTime:0.0008s ]
SQL: SHOW COLUMNS FROM `collect` [ RunTime:0.0256s ]
SQL: SELECT * FROM `collect` WHERE `qid` = 48 AND `uid` = 8 LIMIT 1   [ RunTime:0.0006s ]
SQL: select t1.*,t2.nickname,t2.face from answer t1 left join user t2 on t1.uid=t2.uid where t1.qid='48' [ RunTime:0.0110s ]
SQL: SELECT `qid`,`title`,`answer_num` FROM `question` ORDER BY answer_num desc LIMIT 10   [ RunTime:0.0006s ]
INFO: [ view_parse ] --START--
INFO: [ template_filter ] --START--
INFO: Run Behavior\ContentReplaceBehavior [ RunTime:0.000256s ]
INFO: [ template_filter ] --END-- [ RunTime:0.000627s ]
NOTIC: [8] Use of undefined constant home - assumed 'home' D:\Program\www\GetName\bbs\App\Runtime\Cache\Home\12cc94d49931da457519909eb924ded5.php 第 188 行.
NOTIC: [8] Use of undefined constant jie - assumed 'jie' D:\Program\www\GetName\bbs\App\Runtime\Cache\Home\12cc94d49931da457519909eb924ded5.php 第 188 行.
NOTIC: [2] Division by zero D:\Program\www\GetName\bbs\App\Runtime\Cache\Home\12cc94d49931da457519909eb924ded5.php 第 188 行.
NOTIC: [8] Use of undefined constant index - assumed 'index' D:\Program\www\GetName\bbs\App\Runtime\Cache\Home\12cc94d49931da457519909eb924ded5.php 第 188 行.
NOTIC: [2] Division by zero D:\Program\www\GetName\bbs\App\Runtime\Cache\Home\12cc94d49931da457519909eb924ded5.php 第 188 行.
NOTIC: [8] Use of undefined constant home - assumed 'home' D:\Program\www\GetName\bbs\App\Runtime\Cache\Home\12cc94d49931da457519909eb924ded5.php 第 188 行.
NOTIC: [8] Use of undefined constant jie - assumed 'jie' D:\Program\www\GetName\bbs\App\Runtime\Cache\Home\12cc94d49931da457519909eb924ded5.php 第 188 行.
NOTIC: [2] Division by zero D:\Program\www\GetName\bbs\App\Runtime\Cache\Home\12cc94d49931da457519909eb924ded5.php 第 188 行.
NOTIC: [8] Use of undefined constant index - assumed 'index' D:\Program\www\GetName\bbs\App\Runtime\Cache\Home\12cc94d49931da457519909eb924ded5.php 第 188 行.
NOTIC: [2] Division by zero D:\Program\www\GetName\bbs\App\Runtime\Cache\Home\12cc94d49931da457519909eb924ded5.php 第 188 行.
NOTIC: [8] Use of undefined constant home - assumed 'home' D:\Program\www\GetName\bbs\App\Runtime\Cache\Home\12cc94d49931da457519909eb924ded5.php 第 188 行.
NOTIC: [8] Use of undefined constant jie - assumed 'jie' D:\Program\www\GetName\bbs\App\Runtime\Cache\Home\12cc94d49931da457519909eb924ded5.php 第 188 行.
NOTIC: [2] Division by zero D:\Program\www\GetName\bbs\App\Runtime\Cache\Home\12cc94d49931da457519909eb924ded5.php 第 188 行.
NOTIC: [8] Use of undefined constant index - assumed 'index' D:\Program\www\GetName\bbs\App\Runtime\Cache\Home\12cc94d49931da457519909eb924ded5.php 第 188 行.
NOTIC: [2] Division by zero D:\Program\www\GetName\bbs\App\Runtime\Cache\Home\12cc94d49931da457519909eb924ded5.php 第 188 行.
NOTIC: [8] Use of undefined constant home - assumed 'home' D:\Program\www\GetName\bbs\App\Runtime\Cache\Home\12cc94d49931da457519909eb924ded5.php 第 188 行.
NOTIC: [8] Use of undefined constant jie - assumed 'jie' D:\Program\www\GetName\bbs\App\Runtime\Cache\Home\12cc94d49931da457519909eb924ded5.php 第 188 行.
NOTIC: [2] Division by zero D:\Program\www\GetName\bbs\App\Runtime\Cache\Home\12cc94d49931da457519909eb924ded5.php 第 188 行.
NOTIC: [8] Use of undefined constant index - assumed 'index' D:\Program\www\GetName\bbs\App\Runtime\Cache\Home\12cc94d49931da457519909eb924ded5.php 第 188 行.
NOTIC: [2] Division by zero D:\Program\www\GetName\bbs\App\Runtime\Cache\Home\12cc94d49931da457519909eb924ded5.php 第 188 行.
NOTIC: [8] Use of undefined constant home - assumed 'home' D:\Program\www\GetName\bbs\App\Runtime\Cache\Home\12cc94d49931da457519909eb924ded5.php 第 188 行.
NOTIC: [8] Use of undefined constant jie - assumed 'jie' D:\Program\www\GetName\bbs\App\Runtime\Cache\Home\12cc94d49931da457519909eb924ded5.php 第 188 行.
NOTIC: [2] Division by zero D:\Program\www\GetName\bbs\App\Runtime\Cache\Home\12cc94d49931da457519909eb924ded5.php 第 188 行.
NOTIC: [8] Use of undefined constant index - assumed 'index' D:\Program\www\GetName\bbs\App\Runtime\Cache\Home\12cc94d49931da457519909eb924ded5.php 第 188 行.
NOTIC: [2] Division by zero D:\Program\www\GetName\bbs\App\Runtime\Cache\Home\12cc94d49931da457519909eb924ded5.php 第 188 行.
NOTIC: [8] Use of undefined constant home - assumed 'home' D:\Program\www\GetName\bbs\App\Runtime\Cache\Home\12cc94d49931da457519909eb924ded5.php 第 188 行.
NOTIC: [8] Use of undefined constant jie - assumed 'jie' D:\Program\www\GetName\bbs\App\Runtime\Cache\Home\12cc94d49931da457519909eb924ded5.php 第 188 行.
NOTIC: [2] Division by zero D:\Program\www\GetName\bbs\App\Runtime\Cache\Home\12cc94d49931da457519909eb924ded5.php 第 188 行.
NOTIC: [8] Use of undefined constant index - assumed 'index' D:\Program\www\GetName\bbs\App\Runtime\Cache\Home\12cc94d49931da457519909eb924ded5.php 第 188 行.
NOTIC: [2] Division by zero D:\Program\www\GetName\bbs\App\Runtime\Cache\Home\12cc94d49931da457519909eb924ded5.php 第 188 行.
NOTIC: [8] Use of undefined constant home - assumed 'home' D:\Program\www\GetName\bbs\App\Runtime\Cache\Home\12cc94d49931da457519909eb924ded5.php 第 188 行.
NOTIC: [8] Use of undefined constant jie - assumed 'jie' D:\Program\www\GetName\bbs\App\Runtime\Cache\Home\12cc94d49931da457519909eb924ded5.php 第 188 行.
NOTIC: [2] Division by zero D:\Program\www\GetName\bbs\App\Runtime\Cache\Home\12cc94d49931da457519909eb924ded5.php 第 188 行.
NOTIC: [8] Use of undefined constant index - assumed 'index' D:\Program\www\GetName\bbs\App\Runtime\Cache\Home\12cc94d49931da457519909eb924ded5.php 第 188 行.
NOTIC: [2] Division by zero D:\Program\www\GetName\bbs\App\Runtime\Cache\Home\12cc94d49931da457519909eb924ded5.php 第 188 行.
NOTIC: [8] Use of undefined constant home - assumed 'home' D:\Program\www\GetName\bbs\App\Runtime\Cache\Home\12cc94d49931da457519909eb924ded5.php 第 188 行.
NOTIC: [8] Use of undefined constant jie - assumed 'jie' D:\Program\www\GetName\bbs\App\Runtime\Cache\Home\12cc94d49931da457519909eb924ded5.php 第 188 行.
NOTIC: [2] Division by zero D:\Program\www\GetName\bbs\App\Runtime\Cache\Home\12cc94d49931da457519909eb924ded5.php 第 188 行.
NOTIC: [8] Use of undefined constant index - assumed 'index' D:\Program\www\GetName\bbs\App\Runtime\Cache\Home\12cc94d49931da457519909eb924ded5.php 第 188 行.
NOTIC: [2] Division by zero D:\Program\www\GetName\bbs\App\Runtime\Cache\Home\12cc94d49931da457519909eb924ded5.php 第 188 行.
NOTIC: [8] Use of undefined constant home - assumed 'home' D:\Program\www\GetName\bbs\App\Runtime\Cache\Home\12cc94d49931da457519909eb924ded5.php 第 188 行.
NOTIC: [8] Use of undefined constant jie - assumed 'jie' D:\Program\www\GetName\bbs\App\Runtime\Cache\Home\12cc94d49931da457519909eb924ded5.php 第 188 行.
NOTIC: [2] Division by zero D:\Program\www\GetName\bbs\App\Runtime\Cache\Home\12cc94d49931da457519909eb924ded5.php 第 188 行.
NOTIC: [8] Use of undefined constant index - assumed 'index' D:\Program\www\GetName\bbs\App\Runtime\Cache\Home\12cc94d49931da457519909eb924ded5.php 第 188 行.
NOTIC: [2] Division by zero D:\Program\www\GetName\bbs\App\Runtime\Cache\Home\12cc94d49931da457519909eb924ded5.php 第 188 行.
NOTIC: [8] Use of undefined constant home - assumed 'home' D:\Program\www\GetName\bbs\App\Runtime\Cache\Home\12cc94d49931da457519909eb924ded5.php 第 188 行.
NOTIC: [8] Use of undefined constant jie - assumed 'jie' D:\Program\www\GetName\bbs\App\Runtime\Cache\Home\12cc94d49931da457519909eb924ded5.php 第 188 行.
NOTIC: [2] Division by zero D:\Program\www\GetName\bbs\App\Runtime\Cache\Home\12cc94d49931da457519909eb924ded5.php 第 188 行.
NOTIC: [8] Use of undefined constant index - assumed 'index' D:\Program\www\GetName\bbs\App\Runtime\Cache\Home\12cc94d49931da457519909eb924ded5.php 第 188 行.
NOTIC: [2] Division by zero D:\Program\www\GetName\bbs\App\Runtime\Cache\Home\12cc94d49931da457519909eb924ded5.php 第 188 行.
INFO: Run Behavior\ParseTemplateBehavior [ RunTime:0.081337s ]
INFO: [ view_parse ] --END-- [ RunTime:0.081547s ]
INFO: [ view_filter ] --START--
INFO: Run Behavior\WriteHtmlCacheBehavior [ RunTime:0.000752s ]
INFO: [ view_filter ] --END-- [ RunTime:0.000930s ]
INFO: [ app_end ] --START--
INFO: Run Behavior\ShowPageTraceBehavior [ RunTime:0.001444s ]
INFO: [ app_end ] --END-- [ RunTime:0.001691s ]

[ 2017-09-07T17:06:16+08:00 ] 127.0.0.1 /GetName/bbs/index.php/home/u/index/id/36.html
INFO: [ app_init ] --START--
INFO: Run Behavior\BuildLiteBehavior [ RunTime:0.000034s ]
INFO: [ app_init ] --END-- [ RunTime:0.000542s ]
INFO: [ app_begin ] --START--
INFO: Run Behavior\ReadHtmlCacheBehavior [ RunTime:0.000476s ]
INFO: [ app_begin ] --END-- [ RunTime:0.000577s ]
SQL: SHOW COLUMNS FROM `user` [ RunTime:0.0080s ]
SQL: SELECT * FROM `user` WHERE `uid` = 36 LIMIT 1   [ RunTime:0.0005s ]
INFO: [ view_parse ] --START--
INFO: [ template_filter ] --START--
INFO: Run Behavior\ContentReplaceBehavior [ RunTime:0.000084s ]
INFO: [ template_filter ] --END-- [ RunTime:0.000185s ]
INFO: Run Behavior\ParseTemplateBehavior [ RunTime:0.025508s ]
INFO: [ view_parse ] --END-- [ RunTime:0.025616s ]
INFO: [ view_filter ] --START--
INFO: Run Behavior\WriteHtmlCacheBehavior [ RunTime:0.000347s ]
INFO: [ view_filter ] --END-- [ RunTime:0.000430s ]
INFO: [ app_end ] --START--
INFO: Run Behavior\ShowPageTraceBehavior [ RunTime:0.000460s ]
INFO: [ app_end ] --END-- [ RunTime:0.000548s ]

[ 2017-09-07T17:06:16+08:00 ] 127.0.0.1 /GetName/bbs/index.php/home/u/index/id/36.html
INFO: [ app_init ] --START--
INFO: Run Behavior\BuildLiteBehavior [ RunTime:0.000034s ]
INFO: [ app_init ] --END-- [ RunTime:0.000645s ]
INFO: [ app_begin ] --START--
INFO: Run Behavior\ReadHtmlCacheBehavior [ RunTime:0.000520s ]
INFO: [ app_begin ] --END-- [ RunTime:0.000627s ]
SQL: SHOW COLUMNS FROM `user` [ RunTime:0.0081s ]
SQL: SELECT * FROM `user` WHERE `uid` = 36 LIMIT 1   [ RunTime:0.0005s ]
INFO: [ view_parse ] --START--
INFO: [ template_filter ] --START--
INFO: Run Behavior\ContentReplaceBehavior [ RunTime:0.000119s ]
INFO: [ template_filter ] --END-- [ RunTime:0.000292s ]
INFO: Run Behavior\ParseTemplateBehavior [ RunTime:0.009058s ]
INFO: [ view_parse ] --END-- [ RunTime:0.009197s ]
INFO: [ view_filter ] --START--
INFO: Run Behavior\WriteHtmlCacheBehavior [ RunTime:0.000778s ]
INFO: [ view_filter ] --END-- [ RunTime:0.000929s ]
INFO: [ app_end ] --START--
INFO: Run Behavior\ShowPageTraceBehavior [ RunTime:0.000876s ]
INFO: [ app_end ] --END-- [ RunTime:0.001033s ]

