[ 2017-08-17T08:31:16+08:00 ] 127.0.0.1 /GetName/bbs/
INFO: [ app_init ] --START--
INFO: Run Behavior\BuildLiteBehavior [ RunTime:0.000019s ]
INFO: [ app_init ] --END-- [ RunTime:0.000330s ]
INFO: [ app_begin ] --START--
INFO: Run Behavior\ReadHtmlCacheBehavior [ RunTime:0.000467s ]
INFO: [ app_begin ] --END-- [ RunTime:0.000582s ]
SQL: SHOW COLUMNS FROM `question` [ RunTime:0.0251s ]
SQL: SELECT `qid`,`title`,`answer_num` FROM `question` ORDER BY answer_num desc LIMIT 10   [ RunTime:0.0109s ]
SQL: SHOW COLUMNS FROM `user` [ RunTime:0.0549s ]
SQL: SELECT `face`,`nickname`,`uid`,`answer_num` FROM `user` ORDER BY answer_num desc LIMIT 12   [ RunTime:0.0009s ]
SQL: select t1.*,t2.nickname,t2.face,t3.cname  from question t1 inner join user t2 on t1.uid=t2.uid inner join category t3 on t1.cid=t3.cid where t1.top='1' [ RunTime:0.0578s ]
SQL: select t1.*,t2.nickname,t2.face,t3.cname  from question t1 inner join user t2 on t1.uid=t2.uid inner join category t3 on t1.cid=t3.cid where t1.top<>'1' order by create_time desc limit 6  [ RunTime:0.0016s ]
INFO: [ view_parse ] --START--
INFO: [ template_filter ] --START--
INFO: Run Behavior\ContentReplaceBehavior [ RunTime:0.000245s ]
INFO: [ template_filter ] --END-- [ RunTime:0.000519s ]
NOTIC: [8] Undefined index: uid D:\Program\www\GetName\bbs\App\Runtime\Cache\Home\00e52909bed743ea261af4b6823297ff.php 第 122 行.
NOTIC: [8] Use of undefined constant p - assumed 'p' D:\Program\www\GetName\bbs\App\Runtime\Cache\Home\00e52909bed743ea261af4b6823297ff.php 第 257 行.
INFO: Run Behavior\ParseTemplateBehavior [ RunTime:0.073266s ]
INFO: [ view_parse ] --END-- [ RunTime:0.073468s ]
INFO: [ view_filter ] --START--
INFO: Run Behavior\WriteHtmlCacheBehavior [ RunTime:0.000446s ]
INFO: [ view_filter ] --END-- [ RunTime:0.000607s ]
INFO: [ app_end ] --START--
INFO: Run Behavior\ShowPageTraceBehavior [ RunTime:0.000837s ]
INFO: [ app_end ] --END-- [ RunTime:0.001027s ]

[ 2017-08-17T12:36:36+08:00 ] 127.0.0.1 /GetName/bbs/
INFO: [ app_init ] --START--
INFO: Run Behavior\BuildLiteBehavior [ RunTime:0.000022s ]
INFO: [ app_init ] --END-- [ RunTime:0.000468s ]
INFO: [ app_begin ] --START--
INFO: Run Behavior\ReadHtmlCacheBehavior [ RunTime:0.000411s ]
INFO: [ app_begin ] --END-- [ RunTime:0.000519s ]
SQL: SHOW COLUMNS FROM `question` [ RunTime:0.0163s ]
SQL: SELECT `qid`,`title`,`answer_num` FROM `question` ORDER BY answer_num desc LIMIT 10   [ RunTime:0.0008s ]
SQL: SHOW COLUMNS FROM `user` [ RunTime:0.0102s ]
SQL: SELECT `face`,`nickname`,`uid`,`answer_num` FROM `user` ORDER BY answer_num desc LIMIT 12   [ RunTime:0.0005s ]
SQL: select t1.*,t2.nickname,t2.face,t3.cname  from question t1 inner join user t2 on t1.uid=t2.uid inner join category t3 on t1.cid=t3.cid where t1.top='1' [ RunTime:0.0006s ]
SQL: select t1.*,t2.nickname,t2.face,t3.cname  from question t1 inner join user t2 on t1.uid=t2.uid inner join category t3 on t1.cid=t3.cid where t1.top<>'1' order by create_time desc limit 6  [ RunTime:0.0009s ]
INFO: [ view_parse ] --START--
INFO: [ template_filter ] --START--
INFO: Run Behavior\ContentReplaceBehavior [ RunTime:0.000135s ]
INFO: [ template_filter ] --END-- [ RunTime:0.000287s ]
NOTIC: [8] Undefined index: uid D:\Program\www\GetName\bbs\App\Runtime\Cache\Home\00e52909bed743ea261af4b6823297ff.php 第 122 行.
NOTIC: [8] Use of undefined constant p - assumed 'p' D:\Program\www\GetName\bbs\App\Runtime\Cache\Home\00e52909bed743ea261af4b6823297ff.php 第 257 行.
INFO: Run Behavior\ParseTemplateBehavior [ RunTime:0.052182s ]
INFO: [ view_parse ] --END-- [ RunTime:0.052335s ]
INFO: [ view_filter ] --START--
INFO: Run Behavior\WriteHtmlCacheBehavior [ RunTime:0.000482s ]
INFO: [ view_filter ] --END-- [ RunTime:0.000609s ]
INFO: [ app_end ] --START--
INFO: Run Behavior\ShowPageTraceBehavior [ RunTime:0.000929s ]
INFO: [ app_end ] --END-- [ RunTime:0.001134s ]

[ 2017-08-17T14:59:48+08:00 ] 127.0.0.1 /GetName/bbs/
INFO: [ app_init ] --START--
INFO: Run Behavior\BuildLiteBehavior [ RunTime:0.000019s ]
INFO: [ app_init ] --END-- [ RunTime:0.000316s ]
INFO: [ app_begin ] --START--
INFO: Run Behavior\ReadHtmlCacheBehavior [ RunTime:0.000393s ]
INFO: [ app_begin ] --END-- [ RunTime:0.000493s ]
SQL: SHOW COLUMNS FROM `question` [ RunTime:0.0092s ]
SQL: SELECT `qid`,`title`,`answer_num` FROM `question` ORDER BY answer_num desc LIMIT 10   [ RunTime:0.0004s ]
SQL: SHOW COLUMNS FROM `user` [ RunTime:0.0070s ]
SQL: SELECT `face`,`nickname`,`uid`,`answer_num` FROM `user` ORDER BY answer_num desc LIMIT 12   [ RunTime:0.0004s ]
SQL: select t1.*,t2.nickname,t2.face,t3.cname  from question t1 inner join user t2 on t1.uid=t2.uid inner join category t3 on t1.cid=t3.cid where t1.top='1' [ RunTime:0.0004s ]
SQL: select t1.*,t2.nickname,t2.face,t3.cname  from question t1 inner join user t2 on t1.uid=t2.uid inner join category t3 on t1.cid=t3.cid where t1.top<>'1' order by create_time desc limit 6  [ RunTime:0.0007s ]
INFO: [ view_parse ] --START--
INFO: [ template_filter ] --START--
INFO: Run Behavior\ContentReplaceBehavior [ RunTime:0.000090s ]
INFO: [ template_filter ] --END-- [ RunTime:0.000197s ]
NOTIC: [8] Undefined index: uid D:\Program\www\GetName\bbs\App\Runtime\Cache\Home\00e52909bed743ea261af4b6823297ff.php 第 122 行.
NOTIC: [8] Use of undefined constant p - assumed 'p' D:\Program\www\GetName\bbs\App\Runtime\Cache\Home\00e52909bed743ea261af4b6823297ff.php 第 257 行.
INFO: Run Behavior\ParseTemplateBehavior [ RunTime:0.014420s ]
INFO: [ view_parse ] --END-- [ RunTime:0.014514s ]
INFO: [ view_filter ] --START--
INFO: Run Behavior\WriteHtmlCacheBehavior [ RunTime:0.000295s ]
INFO: [ view_filter ] --END-- [ RunTime:0.000378s ]
INFO: [ app_end ] --START--
INFO: Run Behavior\ShowPageTraceBehavior [ RunTime:0.000697s ]
INFO: [ app_end ] --END-- [ RunTime:0.000916s ]

[ 2017-08-17T22:42:29+08:00 ] 127.0.0.1 /GetName/bbs/
INFO: [ app_init ] --START--
INFO: Run Behavior\BuildLiteBehavior [ RunTime:0.000043s ]
INFO: [ app_init ] --END-- [ RunTime:0.000794s ]
INFO: [ app_begin ] --START--
INFO: Run Behavior\ReadHtmlCacheBehavior [ RunTime:0.000926s ]
INFO: [ app_begin ] --END-- [ RunTime:0.001158s ]
SQL: SHOW COLUMNS FROM `question` [ RunTime:0.0074s ]
SQL: SELECT `qid`,`title`,`answer_num` FROM `question` ORDER BY answer_num desc LIMIT 10   [ RunTime:0.0005s ]
SQL: SHOW COLUMNS FROM `user` [ RunTime:0.0074s ]
SQL: SELECT `face`,`nickname`,`uid`,`answer_num` FROM `user` ORDER BY answer_num desc LIMIT 12   [ RunTime:0.0004s ]
SQL: select t1.*,t2.nickname,t2.face,t3.cname  from question t1 inner join user t2 on t1.uid=t2.uid inner join category t3 on t1.cid=t3.cid where t1.top='1' [ RunTime:0.0004s ]
SQL: select t1.*,t2.nickname,t2.face,t3.cname  from question t1 inner join user t2 on t1.uid=t2.uid inner join category t3 on t1.cid=t3.cid where t1.top<>'1' order by create_time desc limit 6  [ RunTime:0.0008s ]
INFO: [ view_parse ] --START--
INFO: [ template_filter ] --START--
INFO: Run Behavior\ContentReplaceBehavior [ RunTime:0.000090s ]
INFO: [ template_filter ] --END-- [ RunTime:0.000198s ]
NOTIC: [8] Undefined index: uid D:\Program\www\GetName\bbs\App\Runtime\Cache\Home\00e52909bed743ea261af4b6823297ff.php 第 122 行.
NOTIC: [8] Use of undefined constant p - assumed 'p' D:\Program\www\GetName\bbs\App\Runtime\Cache\Home\00e52909bed743ea261af4b6823297ff.php 第 257 行.
INFO: Run Behavior\ParseTemplateBehavior [ RunTime:0.031339s ]
INFO: [ view_parse ] --END-- [ RunTime:0.031434s ]
INFO: [ view_filter ] --START--
INFO: Run Behavior\WriteHtmlCacheBehavior [ RunTime:0.000330s ]
INFO: [ view_filter ] --END-- [ RunTime:0.000412s ]
INFO: [ app_end ] --START--
INFO: Run Behavior\ShowPageTraceBehavior [ RunTime:0.000728s ]
INFO: [ app_end ] --END-- [ RunTime:0.000878s ]

[ 2017-08-17T22:50:46+08:00 ] 127.0.0.1 /GetName/bbs/index.php/home/jie/index/id/55.html
INFO: [ app_init ] --START--
INFO: Run Behavior\BuildLiteBehavior [ RunTime:0.000031s ]
INFO: [ app_init ] --END-- [ RunTime:0.000524s ]
INFO: [ app_begin ] --START--
INFO: Run Behavior\ReadHtmlCacheBehavior [ RunTime:0.000638s ]
INFO: [ app_begin ] --END-- [ RunTime:0.000807s ]
SQL: SHOW COLUMNS FROM `question` [ RunTime:0.0100s ]
SQL: UPDATE `question` SET `view_num`=view_num+1 WHERE `qid` = 55 [ RunTime:0.0307s ]
SQL: select t1.*,t2.nickname,t2.face from question t1 left join user t2 on t1.uid=t2.uid where t1.qid='55' [ RunTime:0.0008s ]
NOTIC: [8] Undefined index: uid D:\Program\www\GetName\bbs\App\Home\Controller\JieController.class.php 第 15 行.
SQL: SHOW COLUMNS FROM `collect` [ RunTime:0.0332s ]
SQL: SELECT * FROM `collect` WHERE `qid` = 55 AND `uid` = null LIMIT 1   [ RunTime:0.0005s ]
SQL: select t1.*,t2.nickname,t2.face from answer t1 left join user t2 on t1.uid=t2.uid where t1.qid='55' [ RunTime:0.0017s ]
SQL: SELECT `qid`,`title`,`answer_num` FROM `question` ORDER BY answer_num desc LIMIT 10   [ RunTime:0.0005s ]
INFO: [ view_parse ] --START--
INFO: [ template_filter ] --START--
INFO: Run Behavior\ContentReplaceBehavior [ RunTime:0.000140s ]
INFO: [ template_filter ] --END-- [ RunTime:0.000305s ]
NOTIC: [8] Use of undefined constant home - assumed 'home' D:\Program\www\GetName\bbs\App\Runtime\Cache\Home\12cc94d49931da457519909eb924ded5.php 第 188 行.
NOTIC: [8] Use of undefined constant jie - assumed 'jie' D:\Program\www\GetName\bbs\App\Runtime\Cache\Home\12cc94d49931da457519909eb924ded5.php 第 188 行.
NOTIC: [2] Division by zero D:\Program\www\GetName\bbs\App\Runtime\Cache\Home\12cc94d49931da457519909eb924ded5.php 第 188 行.
NOTIC: [8] Use of undefined constant index - assumed 'index' D:\Program\www\GetName\bbs\App\Runtime\Cache\Home\12cc94d49931da457519909eb924ded5.php 第 188 行.
NOTIC: [2] Division by zero D:\Program\www\GetName\bbs\App\Runtime\Cache\Home\12cc94d49931da457519909eb924ded5.php 第 188 行.
NOTIC: [8] Use of undefined constant home - assumed 'home' D:\Program\www\GetName\bbs\App\Runtime\Cache\Home\12cc94d49931da457519909eb924ded5.php 第 188 行.
NOTIC: [8] Use of undefined constant jie - assumed 'jie' D:\Program\www\GetName\bbs\App\Runtime\Cache\Home\12cc94d49931da457519909eb924ded5.php 第 188 行.
NOTIC: [2] Division by zero D:\Program\www\GetName\bbs\App\Runtime\Cache\Home\12cc94d49931da457519909eb924ded5.php 第 188 行.
NOTIC: [8] Use of undefined constant index - assumed 'index' D:\Program\www\GetName\bbs\App\Runtime\Cache\Home\12cc94d49931da457519909eb924ded5.php 第 188 行.
NOTIC: [2] Division by zero D:\Program\www\GetName\bbs\App\Runtime\Cache\Home\12cc94d49931da457519909eb924ded5.php 第 188 行.
NOTIC: [8] Use of undefined constant home - assumed 'home' D:\Program\www\GetName\bbs\App\Runtime\Cache\Home\12cc94d49931da457519909eb924ded5.php 第 188 行.
NOTIC: [8] Use of undefined constant jie - assumed 'jie' D:\Program\www\GetName\bbs\App\Runtime\Cache\Home\12cc94d49931da457519909eb924ded5.php 第 188 行.
NOTIC: [2] Division by zero D:\Program\www\GetName\bbs\App\Runtime\Cache\Home\12cc94d49931da457519909eb924ded5.php 第 188 行.
NOTIC: [8] Use of undefined constant index - assumed 'index' D:\Program\www\GetName\bbs\App\Runtime\Cache\Home\12cc94d49931da457519909eb924ded5.php 第 188 行.
NOTIC: [2] Division by zero D:\Program\www\GetName\bbs\App\Runtime\Cache\Home\12cc94d49931da457519909eb924ded5.php 第 188 行.
NOTIC: [8] Use of undefined constant home - assumed 'home' D:\Program\www\GetName\bbs\App\Runtime\Cache\Home\12cc94d49931da457519909eb924ded5.php 第 188 行.
NOTIC: [8] Use of undefined constant jie - assumed 'jie' D:\Program\www\GetName\bbs\App\Runtime\Cache\Home\12cc94d49931da457519909eb924ded5.php 第 188 行.
NOTIC: [2] Division by zero D:\Program\www\GetName\bbs\App\Runtime\Cache\Home\12cc94d49931da457519909eb924ded5.php 第 188 行.
NOTIC: [8] Use of undefined constant index - assumed 'index' D:\Program\www\GetName\bbs\App\Runtime\Cache\Home\12cc94d49931da457519909eb924ded5.php 第 188 行.
NOTIC: [2] Division by zero D:\Program\www\GetName\bbs\App\Runtime\Cache\Home\12cc94d49931da457519909eb924ded5.php 第 188 行.
NOTIC: [8] Use of undefined constant home - assumed 'home' D:\Program\www\GetName\bbs\App\Runtime\Cache\Home\12cc94d49931da457519909eb924ded5.php 第 188 行.
NOTIC: [8] Use of undefined constant jie - assumed 'jie' D:\Program\www\GetName\bbs\App\Runtime\Cache\Home\12cc94d49931da457519909eb924ded5.php 第 188 行.
NOTIC: [2] Division by zero D:\Program\www\GetName\bbs\App\Runtime\Cache\Home\12cc94d49931da457519909eb924ded5.php 第 188 行.
NOTIC: [8] Use of undefined constant index - assumed 'index' D:\Program\www\GetName\bbs\App\Runtime\Cache\Home\12cc94d49931da457519909eb924ded5.php 第 188 行.
NOTIC: [2] Division by zero D:\Program\www\GetName\bbs\App\Runtime\Cache\Home\12cc94d49931da457519909eb924ded5.php 第 188 行.
NOTIC: [8] Use of undefined constant home - assumed 'home' D:\Program\www\GetName\bbs\App\Runtime\Cache\Home\12cc94d49931da457519909eb924ded5.php 第 188 行.
NOTIC: [8] Use of undefined constant jie - assumed 'jie' D:\Program\www\GetName\bbs\App\Runtime\Cache\Home\12cc94d49931da457519909eb924ded5.php 第 188 行.
NOTIC: [2] Division by zero D:\Program\www\GetName\bbs\App\Runtime\Cache\Home\12cc94d49931da457519909eb924ded5.php 第 188 行.
NOTIC: [8] Use of undefined constant index - assumed 'index' D:\Program\www\GetName\bbs\App\Runtime\Cache\Home\12cc94d49931da457519909eb924ded5.php 第 188 行.
NOTIC: [2] Division by zero D:\Program\www\GetName\bbs\App\Runtime\Cache\Home\12cc94d49931da457519909eb924ded5.php 第 188 行.
NOTIC: [8] Use of undefined constant home - assumed 'home' D:\Program\www\GetName\bbs\App\Runtime\Cache\Home\12cc94d49931da457519909eb924ded5.php 第 188 行.
NOTIC: [8] Use of undefined constant jie - assumed 'jie' D:\Program\www\GetName\bbs\App\Runtime\Cache\Home\12cc94d49931da457519909eb924ded5.php 第 188 行.
NOTIC: [2] Division by zero D:\Program\www\GetName\bbs\App\Runtime\Cache\Home\12cc94d49931da457519909eb924ded5.php 第 188 行.
NOTIC: [8] Use of undefined constant index - assumed 'index' D:\Program\www\GetName\bbs\App\Runtime\Cache\Home\12cc94d49931da457519909eb924ded5.php 第 188 行.
NOTIC: [2] Division by zero D:\Program\www\GetName\bbs\App\Runtime\Cache\Home\12cc94d49931da457519909eb924ded5.php 第 188 行.
NOTIC: [8] Use of undefined constant home - assumed 'home' D:\Program\www\GetName\bbs\App\Runtime\Cache\Home\12cc94d49931da457519909eb924ded5.php 第 188 行.
NOTIC: [8] Use of undefined constant jie - assumed 'jie' D:\Program\www\GetName\bbs\App\Runtime\Cache\Home\12cc94d49931da457519909eb924ded5.php 第 188 行.
NOTIC: [2] Division by zero D:\Program\www\GetName\bbs\App\Runtime\Cache\Home\12cc94d49931da457519909eb924ded5.php 第 188 行.
NOTIC: [8] Use of undefined constant index - assumed 'index' D:\Program\www\GetName\bbs\App\Runtime\Cache\Home\12cc94d49931da457519909eb924ded5.php 第 188 行.
NOTIC: [2] Division by zero D:\Program\www\GetName\bbs\App\Runtime\Cache\Home\12cc94d49931da457519909eb924ded5.php 第 188 行.
NOTIC: [8] Use of undefined constant home - assumed 'home' D:\Program\www\GetName\bbs\App\Runtime\Cache\Home\12cc94d49931da457519909eb924ded5.php 第 188 行.
NOTIC: [8] Use of undefined constant jie - assumed 'jie' D:\Program\www\GetName\bbs\App\Runtime\Cache\Home\12cc94d49931da457519909eb924ded5.php 第 188 行.
NOTIC: [2] Division by zero D:\Program\www\GetName\bbs\App\Runtime\Cache\Home\12cc94d49931da457519909eb924ded5.php 第 188 行.
NOTIC: [8] Use of undefined constant index - assumed 'index' D:\Program\www\GetName\bbs\App\Runtime\Cache\Home\12cc94d49931da457519909eb924ded5.php 第 188 行.
NOTIC: [2] Division by zero D:\Program\www\GetName\bbs\App\Runtime\Cache\Home\12cc94d49931da457519909eb924ded5.php 第 188 行.
NOTIC: [8] Use of undefined constant home - assumed 'home' D:\Program\www\GetName\bbs\App\Runtime\Cache\Home\12cc94d49931da457519909eb924ded5.php 第 188 行.
NOTIC: [8] Use of undefined constant jie - assumed 'jie' D:\Program\www\GetName\bbs\App\Runtime\Cache\Home\12cc94d49931da457519909eb924ded5.php 第 188 行.
NOTIC: [2] Division by zero D:\Program\www\GetName\bbs\App\Runtime\Cache\Home\12cc94d49931da457519909eb924ded5.php 第 188 行.
NOTIC: [8] Use of undefined constant index - assumed 'index' D:\Program\www\GetName\bbs\App\Runtime\Cache\Home\12cc94d49931da457519909eb924ded5.php 第 188 行.
NOTIC: [2] Division by zero D:\Program\www\GetName\bbs\App\Runtime\Cache\Home\12cc94d49931da457519909eb924ded5.php 第 188 行.
INFO: Run Behavior\ParseTemplateBehavior [ RunTime:0.064168s ]
INFO: [ view_parse ] --END-- [ RunTime:0.064336s ]
INFO: [ view_filter ] --START--
INFO: Run Behavior\WriteHtmlCacheBehavior [ RunTime:0.000489s ]
INFO: [ view_filter ] --END-- [ RunTime:0.000633s ]
INFO: [ app_end ] --START--
INFO: Run Behavior\ShowPageTraceBehavior [ RunTime:0.000698s ]
INFO: [ app_end ] --END-- [ RunTime:0.000849s ]

[ 2017-08-17T22:52:32+08:00 ] 127.0.0.1 /GetName/bbs/index.php/home/login/qqreutrn.html
INFO: [ app_init ] --START--
INFO: Run Behavior\BuildLiteBehavior [ RunTime:0.000033s ]
INFO: [ app_init ] --END-- [ RunTime:0.000510s ]
INFO: [ app_begin ] --START--
INFO: Run Behavior\ReadHtmlCacheBehavior [ RunTime:0.000570s ]
INFO: [ app_begin ] --END-- [ RunTime:0.000749s ]
INFO: [ app_end ] --START--
INFO: Run Behavior\ShowPageTraceBehavior [ RunTime:0.000562s ]
INFO: [ app_end ] --END-- [ RunTime:0.000726s ]

[ 2017-08-17T23:15:43+08:00 ] 127.0.0.1 /GetName/bbs/index.php/home/login/qqlogin
INFO: [ app_init ] --START--
INFO: Run Behavior\BuildLiteBehavior [ RunTime:0.000057s ]
INFO: [ app_init ] --END-- [ RunTime:0.001020s ]
INFO: [ app_begin ] --START--
INFO: Run Behavior\ReadHtmlCacheBehavior [ RunTime:0.001152s ]
INFO: [ app_begin ] --END-- [ RunTime:0.001455s ]
INFO: [ app_end ] --START--
INFO: Run Behavior\ShowPageTraceBehavior [ RunTime:0.001087s ]
INFO: [ app_end ] --END-- [ RunTime:0.001354s ]

[ 2017-08-17T23:15:44+08:00 ] 127.0.0.1 /GetName/bbs/index.php/home/login/qqlogin
INFO: [ app_init ] --START--
INFO: Run Behavior\BuildLiteBehavior [ RunTime:0.000021s ]
INFO: [ app_init ] --END-- [ RunTime:0.000313s ]
INFO: [ app_begin ] --START--
INFO: Run Behavior\ReadHtmlCacheBehavior [ RunTime:0.000346s ]
INFO: [ app_begin ] --END-- [ RunTime:0.000449s ]
INFO: [ app_end ] --START--
INFO: Run Behavior\ShowPageTraceBehavior [ RunTime:0.000311s ]
INFO: [ app_end ] --END-- [ RunTime:0.000403s ]

[ 2017-08-17T23:18:19+08:00 ] 127.0.0.1 /GetName/bbs/
INFO: [ app_init ] --START--
INFO: Run Behavior\BuildLiteBehavior [ RunTime:0.000019s ]
INFO: [ app_init ] --END-- [ RunTime:0.000321s ]
INFO: [ app_begin ] --START--
INFO: Run Behavior\ReadHtmlCacheBehavior [ RunTime:0.000508s ]
INFO: [ app_begin ] --END-- [ RunTime:0.000616s ]
SQL: SHOW COLUMNS FROM `question` [ RunTime:0.0073s ]
SQL: SELECT `qid`,`title`,`answer_num` FROM `question` ORDER BY answer_num desc LIMIT 10   [ RunTime:0.0005s ]
SQL: SHOW COLUMNS FROM `user` [ RunTime:0.0080s ]
SQL: SELECT `face`,`nickname`,`uid`,`answer_num` FROM `user` ORDER BY answer_num desc LIMIT 12   [ RunTime:0.0004s ]
SQL: select t1.*,t2.nickname,t2.face,t3.cname  from question t1 inner join user t2 on t1.uid=t2.uid inner join category t3 on t1.cid=t3.cid where t1.top='1' [ RunTime:0.0004s ]
SQL: select t1.*,t2.nickname,t2.face,t3.cname  from question t1 inner join user t2 on t1.uid=t2.uid inner join category t3 on t1.cid=t3.cid where t1.top<>'1' order by create_time desc limit 6  [ RunTime:0.0006s ]
INFO: [ view_parse ] --START--
INFO: [ template_filter ] --START--
INFO: Run Behavior\ContentReplaceBehavior [ RunTime:0.000091s ]
INFO: [ template_filter ] --END-- [ RunTime:0.000190s ]
NOTIC: [8] Undefined index: uid D:\Program\www\GetName\bbs\App\Runtime\Cache\Home\00e52909bed743ea261af4b6823297ff.php 第 122 行.
NOTIC: [8] Use of undefined constant p - assumed 'p' D:\Program\www\GetName\bbs\App\Runtime\Cache\Home\00e52909bed743ea261af4b6823297ff.php 第 257 行.
INFO: Run Behavior\ParseTemplateBehavior [ RunTime:0.015626s ]
INFO: [ view_parse ] --END-- [ RunTime:0.015727s ]
INFO: [ view_filter ] --START--
INFO: Run Behavior\WriteHtmlCacheBehavior [ RunTime:0.000359s ]
INFO: [ view_filter ] --END-- [ RunTime:0.000442s ]
INFO: [ app_end ] --START--
INFO: Run Behavior\ShowPageTraceBehavior [ RunTime:0.000465s ]
INFO: [ app_end ] --END-- [ RunTime:0.000594s ]

[ 2017-08-17T23:20:26+08:00 ] 127.0.0.1 /GetName/bbs/index.php/home/jie/index/id/55.html
INFO: [ app_init ] --START--
INFO: Run Behavior\BuildLiteBehavior [ RunTime:0.000020s ]
INFO: [ app_init ] --END-- [ RunTime:0.000349s ]
INFO: [ app_begin ] --START--
INFO: Run Behavior\ReadHtmlCacheBehavior [ RunTime:0.000448s ]
INFO: [ app_begin ] --END-- [ RunTime:0.000592s ]
SQL: SHOW COLUMNS FROM `question` [ RunTime:0.0090s ]
SQL: UPDATE `question` SET `view_num`=view_num+1 WHERE `qid` = 55 [ RunTime:0.0716s ]
SQL: select t1.*,t2.nickname,t2.face from question t1 left join user t2 on t1.uid=t2.uid where t1.qid='55' [ RunTime:0.0006s ]
NOTIC: [8] Undefined index: uid D:\Program\www\GetName\bbs\App\Home\Controller\JieController.class.php 第 15 行.
SQL: SHOW COLUMNS FROM `collect` [ RunTime:0.0072s ]
SQL: SELECT * FROM `collect` WHERE `qid` = 55 AND `uid` = null LIMIT 1   [ RunTime:0.0003s ]
SQL: select t1.*,t2.nickname,t2.face from answer t1 left join user t2 on t1.uid=t2.uid where t1.qid='55' [ RunTime:0.0003s ]
SQL: SELECT `qid`,`title`,`answer_num` FROM `question` ORDER BY answer_num desc LIMIT 10   [ RunTime:0.0003s ]
INFO: [ view_parse ] --START--
INFO: [ template_filter ] --START--
INFO: Run Behavior\ContentReplaceBehavior [ RunTime:0.000085s ]
INFO: [ template_filter ] --END-- [ RunTime:0.000184s ]
NOTIC: [8] Use of undefined constant home - assumed 'home' D:\Program\www\GetName\bbs\App\Runtime\Cache\Home\12cc94d49931da457519909eb924ded5.php 第 188 行.
NOTIC: [8] Use of undefined constant jie - assumed 'jie' D:\Program\www\GetName\bbs\App\Runtime\Cache\Home\12cc94d49931da457519909eb924ded5.php 第 188 行.
NOTIC: [2] Division by zero D:\Program\www\GetName\bbs\App\Runtime\Cache\Home\12cc94d49931da457519909eb924ded5.php 第 188 行.
NOTIC: [8] Use of undefined constant index - assumed 'index' D:\Program\www\GetName\bbs\App\Runtime\Cache\Home\12cc94d49931da457519909eb924ded5.php 第 188 行.
NOTIC: [2] Division by zero D:\Program\www\GetName\bbs\App\Runtime\Cache\Home\12cc94d49931da457519909eb924ded5.php 第 188 行.
NOTIC: [8] Use of undefined constant home - assumed 'home' D:\Program\www\GetName\bbs\App\Runtime\Cache\Home\12cc94d49931da457519909eb924ded5.php 第 188 行.
NOTIC: [8] Use of undefined constant jie - assumed 'jie' D:\Program\www\GetName\bbs\App\Runtime\Cache\Home\12cc94d49931da457519909eb924ded5.php 第 188 行.
NOTIC: [2] Division by zero D:\Program\www\GetName\bbs\App\Runtime\Cache\Home\12cc94d49931da457519909eb924ded5.php 第 188 行.
NOTIC: [8] Use of undefined constant index - assumed 'index' D:\Program\www\GetName\bbs\App\Runtime\Cache\Home\12cc94d49931da457519909eb924ded5.php 第 188 行.
NOTIC: [2] Division by zero D:\Program\www\GetName\bbs\App\Runtime\Cache\Home\12cc94d49931da457519909eb924ded5.php 第 188 行.
NOTIC: [8] Use of undefined constant home - assumed 'home' D:\Program\www\GetName\bbs\App\Runtime\Cache\Home\12cc94d49931da457519909eb924ded5.php 第 188 行.
NOTIC: [8] Use of undefined constant jie - assumed 'jie' D:\Program\www\GetName\bbs\App\Runtime\Cache\Home\12cc94d49931da457519909eb924ded5.php 第 188 行.
NOTIC: [2] Division by zero D:\Program\www\GetName\bbs\App\Runtime\Cache\Home\12cc94d49931da457519909eb924ded5.php 第 188 行.
NOTIC: [8] Use of undefined constant index - assumed 'index' D:\Program\www\GetName\bbs\App\Runtime\Cache\Home\12cc94d49931da457519909eb924ded5.php 第 188 行.
NOTIC: [2] Division by zero D:\Program\www\GetName\bbs\App\Runtime\Cache\Home\12cc94d49931da457519909eb924ded5.php 第 188 行.
NOTIC: [8] Use of undefined constant home - assumed 'home' D:\Program\www\GetName\bbs\App\Runtime\Cache\Home\12cc94d49931da457519909eb924ded5.php 第 188 行.
NOTIC: [8] Use of undefined constant jie - assumed 'jie' D:\Program\www\GetName\bbs\App\Runtime\Cache\Home\12cc94d49931da457519909eb924ded5.php 第 188 行.
NOTIC: [2] Division by zero D:\Program\www\GetName\bbs\App\Runtime\Cache\Home\12cc94d49931da457519909eb924ded5.php 第 188 行.
NOTIC: [8] Use of undefined constant index - assumed 'index' D:\Program\www\GetName\bbs\App\Runtime\Cache\Home\12cc94d49931da457519909eb924ded5.php 第 188 行.
NOTIC: [2] Division by zero D:\Program\www\GetName\bbs\App\Runtime\Cache\Home\12cc94d49931da457519909eb924ded5.php 第 188 行.
NOTIC: [8] Use of undefined constant home - assumed 'home' D:\Program\www\GetName\bbs\App\Runtime\Cache\Home\12cc94d49931da457519909eb924ded5.php 第 188 行.
NOTIC: [8] Use of undefined constant jie - assumed 'jie' D:\Program\www\GetName\bbs\App\Runtime\Cache\Home\12cc94d49931da457519909eb924ded5.php 第 188 行.
NOTIC: [2] Division by zero D:\Program\www\GetName\bbs\App\Runtime\Cache\Home\12cc94d49931da457519909eb924ded5.php 第 188 行.
NOTIC: [8] Use of undefined constant index - assumed 'index' D:\Program\www\GetName\bbs\App\Runtime\Cache\Home\12cc94d49931da457519909eb924ded5.php 第 188 行.
NOTIC: [2] Division by zero D:\Program\www\GetName\bbs\App\Runtime\Cache\Home\12cc94d49931da457519909eb924ded5.php 第 188 行.
NOTIC: [8] Use of undefined constant home - assumed 'home' D:\Program\www\GetName\bbs\App\Runtime\Cache\Home\12cc94d49931da457519909eb924ded5.php 第 188 行.
NOTIC: [8] Use of undefined constant jie - assumed 'jie' D:\Program\www\GetName\bbs\App\Runtime\Cache\Home\12cc94d49931da457519909eb924ded5.php 第 188 行.
NOTIC: [2] Division by zero D:\Program\www\GetName\bbs\App\Runtime\Cache\Home\12cc94d49931da457519909eb924ded5.php 第 188 行.
NOTIC: [8] Use of undefined constant index - assumed 'index' D:\Program\www\GetName\bbs\App\Runtime\Cache\Home\12cc94d49931da457519909eb924ded5.php 第 188 行.
NOTIC: [2] Division by zero D:\Program\www\GetName\bbs\App\Runtime\Cache\Home\12cc94d49931da457519909eb924ded5.php 第 188 行.
NOTIC: [8] Use of undefined constant home - assumed 'home' D:\Program\www\GetName\bbs\App\Runtime\Cache\Home\12cc94d49931da457519909eb924ded5.php 第 188 行.
NOTIC: [8] Use of undefined constant jie - assumed 'jie' D:\Program\www\GetName\bbs\App\Runtime\Cache\Home\12cc94d49931da457519909eb924ded5.php 第 188 行.
NOTIC: [2] Division by zero D:\Program\www\GetName\bbs\App\Runtime\Cache\Home\12cc94d49931da457519909eb924ded5.php 第 188 行.
NOTIC: [8] Use of undefined constant index - assumed 'index' D:\Program\www\GetName\bbs\App\Runtime\Cache\Home\12cc94d49931da457519909eb924ded5.php 第 188 行.
NOTIC: [2] Division by zero D:\Program\www\GetName\bbs\App\Runtime\Cache\Home\12cc94d49931da457519909eb924ded5.php 第 188 行.
NOTIC: [8] Use of undefined constant home - assumed 'home' D:\Program\www\GetName\bbs\App\Runtime\Cache\Home\12cc94d49931da457519909eb924ded5.php 第 188 行.
NOTIC: [8] Use of undefined constant jie - assumed 'jie' D:\Program\www\GetName\bbs\App\Runtime\Cache\Home\12cc94d49931da457519909eb924ded5.php 第 188 行.
NOTIC: [2] Division by zero D:\Program\www\GetName\bbs\App\Runtime\Cache\Home\12cc94d49931da457519909eb924ded5.php 第 188 行.
NOTIC: [8] Use of undefined constant index - assumed 'index' D:\Program\www\GetName\bbs\App\Runtime\Cache\Home\12cc94d49931da457519909eb924ded5.php 第 188 行.
NOTIC: [2] Division by zero D:\Program\www\GetName\bbs\App\Runtime\Cache\Home\12cc94d49931da457519909eb924ded5.php 第 188 行.
NOTIC: [8] Use of undefined constant home - assumed 'home' D:\Program\www\GetName\bbs\App\Runtime\Cache\Home\12cc94d49931da457519909eb924ded5.php 第 188 行.
NOTIC: [8] Use of undefined constant jie - assumed 'jie' D:\Program\www\GetName\bbs\App\Runtime\Cache\Home\12cc94d49931da457519909eb924ded5.php 第 188 行.
NOTIC: [2] Division by zero D:\Program\www\GetName\bbs\App\Runtime\Cache\Home\12cc94d49931da457519909eb924ded5.php 第 188 行.
NOTIC: [8] Use of undefined constant index - assumed 'index' D:\Program\www\GetName\bbs\App\Runtime\Cache\Home\12cc94d49931da457519909eb924ded5.php 第 188 行.
NOTIC: [2] Division by zero D:\Program\www\GetName\bbs\App\Runtime\Cache\Home\12cc94d49931da457519909eb924ded5.php 第 188 行.
NOTIC: [8] Use of undefined constant home - assumed 'home' D:\Program\www\GetName\bbs\App\Runtime\Cache\Home\12cc94d49931da457519909eb924ded5.php 第 188 行.
NOTIC: [8] Use of undefined constant jie - assumed 'jie' D:\Program\www\GetName\bbs\App\Runtime\Cache\Home\12cc94d49931da457519909eb924ded5.php 第 188 行.
NOTIC: [2] Division by zero D:\Program\www\GetName\bbs\App\Runtime\Cache\Home\12cc94d49931da457519909eb924ded5.php 第 188 行.
NOTIC: [8] Use of undefined constant index - assumed 'index' D:\Program\www\GetName\bbs\App\Runtime\Cache\Home\12cc94d49931da457519909eb924ded5.php 第 188 行.
NOTIC: [2] Division by zero D:\Program\www\GetName\bbs\App\Runtime\Cache\Home\12cc94d49931da457519909eb924ded5.php 第 188 行.
INFO: Run Behavior\ParseTemplateBehavior [ RunTime:0.012929s ]
INFO: [ view_parse ] --END-- [ RunTime:0.013023s ]
INFO: [ view_filter ] --START--
INFO: Run Behavior\WriteHtmlCacheBehavior [ RunTime:0.000346s ]
INFO: [ view_filter ] --END-- [ RunTime:0.000436s ]
INFO: [ app_end ] --START--
INFO: Run Behavior\ShowPageTraceBehavior [ RunTime:0.000574s ]
INFO: [ app_end ] --END-- [ RunTime:0.000717s ]

[ 2017-08-17T23:21:34+08:00 ] 127.0.0.1 /GetName/bbs/
INFO: [ app_init ] --START--
INFO: Run Behavior\BuildLiteBehavior [ RunTime:0.000044s ]
INFO: [ app_init ] --END-- [ RunTime:0.000519s ]
INFO: [ app_begin ] --START--
INFO: Run Behavior\ReadHtmlCacheBehavior [ RunTime:0.000542s ]
INFO: [ app_begin ] --END-- [ RunTime:0.000733s ]
SQL: SHOW COLUMNS FROM `question` [ RunTime:0.0166s ]
SQL: SELECT `qid`,`title`,`answer_num` FROM `question` ORDER BY answer_num desc LIMIT 10   [ RunTime:0.0005s ]
SQL: SHOW COLUMNS FROM `user` [ RunTime:0.0088s ]
SQL: SELECT `face`,`nickname`,`uid`,`answer_num` FROM `user` ORDER BY answer_num desc LIMIT 12   [ RunTime:0.0005s ]
SQL: select t1.*,t2.nickname,t2.face,t3.cname  from question t1 inner join user t2 on t1.uid=t2.uid inner join category t3 on t1.cid=t3.cid where t1.top='1' [ RunTime:0.0006s ]
SQL: select t1.*,t2.nickname,t2.face,t3.cname  from question t1 inner join user t2 on t1.uid=t2.uid inner join category t3 on t1.cid=t3.cid where t1.top<>'1' order by create_time desc limit 6  [ RunTime:0.0010s ]
INFO: [ view_parse ] --START--
INFO: [ template_filter ] --START--
INFO: Run Behavior\ContentReplaceBehavior [ RunTime:0.000097s ]
INFO: [ template_filter ] --END-- [ RunTime:0.000210s ]
NOTIC: [8] Undefined index: uid D:\Program\www\GetName\bbs\App\Runtime\Cache\Home\00e52909bed743ea261af4b6823297ff.php 第 122 行.
NOTIC: [8] Use of undefined constant p - assumed 'p' D:\Program\www\GetName\bbs\App\Runtime\Cache\Home\00e52909bed743ea261af4b6823297ff.php 第 257 行.
INFO: Run Behavior\ParseTemplateBehavior [ RunTime:0.017668s ]
INFO: [ view_parse ] --END-- [ RunTime:0.017771s ]
INFO: [ view_filter ] --START--
INFO: Run Behavior\WriteHtmlCacheBehavior [ RunTime:0.000324s ]
INFO: [ view_filter ] --END-- [ RunTime:0.000441s ]
INFO: [ app_end ] --START--
INFO: Run Behavior\ShowPageTraceBehavior [ RunTime:0.000779s ]
INFO: [ app_end ] --END-- [ RunTime:0.001004s ]

[ 2017-08-17T23:21:39+08:00 ] 127.0.0.1 /GetName/bbs/index.php/home/login/qqlogin.html
INFO: [ app_init ] --START--
INFO: Run Behavior\BuildLiteBehavior [ RunTime:0.000036s ]
INFO: [ app_init ] --END-- [ RunTime:0.000542s ]
INFO: [ app_begin ] --START--
INFO: Run Behavior\ReadHtmlCacheBehavior [ RunTime:0.000649s ]
INFO: [ app_begin ] --END-- [ RunTime:0.000829s ]
INFO: [ app_end ] --START--
INFO: Run Behavior\ShowPageTraceBehavior [ RunTime:0.000738s ]
INFO: [ app_end ] --END-- [ RunTime:0.000905s ]

[ 2017-08-17T23:21:45+08:00 ] 127.0.0.1 /GetName/bbs/index.php/home/login/index.html
INFO: [ app_init ] --START--
INFO: Run Behavior\BuildLiteBehavior [ RunTime:0.000020s ]
INFO: [ app_init ] --END-- [ RunTime:0.000298s ]
INFO: [ app_begin ] --START--
INFO: Run Behavior\ReadHtmlCacheBehavior [ RunTime:0.000386s ]
INFO: [ app_begin ] --END-- [ RunTime:0.000512s ]
SQL: SHOW COLUMNS FROM `vercode` [ RunTime:0.0445s ]
SQL: select * from vercode order by rand() limit 1 [ RunTime:0.0123s ]
INFO: [ view_parse ] --START--
INFO: [ template_filter ] --START--
INFO: Run Behavior\ContentReplaceBehavior [ RunTime:0.000150s ]
INFO: [ template_filter ] --END-- [ RunTime:0.000387s ]
INFO: Run Behavior\ParseTemplateBehavior [ RunTime:0.013287s ]
INFO: [ view_parse ] --END-- [ RunTime:0.013498s ]
INFO: [ view_filter ] --START--
INFO: Run Behavior\WriteHtmlCacheBehavior [ RunTime:0.000469s ]
INFO: [ view_filter ] --END-- [ RunTime:0.000627s ]
INFO: [ app_end ] --START--
INFO: Run Behavior\ShowPageTraceBehavior [ RunTime:0.000563s ]
INFO: [ app_end ] --END-- [ RunTime:0.000722s ]

[ 2017-08-17T23:21:48+08:00 ] 127.0.0.1 /GetName/bbs/index.php/home/login/qqlogin.html
INFO: [ app_init ] --START--
INFO: Run Behavior\BuildLiteBehavior [ RunTime:0.000023s ]
INFO: [ app_init ] --END-- [ RunTime:0.000359s ]
INFO: [ app_begin ] --START--
INFO: Run Behavior\ReadHtmlCacheBehavior [ RunTime:0.000332s ]
INFO: [ app_begin ] --END-- [ RunTime:0.000435s ]
INFO: [ app_end ] --START--
INFO: Run Behavior\ShowPageTraceBehavior [ RunTime:0.000309s ]
INFO: [ app_end ] --END-- [ RunTime:0.000398s ]

[ 2017-08-17T23:21:53+08:00 ] 127.0.0.1 /GetName/bbs/index.php/home/reg/index.html
INFO: [ app_init ] --START--
INFO: Run Behavior\BuildLiteBehavior [ RunTime:0.000022s ]
INFO: [ app_init ] --END-- [ RunTime:0.000317s ]
INFO: [ app_begin ] --START--
INFO: Run Behavior\ReadHtmlCacheBehavior [ RunTime:0.000325s ]
INFO: [ app_begin ] --END-- [ RunTime:0.000424s ]
SQL: SHOW COLUMNS FROM `vercode` [ RunTime:0.0066s ]
SQL: select * from vercode order by rand() limit 1 [ RunTime:0.0009s ]
INFO: [ view_parse ] --START--
INFO: [ template_filter ] --START--
INFO: Run Behavior\ContentReplaceBehavior [ RunTime:0.000088s ]
INFO: [ template_filter ] --END-- [ RunTime:0.000188s ]
INFO: Run Behavior\ParseTemplateBehavior [ RunTime:0.022344s ]
INFO: [ view_parse ] --END-- [ RunTime:0.022455s ]
INFO: [ view_filter ] --START--
INFO: Run Behavior\WriteHtmlCacheBehavior [ RunTime:0.000189s ]
INFO: [ view_filter ] --END-- [ RunTime:0.000269s ]
INFO: [ app_end ] --START--
INFO: Run Behavior\ShowPageTraceBehavior [ RunTime:0.000373s ]
INFO: [ app_end ] --END-- [ RunTime:0.000482s ]

[ 2017-08-17T23:23:07+08:00 ] 127.0.0.1 /GetName/bbs/
INFO: [ app_init ] --START--
INFO: Run Behavior\BuildLiteBehavior [ RunTime:0.000021s ]
INFO: [ app_init ] --END-- [ RunTime:0.000332s ]
INFO: [ app_begin ] --START--
INFO: Run Behavior\ReadHtmlCacheBehavior [ RunTime:0.000391s ]
INFO: [ app_begin ] --END-- [ RunTime:0.000491s ]
SQL: SHOW COLUMNS FROM `question` [ RunTime:0.0073s ]
SQL: SELECT `qid`,`title`,`answer_num` FROM `question` ORDER BY answer_num desc LIMIT 10   [ RunTime:0.0004s ]
SQL: SHOW COLUMNS FROM `user` [ RunTime:0.0107s ]
SQL: SELECT `face`,`nickname`,`uid`,`answer_num` FROM `user` ORDER BY answer_num desc LIMIT 12   [ RunTime:0.0004s ]
SQL: select t1.*,t2.nickname,t2.face,t3.cname  from question t1 inner join user t2 on t1.uid=t2.uid inner join category t3 on t1.cid=t3.cid where t1.top='1' [ RunTime:0.0005s ]
SQL: select t1.*,t2.nickname,t2.face,t3.cname  from question t1 inner join user t2 on t1.uid=t2.uid inner join category t3 on t1.cid=t3.cid where t1.top<>'1' order by create_time desc limit 6  [ RunTime:0.0007s ]
INFO: [ view_parse ] --START--
INFO: [ template_filter ] --START--
INFO: Run Behavior\ContentReplaceBehavior [ RunTime:0.000088s ]
INFO: [ template_filter ] --END-- [ RunTime:0.000188s ]
NOTIC: [8] Undefined index: uid D:\Program\www\GetName\bbs\App\Runtime\Cache\Home\00e52909bed743ea261af4b6823297ff.php 第 122 行.
NOTIC: [8] Use of undefined constant p - assumed 'p' D:\Program\www\GetName\bbs\App\Runtime\Cache\Home\00e52909bed743ea261af4b6823297ff.php 第 257 行.
INFO: Run Behavior\ParseTemplateBehavior [ RunTime:0.020948s ]
INFO: [ view_parse ] --END-- [ RunTime:0.021117s ]
INFO: [ view_filter ] --START--
INFO: Run Behavior\WriteHtmlCacheBehavior [ RunTime:0.000322s ]
INFO: [ view_filter ] --END-- [ RunTime:0.000407s ]
INFO: [ app_end ] --START--
INFO: Run Behavior\ShowPageTraceBehavior [ RunTime:0.000804s ]
INFO: [ app_end ] --END-- [ RunTime:0.001045s ]

[ 2017-08-17T23:23:12+08:00 ] 127.0.0.1 /GetName/bbs/index.php/home/reg/index.html
INFO: [ app_init ] --START--
INFO: Run Behavior\BuildLiteBehavior [ RunTime:0.000023s ]
INFO: [ app_init ] --END-- [ RunTime:0.000346s ]
INFO: [ app_begin ] --START--
INFO: Run Behavior\ReadHtmlCacheBehavior [ RunTime:0.000410s ]
INFO: [ app_begin ] --END-- [ RunTime:0.000512s ]
SQL: SHOW COLUMNS FROM `vercode` [ RunTime:0.0071s ]
SQL: select * from vercode order by rand() limit 1 [ RunTime:0.0009s ]
INFO: [ view_parse ] --START--
INFO: [ template_filter ] --START--
INFO: Run Behavior\ContentReplaceBehavior [ RunTime:0.000402s ]
INFO: [ template_filter ] --END-- [ RunTime:0.000747s ]
INFO: Run Behavior\ParseTemplateBehavior [ RunTime:0.008518s ]
INFO: [ view_parse ] --END-- [ RunTime:0.008616s ]
INFO: [ view_filter ] --START--
INFO: Run Behavior\WriteHtmlCacheBehavior [ RunTime:0.000269s ]
INFO: [ view_filter ] --END-- [ RunTime:0.000352s ]
INFO: [ app_end ] --START--
INFO: Run Behavior\ShowPageTraceBehavior [ RunTime:0.000473s ]
INFO: [ app_end ] --END-- [ RunTime:0.000570s ]

[ 2017-08-17T23:23:15+08:00 ] 127.0.0.1 /GetName/bbs/index.php/home/login/qqlogin.html
INFO: [ app_init ] --START--
INFO: Run Behavior\BuildLiteBehavior [ RunTime:0.000058s ]
INFO: [ app_init ] --END-- [ RunTime:0.000939s ]
INFO: [ app_begin ] --START--
INFO: Run Behavior\ReadHtmlCacheBehavior [ RunTime:0.000855s ]
INFO: [ app_begin ] --END-- [ RunTime:0.001022s ]
INFO: [ app_end ] --START--
INFO: Run Behavior\ShowPageTraceBehavior [ RunTime:0.000403s ]
INFO: [ app_end ] --END-- [ RunTime:0.000520s ]

[ 2017-08-17T23:25:59+08:00 ] 127.0.0.1 /GetName/bbs/index.php/home/login/qqlogin.html
INFO: [ app_init ] --START--
INFO: Run Behavior\BuildLiteBehavior [ RunTime:0.000064s ]
INFO: [ app_init ] --END-- [ RunTime:0.001115s ]
INFO: [ app_begin ] --START--
INFO: Run Behavior\ReadHtmlCacheBehavior [ RunTime:0.001258s ]
INFO: [ app_begin ] --END-- [ RunTime:0.001560s ]

[ 2017-08-17T23:26:28+08:00 ] 127.0.0.1 /GetName/bbs/index.php/home/login/qqlogin.html
INFO: [ app_init ] --START--
INFO: Run Behavior\BuildLiteBehavior [ RunTime:0.000053s ]
INFO: [ app_init ] --END-- [ RunTime:0.000720s ]
INFO: [ app_begin ] --START--
INFO: Run Behavior\ReadHtmlCacheBehavior [ RunTime:0.000584s ]
INFO: [ app_begin ] --END-- [ RunTime:0.000767s ]

[ 2017-08-17T23:26:31+08:00 ] 127.0.0.1 /GetName/bbs/index.php/home/login/qqlogin.html
INFO: [ app_init ] --START--
INFO: Run Behavior\BuildLiteBehavior [ RunTime:0.000057s ]
INFO: [ app_init ] --END-- [ RunTime:0.000946s ]
INFO: [ app_begin ] --START--
INFO: Run Behavior\ReadHtmlCacheBehavior [ RunTime:0.001031s ]
INFO: [ app_begin ] --END-- [ RunTime:0.001412s ]

[ 2017-08-17T23:27:44+08:00 ] 127.0.0.1 /GetName/bbs/index.php/home/login/qqlogin.html
INFO: [ app_init ] --START--
INFO: Run Behavior\BuildLiteBehavior [ RunTime:0.000061s ]
INFO: [ app_init ] --END-- [ RunTime:0.001007s ]
INFO: [ app_begin ] --START--
INFO: Run Behavior\ReadHtmlCacheBehavior [ RunTime:0.001023s ]
INFO: [ app_begin ] --END-- [ RunTime:0.001338s ]

[ 2017-08-17T23:28:30+08:00 ] 127.0.0.1 /GetName/bbs/index.php/home/login/qqlogin.html
INFO: [ app_init ] --START--
INFO: Run Behavior\BuildLiteBehavior [ RunTime:0.000023s ]
INFO: [ app_init ] --END-- [ RunTime:0.000538s ]
INFO: [ app_begin ] --START--
INFO: Run Behavior\ReadHtmlCacheBehavior [ RunTime:0.000421s ]
INFO: [ app_begin ] --END-- [ RunTime:0.000523s ]
NOTIC: [8] A session had already been started - ignoring session_start() D:\Program\www\GetName\bbs\ThinkPHP\Library\Vendor\qqConnect\API\qqConnectAPI.php 第 2 行.
INFO: [ app_end ] --START--
INFO: Run Behavior\ShowPageTraceBehavior [ RunTime:0.000612s ]
INFO: [ app_end ] --END-- [ RunTime:0.000765s ]

[ 2017-08-17T23:29:00+08:00 ] 127.0.0.1 /GetName/bbs/index.php/home/login/qqlogin.html
INFO: [ app_init ] --START--
INFO: Run Behavior\BuildLiteBehavior [ RunTime:0.000036s ]
INFO: [ app_init ] --END-- [ RunTime:0.000602s ]
INFO: [ app_begin ] --START--
INFO: Run Behavior\ReadHtmlCacheBehavior [ RunTime:0.000694s ]
INFO: [ app_begin ] --END-- [ RunTime:0.000881s ]
NOTIC: [8] A session had already been started - ignoring session_start() D:\Program\www\GetName\bbs\ThinkPHP\Library\Vendor\qqConnect\API\qqConnectAPI.php 第 2 行.
INFO: [ app_end ] --START--
INFO: Run Behavior\ShowPageTraceBehavior [ RunTime:0.000560s ]
INFO: [ app_end ] --END-- [ RunTime:0.000732s ]

[ 2017-08-17T23:29:22+08:00 ] 127.0.0.1 /GetName/bbs/index.php/home/login/qqreutrn.html?code=86A10C108195243AB97F0F336E0F33DC&state=babb45d5e41f676332110c488adf0daf
INFO: [ app_init ] --START--
INFO: Run Behavior\BuildLiteBehavior [ RunTime:0.000053s ]
INFO: [ app_init ] --END-- [ RunTime:0.000763s ]
INFO: [ app_begin ] --START--
INFO: Run Behavior\ReadHtmlCacheBehavior [ RunTime:0.000797s ]
INFO: [ app_begin ] --END-- [ RunTime:0.000994s ]
INFO: [ app_end ] --START--
INFO: Run Behavior\ShowPageTraceBehavior [ RunTime:0.000632s ]
INFO: [ app_end ] --END-- [ RunTime:0.000864s ]

[ 2017-08-17T23:33:38+08:00 ] 127.0.0.1 /GetName/bbs/index.php/home/login/qqlogin.html
INFO: [ app_init ] --START--
INFO: Run Behavior\BuildLiteBehavior [ RunTime:0.000094s ]
INFO: [ app_init ] --END-- [ RunTime:0.001371s ]
INFO: [ app_begin ] --START--
INFO: Run Behavior\ReadHtmlCacheBehavior [ RunTime:0.001199s ]
INFO: [ app_begin ] --END-- [ RunTime:0.001508s ]
NOTIC: [8] A session had already been started - ignoring session_start() D:\Program\www\GetName\bbs\ThinkPHP\Library\Vendor\qqConnect\API\qqConnectAPI.php 第 2 行.
INFO: [ app_end ] --START--
INFO: Run Behavior\ShowPageTraceBehavior [ RunTime:0.000651s ]
INFO: [ app_end ] --END-- [ RunTime:0.000818s ]

[ 2017-08-17T23:34:33+08:00 ] 127.0.0.1 /GetName/bbs/index.php/home/login/qqreutrn.html?code=3644C527D984DB515D7C3BB3410D9ECD&state=caea16d99898bdbe3a77dc893ff4795e
INFO: [ app_init ] --START--
INFO: Run Behavior\BuildLiteBehavior [ RunTime:0.000056s ]
INFO: [ app_init ] --END-- [ RunTime:0.000885s ]
INFO: [ app_begin ] --START--
INFO: Run Behavior\ReadHtmlCacheBehavior [ RunTime:0.000865s ]
INFO: [ app_begin ] --END-- [ RunTime:0.001086s ]
NOTIC: [8] A session had already been started - ignoring session_start() D:\Program\www\GetName\bbs\ThinkPHP\Library\Vendor\qqConnect\API\qqConnectAPI.php 第 2 行.
INFO: [ app_end ] --START--
INFO: Run Behavior\ShowPageTraceBehavior [ RunTime:0.000486s ]
INFO: [ app_end ] --END-- [ RunTime:0.000617s ]

[ 2017-08-17T23:48:40+08:00 ] 127.0.0.1 /GetName/bbs/index.php/home/login/qqreutrn.html?code=B0EFD9220DA062EFB4787F0E2441BF79&state=caea16d99898bdbe3a77dc893ff4795e
INFO: [ app_init ] --START--
INFO: Run Behavior\BuildLiteBehavior [ RunTime:0.000058s ]
INFO: [ app_init ] --END-- [ RunTime:0.001044s ]
INFO: [ app_begin ] --START--
INFO: Run Behavior\ReadHtmlCacheBehavior [ RunTime:0.001251s ]
INFO: [ app_begin ] --END-- [ RunTime:0.001551s ]
NOTIC: [8] A session had already been started - ignoring session_start() D:\Program\www\GetName\bbs\ThinkPHP\Library\Vendor\qqConnect\API\qqConnectAPI.php 第 2 行.
SQL: SHOW COLUMNS FROM `user` [ RunTime:0.0094s ]
SQL: SELECT * FROM `user` WHERE `openid` = 'C4EEE5532271AE02D73ED77E6B639D0C' LIMIT 1   [ RunTime:0.0005s ]

[ 2017-08-17T23:49:17+08:00 ] 127.0.0.1 /GetName/bbs/index.php/home/login/qqreutrn.html?code=B0EFD9220DA062EFB4787F0E2441BF79&state=caea16d99898bdbe3a77dc893ff4795e
INFO: [ app_init ] --START--
INFO: Run Behavior\BuildLiteBehavior [ RunTime:0.000055s ]
INFO: [ app_init ] --END-- [ RunTime:0.000937s ]
INFO: [ app_begin ] --START--
INFO: Run Behavior\ReadHtmlCacheBehavior [ RunTime:0.000979s ]
INFO: [ app_begin ] --END-- [ RunTime:0.001274s ]
NOTIC: [8] A session had already been started - ignoring session_start() D:\Program\www\GetName\bbs\ThinkPHP\Library\Vendor\qqConnect\API\qqConnectAPI.php 第 2 行.

[ 2017-08-17T23:49:35+08:00 ] 127.0.0.1 /GetName/bbs/index.php/home/login/qqreutrn.html?code=3C4422BF6A10F4EDBA56A94D2F9D09C4&state=caea16d99898bdbe3a77dc893ff4795e
INFO: [ app_init ] --START--
INFO: Run Behavior\BuildLiteBehavior [ RunTime:0.000070s ]
INFO: [ app_init ] --END-- [ RunTime:0.000888s ]
INFO: [ app_begin ] --START--
INFO: Run Behavior\ReadHtmlCacheBehavior [ RunTime:0.000986s ]
INFO: [ app_begin ] --END-- [ RunTime:0.001297s ]
NOTIC: [8] A session had already been started - ignoring session_start() D:\Program\www\GetName\bbs\ThinkPHP\Library\Vendor\qqConnect\API\qqConnectAPI.php 第 2 行.
SQL: SHOW COLUMNS FROM `user` [ RunTime:0.0175s ]
SQL: SELECT * FROM `user` WHERE `openid` = 'C4EEE5532271AE02D73ED77E6B639D0C' LIMIT 1   [ RunTime:0.0010s ]

[ 2017-08-17T23:50:41+08:00 ] 127.0.0.1 /GetName/bbs/index.php/home/login/qqreutrn.html?code=38FFDB1F607CE3C69B2D201F2997AE74&state=caea16d99898bdbe3a77dc893ff4795e
INFO: [ app_init ] --START--
INFO: Run Behavior\BuildLiteBehavior [ RunTime:0.000107s ]
INFO: [ app_init ] --END-- [ RunTime:0.001537s ]
INFO: [ app_begin ] --START--
INFO: Run Behavior\ReadHtmlCacheBehavior [ RunTime:0.001584s ]
INFO: [ app_begin ] --END-- [ RunTime:0.001908s ]
NOTIC: [8] A session had already been started - ignoring session_start() D:\Program\www\GetName\bbs\ThinkPHP\Library\Vendor\qqConnect\API\qqConnectAPI.php 第 2 行.
SQL: SHOW COLUMNS FROM `user` [ RunTime:0.0216s ]
SQL: SELECT * FROM `user` WHERE `openid` = 'C4EEE5532271AE02D73ED77E6B639D0C' LIMIT 1   [ RunTime:0.0010s ]

[ 2017-08-17T23:51:18+08:00 ] 127.0.0.1 /GetName/bbs/index.php/home/login/qqreutrn.html?code=BBA67907267EF61B8FA738A115BEEC58&state=caea16d99898bdbe3a77dc893ff4795e
INFO: [ app_init ] --START--
INFO: Run Behavior\BuildLiteBehavior [ RunTime:0.000057s ]
INFO: [ app_init ] --END-- [ RunTime:0.000962s ]
INFO: [ app_begin ] --START--
INFO: Run Behavior\ReadHtmlCacheBehavior [ RunTime:0.000998s ]
INFO: [ app_begin ] --END-- [ RunTime:0.001297s ]
NOTIC: [8] A session had already been started - ignoring session_start() D:\Program\www\GetName\bbs\ThinkPHP\Library\Vendor\qqConnect\API\qqConnectAPI.php 第 2 行.
SQL: SHOW COLUMNS FROM `user` [ RunTime:0.0301s ]
SQL: SELECT * FROM `user` WHERE `openid` = 'C4EEE5532271AE02D73ED77E6B639D0C' LIMIT 1   [ RunTime:0.0012s ]
INFO: [ app_end ] --START--
INFO: Run Behavior\ShowPageTraceBehavior [ RunTime:0.001421s ]
INFO: [ app_end ] --END-- [ RunTime:0.002066s ]

