[ 2017-08-15T08:04:31+08:00 ] 127.0.0.1 /GetName/bbs/
INFO: [ app_init ] --START--
INFO: Run Behavior\BuildLiteBehavior [ RunTime:0.000100s ]
INFO: [ app_init ] --END-- [ RunTime:0.044653s ]
INFO: [ app_begin ] --START--
INFO: Run Behavior\ReadHtmlCacheBehavior [ RunTime:0.017223s ]
INFO: [ app_begin ] --END-- [ RunTime:0.017645s ]
SQL: SHOW COLUMNS FROM `question` [ RunTime:0.0558s ]
SQL: SELECT `qid`,`title`,`answer_num` FROM `question` ORDER BY answer_num desc LIMIT 10   [ RunTime:0.0005s ]
SQL: SHOW COLUMNS FROM `user` [ RunTime:0.0388s ]
SQL: SELECT `face`,`nickname`,`uid`,`answer_num` FROM `user` ORDER BY answer_num desc LIMIT 12   [ RunTime:0.0004s ]
SQL: select t1.*,t2.nickname,t2.face,t3.cname  from question t1 inner join user t2 on t1.uid=t2.uid inner join category t3 on t1.cid=t3.cid where t1.top='1' [ RunTime:0.0750s ]
SQL: select t1.*,t2.nickname,t2.face,t3.cname  from question t1 inner join user t2 on t1.uid=t2.uid inner join category t3 on t1.cid=t3.cid where t1.top<>'1' order by create_time desc limit 6  [ RunTime:0.0023s ]
INFO: [ view_parse ] --START--
INFO: [ template_filter ] --START--
INFO: Run Behavior\ContentReplaceBehavior [ RunTime:0.000986s ]
INFO: [ template_filter ] --END-- [ RunTime:0.001331s ]
NOTIC: [8] Undefined index: uid D:\Program\www\GetName\bbs\App\Runtime\Cache\Home\00e52909bed743ea261af4b6823297ff.php 第 122 行.
NOTIC: [8] Use of undefined constant p - assumed 'p' D:\Program\www\GetName\bbs\App\Runtime\Cache\Home\00e52909bed743ea261af4b6823297ff.php 第 257 行.
INFO: Run Behavior\ParseTemplateBehavior [ RunTime:0.081678s ]
INFO: [ view_parse ] --END-- [ RunTime:0.081912s ]
INFO: [ view_filter ] --START--
INFO: Run Behavior\WriteHtmlCacheBehavior [ RunTime:0.027444s ]
INFO: [ view_filter ] --END-- [ RunTime:0.027673s ]
INFO: [ app_end ] --START--
INFO: Run Behavior\ShowPageTraceBehavior [ RunTime:0.020193s ]
INFO: [ app_end ] --END-- [ RunTime:0.020518s ]

[ 2017-08-15T11:39:32+08:00 ] 127.0.0.1 /GetName/bbs/
INFO: [ app_init ] --START--
INFO: Run Behavior\BuildLiteBehavior [ RunTime:0.000023s ]
INFO: [ app_init ] --END-- [ RunTime:0.000476s ]
INFO: [ app_begin ] --START--
INFO: Run Behavior\ReadHtmlCacheBehavior [ RunTime:0.000592s ]
INFO: [ app_begin ] --END-- [ RunTime:0.000734s ]
SQL: SHOW COLUMNS FROM `question` [ RunTime:0.0106s ]
SQL: SELECT `qid`,`title`,`answer_num` FROM `question` ORDER BY answer_num desc LIMIT 10   [ RunTime:0.0005s ]
SQL: SHOW COLUMNS FROM `user` [ RunTime:0.0092s ]
SQL: SELECT `face`,`nickname`,`uid`,`answer_num` FROM `user` ORDER BY answer_num desc LIMIT 12   [ RunTime:0.0004s ]
SQL: select t1.*,t2.nickname,t2.face,t3.cname  from question t1 inner join user t2 on t1.uid=t2.uid inner join category t3 on t1.cid=t3.cid where t1.top='1' [ RunTime:0.0005s ]
SQL: select t1.*,t2.nickname,t2.face,t3.cname  from question t1 inner join user t2 on t1.uid=t2.uid inner join category t3 on t1.cid=t3.cid where t1.top<>'1' order by create_time desc limit 6  [ RunTime:0.0011s ]
INFO: [ view_parse ] --START--
INFO: [ template_filter ] --START--
INFO: Run Behavior\ContentReplaceBehavior [ RunTime:0.000114s ]
INFO: [ template_filter ] --END-- [ RunTime:0.000210s ]
NOTIC: [8] Undefined index: uid D:\Program\www\GetName\bbs\App\Runtime\Cache\Home\00e52909bed743ea261af4b6823297ff.php 第 122 行.
NOTIC: [8] Use of undefined constant p - assumed 'p' D:\Program\www\GetName\bbs\App\Runtime\Cache\Home\00e52909bed743ea261af4b6823297ff.php 第 257 行.
INFO: Run Behavior\ParseTemplateBehavior [ RunTime:0.016384s ]
INFO: [ view_parse ] --END-- [ RunTime:0.016507s ]
INFO: [ view_filter ] --START--
INFO: Run Behavior\WriteHtmlCacheBehavior [ RunTime:0.000544s ]
INFO: [ view_filter ] --END-- [ RunTime:0.000631s ]
INFO: [ app_end ] --START--
INFO: Run Behavior\ShowPageTraceBehavior [ RunTime:0.001159s ]
INFO: [ app_end ] --END-- [ RunTime:0.001335s ]

[ 2017-08-15T14:39:06+08:00 ] 127.0.0.1 /GetName/bbs/
INFO: [ app_init ] --START--
INFO: Run Behavior\BuildLiteBehavior [ RunTime:0.000034s ]
INFO: [ app_init ] --END-- [ RunTime:0.000570s ]
INFO: [ app_begin ] --START--
INFO: Run Behavior\ReadHtmlCacheBehavior [ RunTime:0.000728s ]
INFO: [ app_begin ] --END-- [ RunTime:0.000921s ]
SQL: SHOW COLUMNS FROM `question` [ RunTime:0.0590s ]
SQL: SELECT `qid`,`title`,`answer_num` FROM `question` ORDER BY answer_num desc LIMIT 10   [ RunTime:0.0010s ]
SQL: SHOW COLUMNS FROM `user` [ RunTime:0.1014s ]
SQL: SELECT `face`,`nickname`,`uid`,`answer_num` FROM `user` ORDER BY answer_num desc LIMIT 12   [ RunTime:0.0008s ]
SQL: select t1.*,t2.nickname,t2.face,t3.cname  from question t1 inner join user t2 on t1.uid=t2.uid inner join category t3 on t1.cid=t3.cid where t1.top='1' [ RunTime:0.0988s ]
SQL: select t1.*,t2.nickname,t2.face,t3.cname  from question t1 inner join user t2 on t1.uid=t2.uid inner join category t3 on t1.cid=t3.cid where t1.top<>'1' order by create_time desc limit 6  [ RunTime:0.0018s ]
INFO: [ view_parse ] --START--
INFO: [ template_filter ] --START--
INFO: Run Behavior\ContentReplaceBehavior [ RunTime:0.000224s ]
INFO: [ template_filter ] --END-- [ RunTime:0.000480s ]
NOTIC: [8] Undefined index: uid D:\Program\www\GetName\bbs\App\Runtime\Cache\Home\00e52909bed743ea261af4b6823297ff.php 第 122 行.
NOTIC: [8] Use of undefined constant p - assumed 'p' D:\Program\www\GetName\bbs\App\Runtime\Cache\Home\00e52909bed743ea261af4b6823297ff.php 第 257 行.
INFO: Run Behavior\ParseTemplateBehavior [ RunTime:0.038145s ]
INFO: [ view_parse ] --END-- [ RunTime:0.038386s ]
INFO: [ view_filter ] --START--
INFO: Run Behavior\WriteHtmlCacheBehavior [ RunTime:0.000769s ]
INFO: [ view_filter ] --END-- [ RunTime:0.000973s ]
INFO: [ app_end ] --START--
INFO: Run Behavior\ShowPageTraceBehavior [ RunTime:0.001604s ]
INFO: [ app_end ] --END-- [ RunTime:0.001853s ]

[ 2017-08-15T16:19:25+08:00 ] 127.0.0.1 /GetName/bbs/
INFO: [ app_init ] --START--
INFO: Run Behavior\BuildLiteBehavior [ RunTime:0.000033s ]
INFO: [ app_init ] --END-- [ RunTime:0.000447s ]
INFO: [ app_begin ] --START--
INFO: Run Behavior\ReadHtmlCacheBehavior [ RunTime:0.000355s ]
INFO: [ app_begin ] --END-- [ RunTime:0.000461s ]
SQL: SHOW COLUMNS FROM `question` [ RunTime:0.0488s ]
SQL: SELECT `qid`,`title`,`answer_num` FROM `question` ORDER BY answer_num desc LIMIT 10   [ RunTime:0.0012s ]
SQL: SHOW COLUMNS FROM `user` [ RunTime:0.0166s ]
SQL: SELECT `face`,`nickname`,`uid`,`answer_num` FROM `user` ORDER BY answer_num desc LIMIT 12   [ RunTime:0.0006s ]
SQL: select t1.*,t2.nickname,t2.face,t3.cname  from question t1 inner join user t2 on t1.uid=t2.uid inner join category t3 on t1.cid=t3.cid where t1.top='1' [ RunTime:0.0008s ]
SQL: select t1.*,t2.nickname,t2.face,t3.cname  from question t1 inner join user t2 on t1.uid=t2.uid inner join category t3 on t1.cid=t3.cid where t1.top<>'1' order by create_time desc limit 6  [ RunTime:0.0017s ]
INFO: [ view_parse ] --START--
INFO: [ template_filter ] --START--
INFO: Run Behavior\ContentReplaceBehavior [ RunTime:0.000170s ]
INFO: [ template_filter ] --END-- [ RunTime:0.000374s ]
NOTIC: [8] Undefined index: uid D:\Program\www\GetName\bbs\App\Runtime\Cache\Home\00e52909bed743ea261af4b6823297ff.php 第 122 行.
NOTIC: [8] Use of undefined constant p - assumed 'p' D:\Program\www\GetName\bbs\App\Runtime\Cache\Home\00e52909bed743ea261af4b6823297ff.php 第 257 行.
INFO: Run Behavior\ParseTemplateBehavior [ RunTime:0.023416s ]
INFO: [ view_parse ] --END-- [ RunTime:0.023569s ]
INFO: [ view_filter ] --START--
INFO: Run Behavior\WriteHtmlCacheBehavior [ RunTime:0.000303s ]
INFO: [ view_filter ] --END-- [ RunTime:0.000398s ]
INFO: [ app_end ] --START--
INFO: Run Behavior\ShowPageTraceBehavior [ RunTime:0.000676s ]
INFO: [ app_end ] --END-- [ RunTime:0.000821s ]

[ 2017-08-15T21:08:55+08:00 ] 127.0.0.1 /GetName/bbs/
INFO: [ app_init ] --START--
INFO: Run Behavior\BuildLiteBehavior [ RunTime:0.000020s ]
INFO: [ app_init ] --END-- [ RunTime:0.000315s ]
INFO: [ app_begin ] --START--
INFO: Run Behavior\ReadHtmlCacheBehavior [ RunTime:0.000505s ]
INFO: [ app_begin ] --END-- [ RunTime:0.000661s ]
SQL: SHOW COLUMNS FROM `question` [ RunTime:0.0095s ]
SQL: SELECT `qid`,`title`,`answer_num` FROM `question` ORDER BY answer_num desc LIMIT 10   [ RunTime:0.0004s ]
SQL: SHOW COLUMNS FROM `user` [ RunTime:0.0087s ]
SQL: SELECT `face`,`nickname`,`uid`,`answer_num` FROM `user` ORDER BY answer_num desc LIMIT 12   [ RunTime:0.0004s ]
SQL: select t1.*,t2.nickname,t2.face,t3.cname  from question t1 inner join user t2 on t1.uid=t2.uid inner join category t3 on t1.cid=t3.cid where t1.top='1' [ RunTime:0.0006s ]
SQL: select t1.*,t2.nickname,t2.face,t3.cname  from question t1 inner join user t2 on t1.uid=t2.uid inner join category t3 on t1.cid=t3.cid where t1.top<>'1' order by create_time desc limit 6  [ RunTime:0.0008s ]
INFO: [ view_parse ] --START--
INFO: [ template_filter ] --START--
INFO: Run Behavior\ContentReplaceBehavior [ RunTime:0.000088s ]
INFO: [ template_filter ] --END-- [ RunTime:0.000188s ]
NOTIC: [8] Undefined index: uid D:\Program\www\GetName\bbs\App\Runtime\Cache\Home\00e52909bed743ea261af4b6823297ff.php 第 122 行.
NOTIC: [8] Use of undefined constant p - assumed 'p' D:\Program\www\GetName\bbs\App\Runtime\Cache\Home\00e52909bed743ea261af4b6823297ff.php 第 257 行.
INFO: Run Behavior\ParseTemplateBehavior [ RunTime:0.015281s ]
INFO: [ view_parse ] --END-- [ RunTime:0.015393s ]
INFO: [ view_filter ] --START--
INFO: Run Behavior\WriteHtmlCacheBehavior [ RunTime:0.000410s ]
INFO: [ view_filter ] --END-- [ RunTime:0.000526s ]
INFO: [ app_end ] --START--
INFO: Run Behavior\ShowPageTraceBehavior [ RunTime:0.000528s ]
INFO: [ app_end ] --END-- [ RunTime:0.000641s ]

