[ 2017-08-01T07:59:44+08:00 ] 127.0.0.1 /GetName/bbs/index.php/u/index/33
INFO: [ app_init ] --START--
INFO: Run Behavior\BuildLiteBehavior [ RunTime:0.000019s ]
INFO: [ app_init ] --END-- [ RunTime:0.000293s ]
ERR: 无法加载模块:U

[ 2017-08-01T07:59:51+08:00 ] 127.0.0.1 /GetName/bbs/index.php/u/index/id/33
INFO: [ app_init ] --START--
INFO: Run Behavior\BuildLiteBehavior [ RunTime:0.000020s ]
INFO: [ app_init ] --END-- [ RunTime:0.000315s ]
ERR: 无法加载模块:U

[ 2017-08-01T08:00:08+08:00 ] 127.0.0.1 /GetName/bbs/index.php/set/index/id/33
INFO: [ app_init ] --START--
INFO: Run Behavior\BuildLiteBehavior [ RunTime:0.000032s ]
INFO: [ app_init ] --END-- [ RunTime:0.000427s ]
ERR: 无法加载模块:Set

[ 2017-08-01T08:55:16+08:00 ] 127.0.0.1 /GetName/bbs/index.php/index/index/index
INFO: [ app_init ] --START--
INFO: Run Behavior\BuildLiteBehavior [ RunTime:0.000023s ]
INFO: [ app_init ] --END-- [ RunTime:0.000337s ]
ERR: 无法加载模块:Index

