[ 2017-09-01T18:11:11+08:00 ] 127.0.0.1 /GetName/bbs/index.php/admin/set/index.html
INFO: [ app_init ] --START--
INFO: Run Behavior\BuildLiteBehavior [ RunTime:0.000021s ]
INFO: [ app_init ] --END-- [ RunTime:0.000459s ]
INFO: [ app_begin ] --START--
INFO: Run Behavior\ReadHtmlCacheBehavior [ RunTime:0.000681s ]
INFO: [ app_begin ] --END-- [ RunTime:0.000789s ]
ERR: 无法加载控制器:Set

[ 2017-09-01T18:11:16+08:00 ] 127.0.0.1 /GetName/bbs/index.php/admin/
INFO: [ app_init ] --START--
INFO: Run Behavior\BuildLiteBehavior [ RunTime:0.000020s ]
INFO: [ app_init ] --END-- [ RunTime:0.000441s ]
INFO: [ app_begin ] --START--
INFO: Run Behavior\ReadHtmlCacheBehavior [ RunTime:0.000651s ]
INFO: [ app_begin ] --END-- [ RunTime:0.000759s ]
INFO: [ view_parse ] --START--
INFO: [ template_filter ] --START--
INFO: Run Behavior\ContentReplaceBehavior [ RunTime:0.000099s ]
INFO: [ template_filter ] --END-- [ RunTime:0.000216s ]
INFO: Run Behavior\ParseTemplateBehavior [ RunTime:0.086156s ]
INFO: [ view_parse ] --END-- [ RunTime:0.086267s ]
INFO: [ view_filter ] --START--
INFO: Run Behavior\WriteHtmlCacheBehavior [ RunTime:0.000515s ]
INFO: [ view_filter ] --END-- [ RunTime:0.000603s ]
INFO: [ app_end ] --START--
INFO: Run Behavior\ShowPageTraceBehavior [ RunTime:0.000935s ]
INFO: [ app_end ] --END-- [ RunTime:0.001070s ]

[ 2017-09-01T18:11:16+08:00 ] 127.0.0.1 /GetName/bbs/index.php/admin/index/welcome.html
INFO: [ app_init ] --START--
INFO: Run Behavior\BuildLiteBehavior [ RunTime:0.000039s ]
INFO: [ app_init ] --END-- [ RunTime:0.000711s ]
INFO: [ app_begin ] --START--
INFO: Run Behavior\ReadHtmlCacheBehavior [ RunTime:0.001043s ]
INFO: [ app_begin ] --END-- [ RunTime:0.001231s ]
INFO: [ view_parse ] --START--
INFO: [ template_filter ] --START--
INFO: Run Behavior\ContentReplaceBehavior [ RunTime:0.000114s ]
INFO: [ template_filter ] --END-- [ RunTime:0.000278s ]
INFO: Run Behavior\ParseTemplateBehavior [ RunTime:0.038676s ]
INFO: [ view_parse ] --END-- [ RunTime:0.038844s ]
INFO: [ view_filter ] --START--
INFO: Run Behavior\WriteHtmlCacheBehavior [ RunTime:0.000744s ]
INFO: [ view_filter ] --END-- [ RunTime:0.000887s ]
INFO: [ app_end ] --START--
INFO: Run Behavior\ShowPageTraceBehavior [ RunTime:0.001021s ]
INFO: [ app_end ] --END-- [ RunTime:0.001185s ]

[ 2017-09-01T18:11:20+08:00 ] 127.0.0.1 /GetName/bbs/index.php/admin/comment-list.html
INFO: [ app_init ] --START--
INFO: Run Behavior\BuildLiteBehavior [ RunTime:0.000027s ]
INFO: [ app_init ] --END-- [ RunTime:0.000593s ]
INFO: [ app_begin ] --START--
INFO: Run Behavior\ReadHtmlCacheBehavior [ RunTime:0.000739s ]
INFO: [ app_begin ] --END-- [ RunTime:0.000882s ]
ERR: 无法加载控制器:Comment-list

[ 2017-09-01T18:11:22+08:00 ] 127.0.0.1 /GetName/bbs/index.php/admin/question/category.html
INFO: [ app_init ] --START--
INFO: Run Behavior\BuildLiteBehavior [ RunTime:0.000025s ]
INFO: [ app_init ] --END-- [ RunTime:0.000531s ]
INFO: [ app_begin ] --START--
INFO: Run Behavior\ReadHtmlCacheBehavior [ RunTime:0.001532s ]
INFO: [ app_begin ] --END-- [ RunTime:0.001850s ]
INFO: [ view_parse ] --START--
INFO: [ template_filter ] --START--
INFO: Run Behavior\ContentReplaceBehavior [ RunTime:0.000078s ]
INFO: [ template_filter ] --END-- [ RunTime:0.000183s ]
INFO: Run Behavior\ParseTemplateBehavior [ RunTime:0.019958s ]
INFO: [ view_parse ] --END-- [ RunTime:0.020074s ]
INFO: [ view_filter ] --START--
INFO: Run Behavior\WriteHtmlCacheBehavior [ RunTime:0.000557s ]
INFO: [ view_filter ] --END-- [ RunTime:0.000655s ]
INFO: [ app_end ] --START--
INFO: Run Behavior\ShowPageTraceBehavior [ RunTime:0.000665s ]
INFO: [ app_end ] --END-- [ RunTime:0.000759s ]

[ 2017-09-01T18:11:25+08:00 ] 127.0.0.1 /GetName/bbs/index.php/admin/question/index.html
INFO: [ app_init ] --START--
INFO: Run Behavior\BuildLiteBehavior [ RunTime:0.000024s ]
INFO: [ app_init ] --END-- [ RunTime:0.000529s ]
INFO: [ app_begin ] --START--
INFO: Run Behavior\ReadHtmlCacheBehavior [ RunTime:0.000704s ]
INFO: [ app_begin ] --END-- [ RunTime:0.000815s ]
SQL: SHOW COLUMNS FROM `question` [ RunTime:0.0092s ]
SQL: SELECT * FROM `question`  [ RunTime:0.0016s ]
NOTIC: [8] Undefined variable: show D:\Program\www\GetName\bbs\App\Admin\Controller\QuestionController.class.php 第 42 行.
INFO: [ view_parse ] --START--
INFO: [ template_filter ] --START--
INFO: Run Behavior\ContentReplaceBehavior [ RunTime:0.000081s ]
INFO: [ template_filter ] --END-- [ RunTime:0.000178s ]
NOTIC: [8] Undefined index: start D:\Program\www\GetName\bbs\App\Runtime\Cache\Admin\78b218a5a6833ce72122edd87240e190.php 第 37 行.
NOTIC: [8] Undefined index: end D:\Program\www\GetName\bbs\App\Runtime\Cache\Admin\78b218a5a6833ce72122edd87240e190.php 第 40 行.
NOTIC: [8] Undefined index: title D:\Program\www\GetName\bbs\App\Runtime\Cache\Admin\78b218a5a6833ce72122edd87240e190.php 第 43 行.
NOTIC: [8] Undefined index: cname D:\Program\www\GetName\bbs\App\Runtime\Cache\Admin\78b218a5a6833ce72122edd87240e190.php 第 98 行.
NOTIC: [8] Undefined index: nickname D:\Program\www\GetName\bbs\App\Runtime\Cache\Admin\78b218a5a6833ce72122edd87240e190.php 第 101 行.
NOTIC: [8] Undefined index: cname D:\Program\www\GetName\bbs\App\Runtime\Cache\Admin\78b218a5a6833ce72122edd87240e190.php 第 98 行.
NOTIC: [8] Undefined index: nickname D:\Program\www\GetName\bbs\App\Runtime\Cache\Admin\78b218a5a6833ce72122edd87240e190.php 第 101 行.
NOTIC: [8] Undefined index: cname D:\Program\www\GetName\bbs\App\Runtime\Cache\Admin\78b218a5a6833ce72122edd87240e190.php 第 98 行.
NOTIC: [8] Undefined index: nickname D:\Program\www\GetName\bbs\App\Runtime\Cache\Admin\78b218a5a6833ce72122edd87240e190.php 第 101 行.
NOTIC: [8] Undefined index: cname D:\Program\www\GetName\bbs\App\Runtime\Cache\Admin\78b218a5a6833ce72122edd87240e190.php 第 98 行.
NOTIC: [8] Undefined index: nickname D:\Program\www\GetName\bbs\App\Runtime\Cache\Admin\78b218a5a6833ce72122edd87240e190.php 第 101 行.
NOTIC: [8] Undefined index: cname D:\Program\www\GetName\bbs\App\Runtime\Cache\Admin\78b218a5a6833ce72122edd87240e190.php 第 98 行.
NOTIC: [8] Undefined index: nickname D:\Program\www\GetName\bbs\App\Runtime\Cache\Admin\78b218a5a6833ce72122edd87240e190.php 第 101 行.
NOTIC: [8] Undefined index: cname D:\Program\www\GetName\bbs\App\Runtime\Cache\Admin\78b218a5a6833ce72122edd87240e190.php 第 98 行.
NOTIC: [8] Undefined index: nickname D:\Program\www\GetName\bbs\App\Runtime\Cache\Admin\78b218a5a6833ce72122edd87240e190.php 第 101 行.
NOTIC: [8] Undefined index: cname D:\Program\www\GetName\bbs\App\Runtime\Cache\Admin\78b218a5a6833ce72122edd87240e190.php 第 98 行.
NOTIC: [8] Undefined index: nickname D:\Program\www\GetName\bbs\App\Runtime\Cache\Admin\78b218a5a6833ce72122edd87240e190.php 第 101 行.
NOTIC: [8] Undefined index: cname D:\Program\www\GetName\bbs\App\Runtime\Cache\Admin\78b218a5a6833ce72122edd87240e190.php 第 98 行.
NOTIC: [8] Undefined index: nickname D:\Program\www\GetName\bbs\App\Runtime\Cache\Admin\78b218a5a6833ce72122edd87240e190.php 第 101 行.
NOTIC: [8] Undefined index: cname D:\Program\www\GetName\bbs\App\Runtime\Cache\Admin\78b218a5a6833ce72122edd87240e190.php 第 98 行.
NOTIC: [8] Undefined index: nickname D:\Program\www\GetName\bbs\App\Runtime\Cache\Admin\78b218a5a6833ce72122edd87240e190.php 第 101 行.
NOTIC: [8] Undefined index: cname D:\Program\www\GetName\bbs\App\Runtime\Cache\Admin\78b218a5a6833ce72122edd87240e190.php 第 98 行.
NOTIC: [8] Undefined index: nickname D:\Program\www\GetName\bbs\App\Runtime\Cache\Admin\78b218a5a6833ce72122edd87240e190.php 第 101 行.
NOTIC: [8] Undefined index: cname D:\Program\www\GetName\bbs\App\Runtime\Cache\Admin\78b218a5a6833ce72122edd87240e190.php 第 98 行.
NOTIC: [8] Undefined index: nickname D:\Program\www\GetName\bbs\App\Runtime\Cache\Admin\78b218a5a6833ce72122edd87240e190.php 第 101 行.
NOTIC: [8] Undefined index: cname D:\Program\www\GetName\bbs\App\Runtime\Cache\Admin\78b218a5a6833ce72122edd87240e190.php 第 98 行.
NOTIC: [8] Undefined index: nickname D:\Program\www\GetName\bbs\App\Runtime\Cache\Admin\78b218a5a6833ce72122edd87240e190.php 第 101 行.
NOTIC: [8] Undefined index: cname D:\Program\www\GetName\bbs\App\Runtime\Cache\Admin\78b218a5a6833ce72122edd87240e190.php 第 98 行.
NOTIC: [8] Undefined index: nickname D:\Program\www\GetName\bbs\App\Runtime\Cache\Admin\78b218a5a6833ce72122edd87240e190.php 第 101 行.
NOTIC: [8] Undefined index: cname D:\Program\www\GetName\bbs\App\Runtime\Cache\Admin\78b218a5a6833ce72122edd87240e190.php 第 98 行.
NOTIC: [8] Undefined index: nickname D:\Program\www\GetName\bbs\App\Runtime\Cache\Admin\78b218a5a6833ce72122edd87240e190.php 第 101 行.
INFO: Run Behavior\ParseTemplateBehavior [ RunTime:0.029112s ]
INFO: [ view_parse ] --END-- [ RunTime:0.029256s ]
INFO: [ view_filter ] --START--
INFO: Run Behavior\WriteHtmlCacheBehavior [ RunTime:0.000622s ]
INFO: [ view_filter ] --END-- [ RunTime:0.000714s ]
INFO: [ app_end ] --START--
INFO: Run Behavior\ShowPageTraceBehavior [ RunTime:0.000860s ]
INFO: [ app_end ] --END-- [ RunTime:0.000988s ]

