[ 2017-08-19T08:52:53+08:00 ] 127.0.0.1 /GetName/bbs/admin/index/index
INFO: [ app_init ] --START--
INFO: Run Behavior\BuildLiteBehavior [ RunTime:0.000022s ]
INFO: [ app_init ] --END-- [ RunTime:0.000369s ]
INFO: [ app_begin ] --START--
INFO: Run Behavior\ReadHtmlCacheBehavior [ RunTime:0.000452s ]
INFO: [ app_begin ] --END-- [ RunTime:0.000565s ]
INFO: [ view_parse ] --START--
INFO: [ template_filter ] --START--
INFO: Run Behavior\ContentReplaceBehavior [ RunTime:0.000195s ]
INFO: [ template_filter ] --END-- [ RunTime:0.000403s ]
INFO: Run Behavior\ParseTemplateBehavior [ RunTime:0.081077s ]
INFO: [ view_parse ] --END-- [ RunTime:0.081295s ]
INFO: [ view_filter ] --START--
INFO: Run Behavior\WriteHtmlCacheBehavior [ RunTime:0.000812s ]
INFO: [ view_filter ] --END-- [ RunTime:0.001056s ]
INFO: [ app_end ] --START--
INFO: Run Behavior\ShowPageTraceBehavior [ RunTime:0.001918s ]
INFO: [ app_end ] --END-- [ RunTime:0.002282s ]

[ 2017-08-19T08:52:53+08:00 ] 127.0.0.1 /GetName/bbs/index.php/admin/index/welcome.html
INFO: [ app_init ] --START--
INFO: Run Behavior\BuildLiteBehavior [ RunTime:0.000021s ]
INFO: [ app_init ] --END-- [ RunTime:0.000345s ]
INFO: [ app_begin ] --START--
INFO: Run Behavior\ReadHtmlCacheBehavior [ RunTime:0.000378s ]
INFO: [ app_begin ] --END-- [ RunTime:0.000476s ]
INFO: [ view_parse ] --START--
INFO: [ template_filter ] --START--
INFO: Run Behavior\ContentReplaceBehavior [ RunTime:0.000152s ]
INFO: [ template_filter ] --END-- [ RunTime:0.000366s ]
INFO: Run Behavior\ParseTemplateBehavior [ RunTime:0.081760s ]
INFO: [ view_parse ] --END-- [ RunTime:0.081948s ]
INFO: [ view_filter ] --START--
INFO: Run Behavior\WriteHtmlCacheBehavior [ RunTime:0.000581s ]
INFO: [ view_filter ] --END-- [ RunTime:0.000773s ]
INFO: [ app_end ] --START--
INFO: Run Behavior\ShowPageTraceBehavior [ RunTime:0.000877s ]
INFO: [ app_end ] --END-- [ RunTime:0.001077s ]

[ 2017-08-19T08:52:57+08:00 ] 127.0.0.1 /GetName/bbs/index.php/admin/question/index.html
INFO: [ app_init ] --START--
INFO: Run Behavior\BuildLiteBehavior [ RunTime:0.000033s ]
INFO: [ app_init ] --END-- [ RunTime:0.000490s ]
INFO: [ app_begin ] --START--
INFO: Run Behavior\ReadHtmlCacheBehavior [ RunTime:0.000384s ]
INFO: [ app_begin ] --END-- [ RunTime:0.000493s ]
SQL: SHOW COLUMNS FROM `question` [ RunTime:0.0082s ]
SQL: SELECT * FROM `question`  [ RunTime:0.0009s ]
NOTIC: [8] Undefined variable: show D:\Program\www\GetName\bbs\App\Admin\Controller\QuestionController.class.php 第 42 行.
INFO: [ view_parse ] --START--
INFO: [ template_filter ] --START--
INFO: Run Behavior\ContentReplaceBehavior [ RunTime:0.000082s ]
INFO: [ template_filter ] --END-- [ RunTime:0.000190s ]
NOTIC: [8] Undefined index: start D:\Program\www\GetName\bbs\App\Runtime\Cache\Admin\78b218a5a6833ce72122edd87240e190.php 第 37 行.
NOTIC: [8] Undefined index: end D:\Program\www\GetName\bbs\App\Runtime\Cache\Admin\78b218a5a6833ce72122edd87240e190.php 第 40 行.
NOTIC: [8] Undefined index: title D:\Program\www\GetName\bbs\App\Runtime\Cache\Admin\78b218a5a6833ce72122edd87240e190.php 第 43 行.
NOTIC: [8] Undefined index: cname D:\Program\www\GetName\bbs\App\Runtime\Cache\Admin\78b218a5a6833ce72122edd87240e190.php 第 98 行.
NOTIC: [8] Undefined index: nickname D:\Program\www\GetName\bbs\App\Runtime\Cache\Admin\78b218a5a6833ce72122edd87240e190.php 第 101 行.
NOTIC: [8] Undefined index: cname D:\Program\www\GetName\bbs\App\Runtime\Cache\Admin\78b218a5a6833ce72122edd87240e190.php 第 98 行.
NOTIC: [8] Undefined index: nickname D:\Program\www\GetName\bbs\App\Runtime\Cache\Admin\78b218a5a6833ce72122edd87240e190.php 第 101 行.
NOTIC: [8] Undefined index: cname D:\Program\www\GetName\bbs\App\Runtime\Cache\Admin\78b218a5a6833ce72122edd87240e190.php 第 98 行.
NOTIC: [8] Undefined index: nickname D:\Program\www\GetName\bbs\App\Runtime\Cache\Admin\78b218a5a6833ce72122edd87240e190.php 第 101 行.
NOTIC: [8] Undefined index: cname D:\Program\www\GetName\bbs\App\Runtime\Cache\Admin\78b218a5a6833ce72122edd87240e190.php 第 98 行.
NOTIC: [8] Undefined index: nickname D:\Program\www\GetName\bbs\App\Runtime\Cache\Admin\78b218a5a6833ce72122edd87240e190.php 第 101 行.
NOTIC: [8] Undefined index: cname D:\Program\www\GetName\bbs\App\Runtime\Cache\Admin\78b218a5a6833ce72122edd87240e190.php 第 98 行.
NOTIC: [8] Undefined index: nickname D:\Program\www\GetName\bbs\App\Runtime\Cache\Admin\78b218a5a6833ce72122edd87240e190.php 第 101 行.
NOTIC: [8] Undefined index: cname D:\Program\www\GetName\bbs\App\Runtime\Cache\Admin\78b218a5a6833ce72122edd87240e190.php 第 98 行.
NOTIC: [8] Undefined index: nickname D:\Program\www\GetName\bbs\App\Runtime\Cache\Admin\78b218a5a6833ce72122edd87240e190.php 第 101 行.
NOTIC: [8] Undefined index: cname D:\Program\www\GetName\bbs\App\Runtime\Cache\Admin\78b218a5a6833ce72122edd87240e190.php 第 98 行.
NOTIC: [8] Undefined index: nickname D:\Program\www\GetName\bbs\App\Runtime\Cache\Admin\78b218a5a6833ce72122edd87240e190.php 第 101 行.
NOTIC: [8] Undefined index: cname D:\Program\www\GetName\bbs\App\Runtime\Cache\Admin\78b218a5a6833ce72122edd87240e190.php 第 98 行.
NOTIC: [8] Undefined index: nickname D:\Program\www\GetName\bbs\App\Runtime\Cache\Admin\78b218a5a6833ce72122edd87240e190.php 第 101 行.
NOTIC: [8] Undefined index: cname D:\Program\www\GetName\bbs\App\Runtime\Cache\Admin\78b218a5a6833ce72122edd87240e190.php 第 98 行.
NOTIC: [8] Undefined index: nickname D:\Program\www\GetName\bbs\App\Runtime\Cache\Admin\78b218a5a6833ce72122edd87240e190.php 第 101 行.
NOTIC: [8] Undefined index: cname D:\Program\www\GetName\bbs\App\Runtime\Cache\Admin\78b218a5a6833ce72122edd87240e190.php 第 98 行.
NOTIC: [8] Undefined index: nickname D:\Program\www\GetName\bbs\App\Runtime\Cache\Admin\78b218a5a6833ce72122edd87240e190.php 第 101 行.
NOTIC: [8] Undefined index: cname D:\Program\www\GetName\bbs\App\Runtime\Cache\Admin\78b218a5a6833ce72122edd87240e190.php 第 98 行.
NOTIC: [8] Undefined index: nickname D:\Program\www\GetName\bbs\App\Runtime\Cache\Admin\78b218a5a6833ce72122edd87240e190.php 第 101 行.
NOTIC: [8] Undefined index: cname D:\Program\www\GetName\bbs\App\Runtime\Cache\Admin\78b218a5a6833ce72122edd87240e190.php 第 98 行.
NOTIC: [8] Undefined index: nickname D:\Program\www\GetName\bbs\App\Runtime\Cache\Admin\78b218a5a6833ce72122edd87240e190.php 第 101 行.
NOTIC: [8] Undefined index: cname D:\Program\www\GetName\bbs\App\Runtime\Cache\Admin\78b218a5a6833ce72122edd87240e190.php 第 98 行.
NOTIC: [8] Undefined index: nickname D:\Program\www\GetName\bbs\App\Runtime\Cache\Admin\78b218a5a6833ce72122edd87240e190.php 第 101 行.
INFO: Run Behavior\ParseTemplateBehavior [ RunTime:0.047896s ]
INFO: [ view_parse ] --END-- [ RunTime:0.048025s ]
INFO: [ view_filter ] --START--
INFO: Run Behavior\WriteHtmlCacheBehavior [ RunTime:0.000303s ]
INFO: [ view_filter ] --END-- [ RunTime:0.000390s ]
INFO: [ app_end ] --START--
INFO: Run Behavior\ShowPageTraceBehavior [ RunTime:0.000841s ]
INFO: [ app_end ] --END-- [ RunTime:0.001038s ]

