[ 2017-07-31T08:55:02+08:00 ] 127.0.0.1 /P201703/bbs/100
INFO: [ app_init ] --START--
INFO: Run Behavior\BuildLiteBehavior [ RunTime:0.000076s ]
INFO: [ app_init ] --END-- [ RunTime:0.001195s ]
ERR: 无法加载模块:100

[ 2017-07-31T11:39:14+08:00 ] 127.0.0.1 /P201703/bbs/Upload/2017-07-31/597ea660b86fb.jpg
INFO: [ app_init ] --START--
INFO: Run Behavior\BuildLiteBehavior [ RunTime:0.000075s ]
INFO: [ app_init ] --END-- [ RunTime:0.001685s ]
ERR: 无法加载模块:Upload

[ 2017-07-31T11:39:35+08:00 ] 127.0.0.1 /P201703/bbs/Upload/2017-07-31/597ea660b86fb.jpg
INFO: [ app_init ] --START--
INFO: Run Behavior\BuildLiteBehavior [ RunTime:0.000044s ]
INFO: [ app_init ] --END-- [ RunTime:0.001152s ]
ERR: 无法加载模块:Upload

[ 2017-07-31T11:40:10+08:00 ] 127.0.0.1 /P201703/bbs/Upload/2017-07-31/597ea660b86fb.jpg
INFO: [ app_init ] --START--
INFO: Run Behavior\BuildLiteBehavior [ RunTime:0.000082s ]
INFO: [ app_init ] --END-- [ RunTime:0.001390s ]
ERR: 无法加载模块:Upload

