[ 2017-07-28T10:48:56+08:00 ] 127.0.0.1 /P201703/bbs/images/fly/logo.png
INFO: [ app_init ] --START--
INFO: Run Behavior\BuildLiteBehavior [ RunTime:0.000042s ]
INFO: [ app_init ] --END-- [ RunTime:0.000811s ]
ERR: 无法加载模块:Images

[ 2017-07-28T10:48:56+08:00 ] 127.0.0.1 /P201703/bbs/images/fly/logo.png
INFO: [ app_init ] --START--
INFO: Run Behavior\BuildLiteBehavior [ RunTime:0.000057s ]
INFO: [ app_init ] --END-- [ RunTime:0.001151s ]
ERR: 无法加载模块:Images

[ 2017-07-28T10:49:03+08:00 ] 127.0.0.1 /P201703/bbs/images/fly/logo.png
INFO: [ app_init ] --START--
INFO: Run Behavior\BuildLiteBehavior [ RunTime:0.000074s ]
INFO: [ app_init ] --END-- [ RunTime:0.002061s ]
ERR: 无法加载模块:Images

[ 2017-07-28T10:49:03+08:00 ] 127.0.0.1 /P201703/bbs/images/fly/logo.png
INFO: [ app_init ] --START--
INFO: Run Behavior\BuildLiteBehavior [ RunTime:0.000041s ]
INFO: [ app_init ] --END-- [ RunTime:0.000688s ]
ERR: 无法加载模块:Images

[ 2017-07-28T10:49:03+08:00 ] 127.0.0.1 /P201703/bbs/images/fly/logo.png
INFO: [ app_init ] --START--
INFO: Run Behavior\BuildLiteBehavior [ RunTime:0.000082s ]
INFO: [ app_init ] --END-- [ RunTime:0.001080s ]
ERR: 无法加载模块:Images

[ 2017-07-28T10:49:03+08:00 ] 127.0.0.1 /P201703/bbs/images/fly/logo.png
INFO: [ app_init ] --START--
INFO: Run Behavior\BuildLiteBehavior [ RunTime:0.000043s ]
INFO: [ app_init ] --END-- [ RunTime:0.000691s ]
ERR: 无法加载模块:Images

[ 2017-07-28T10:49:04+08:00 ] 127.0.0.1 /P201703/bbs/images/fly/logo.png
INFO: [ app_init ] --START--
INFO: Run Behavior\BuildLiteBehavior [ RunTime:0.000047s ]
INFO: [ app_init ] --END-- [ RunTime:0.000969s ]
ERR: 无法加载模块:Images

[ 2017-07-28T10:49:04+08:00 ] 127.0.0.1 /P201703/bbs/images/fly/logo.png
INFO: [ app_init ] --START--
INFO: Run Behavior\BuildLiteBehavior [ RunTime:0.000048s ]
INFO: [ app_init ] --END-- [ RunTime:0.001198s ]
ERR: 无法加载模块:Images

[ 2017-07-28T10:49:36+08:00 ] 127.0.0.1 /P201703/bbs/images/fly/logo.png
INFO: [ app_init ] --START--
INFO: Run Behavior\BuildLiteBehavior [ RunTime:0.000043s ]
INFO: [ app_init ] --END-- [ RunTime:0.000695s ]
ERR: 无法加载模块:Images

